Fetching lake list for Lake County (ID=38)...
  Found 737 lakes.
  [1/737] Abinodji (DOW 38050700)
  [2/737] Acorn (DOW 38061800)
  [3/737] Adams (DOW 38015300)
  [4/737] Adventure (DOW 38051200)
  [5/737] Agamok (DOW 38001100)
  [6/737] Ahmakose (DOW 38036500)
  [7/737] Ahsub (DOW 38051600)
  [8/737] Alger (DOW 38005400)
  [9/737] Alice (DOW 38033000)
  [10/737] Alseth (DOW 38092200)
  [11/737] Alsike (DOW 38067200)
  [12/737] Alworth (DOW 38040100)
  [13/737] Amber (DOW 38033600)
  [14/737] Amberger (DOW 38064600)
  [15/737] Amimi (DOW 38013000)
  [16/737] Amoeber (DOW 38022700)
  [17/737] Andek (DOW 38030500)
  [18/737] Anit (DOW 38015700)
  [19/737] Annie (DOW 38019500)
  [20/737] Arkose (DOW 38038200)
  [21/737] Arrow - 1 (DOW 38030300)
  [22/737] Arrow - 2 (DOW 38030400)
  [23/737] Arrow - 3 (DOW 38031000)
  [24/737] Art (DOW 38093000)
  [25/737] Artifact (DOW 38093400)
  [26/737] Artlip (DOW 38002100)
  [27/737] Ashdick (DOW 38021000)
  [28/737] Ashigan (DOW 38050200)
  [29/737] Assawan (DOW 38034400)
  [30/737] Astray (DOW 38072300)
  [31/737] August (DOW 38069100)
  [32/737] Azion (DOW 38078700)
  [33/737] Azure (DOW 38031400)
  [34/737] Bag (DOW 38007700)
  [35/737] Baird (DOW 38069400)
  [36/737] Bakekana (DOW 38022400)
  [37/737] Bald Eagle (DOW 38063700)
  [38/737] Balmy (DOW 38036300)
  [39/737] Balsam (DOW 38024500)
  [40/737] Baltic (DOW 38016700)
  [41/737] Bandana (DOW 38056500)
  [42/737] Barter (DOW 38019700)
  [43/737] Baskatong (DOW 38007300)
  [44/737] Basswood (DOW 38064500)
  [45/737] Basswood (Canada) (DOW 38064500)
  [46/737] Beam (DOW 38047000)
  [47/737] Bean (DOW 38040900)
  [48/737] Bear (DOW 38040800)
  [49/737] Bear (DOW 38040500)
  [50/737] Beaver (DOW 38022300)
  [51/737] Beaver Hut (DOW 38073700)
  [52/737] Becoosin (DOW 38047200)
  [53/737] Bedford (DOW 38035700)
  [54/737] Beetle (DOW 38055100)
  [55/737] Ben (DOW 38093300)
  [56/737] Benezie (DOW 38047300)
  [57/737] Benson (DOW 38001800)
  [58/737] Besho (DOW 38004000)
  [59/737] Bewon (DOW 38013500)
  [60/737] Bill (DOW 38008500)
  [61/737] Bine (DOW 38043700)
  [62/737] Birch (DOW 38053200)
  [63/737] Birch (Canada) (DOW 38053200)
  [64/737] Birl (DOW 38014400)
  [65/737] Black (DOW 38074300)
  [66/737] Blesener (DOW 38001700)
  [67/737] Blinker (DOW 38047900)
  [68/737] Blissfull (DOW 38032500)
  [69/737] Bluebill (DOW 38026100)
  [70/737] Blue Jay (DOW 38010300)
  [71/737] Blue Wing (DOW 38000500)
  [72/737] Bog (DOW 38044300)
  [73/737] Boga (DOW 38031500)
  [74/737] Bogberry (DOW 38069900)
  [75/737] Bonanza (DOW 38002500)
  [76/737] Bone (DOW 38006500)
  [77/737] Bonga (DOW 38076200)
  [78/737] Bonnie (DOW 38039000)
  [79/737] Boot (DOW 38050300)
  [80/737] Boulder (DOW 38014000)
  [81/737] Bow (DOW 38032400)
  [82/737] Bowstring (DOW 38009700)
  [83/737] Boze (DOW 38009500)
  [84/737] Brewis (DOW 38058700)
  [85/737] Briar (DOW 38007100)
  [86/737] Briddle (DOW 38045100)
  [87/737] Bright (DOW 38079000)
  [88/737] Browns (DOW 38078000)
  [89/737] Bruin (DOW 38070200)
  [90/737] Brunch (DOW 38048600)
  [91/737] Brush (DOW 38044400)
  [92/737] Bugo (DOW 38022200)
  [93/737] Bullet (DOW 38081500)
  [94/737] Bullfrog (DOW 38016500)
  [95/737] Bullrush (DOW 38037800)
  [96/737] Bunny (DOW 38029300)
  [97/737] Bushel (DOW 38043300)
  [98/737] Bushman (DOW 38019200)
  [99/737] Bushwah (DOW 38020200)
  [100/737] Butterfly (DOW 38057500)
  [101/737] Byron (DOW 38043800)
  [102/737] Cabin (DOW 38026000)
  [103/737] Cacabic (DOW 38032900)
  [104/737] Cache (DOW 38047700)
  [105/737] Calamity (DOW 38030900)
  [106/737] Calico (DOW 38019600)
  [107/737] Camdre (DOW 38058300)
  [108/737] Camp (DOW 38078900)
  [109/737] Campers (DOW 38067900)
  [110/737] Campfire (DOW 38059700)
  [111/737] Canal (DOW 38005702)
  [112/737] Canoe (DOW 38017300)
  [113/737] Canta (DOW 38018100)
  [114/737] Cap (DOW 38013700)
  [115/737] Capote (DOW 38011200)
  [116/737] Carefree (DOW 38061100)
  [117/737] Cargo (DOW 38059400)
  [118/737] Carol (DOW 38034000)
  [119/737] Carp (DOW 38052100)
  [120/737] Carp (Canada) (DOW 38052100)
  [121/737] Cat (DOW 38055600)
  [122/737] Cat Eyes (DOW 38008300)
  [123/737] Cattyman (DOW 38051000)
  [124/737] Caveman (DOW 38009300)
  [125/737] Cedar (DOW 38081000)
  [126/737] Chaco (DOW 38021300)
  [127/737] Charity (DOW 38005500)
  [128/737] Cherry (DOW 38016600)
  [129/737] Chickadee (DOW 38022100)
  [130/737] Chipmunk (DOW 38066900)
  [131/737] Chippewa (DOW 38080900)
  [132/737] Chow (DOW 38077000)
  [133/737] Christianson (DOW 38075000)
  [134/737] Circle (DOW 38079300)
  [135/737] Clam (DOW 38017500)
  [136/737] Clark (DOW 38064700)
  [137/737] Clear (DOW 38072200)
  [138/737] Clearwater (DOW 38063800)
  [139/737] Clevise (DOW 38030200)
  [140/737] Climax (DOW 38060900)
  [141/737] Climber (DOW 38069500)
  [142/737] Cloquet (DOW 38053900)
  [143/737] Club (DOW 38033100)
  [144/737] Coffee (DOW 38006400)
  [145/737] Comfort (DOW 38029000)
  [146/737] Conchu (DOW 38072000)
  [147/737] Conic (DOW 38017000)
  [148/737] Continental (DOW 38076500)
  [149/737] Cook (DOW 38000400)
  [150/737] Cook County (DOW 38001000)
  [151/737] Cookoosh (DOW 38012800)
  [152/737] Coon (DOW 38046900)
  [153/737] Coot (DOW 38087600)
  [154/737] Cortes (DOW 38070000)
  [155/737] Cougar (DOW 38076700)
  [156/737] Cowan (DOW 38015500)
  [157/737] Cramer (DOW 38001400)
  [158/737] Cramer Homestead (DOW 38024600)
  [159/737] Crest (DOW 38075700)
  [160/737] Crocket (DOW 38077700)
  [161/737] Crooked (DOW 38081700)
  [162/737] Crooked (DOW 38002400)
  [163/737] Crooked (Canada) (DOW 38081700)
  [164/737] Crooked (East Bay) (DOW 38002401)
  [165/737] Crooked (West Bay) (DOW 38002402)
  [166/737] Crosscut (DOW 38025700)
  [167/737] Cross River (DOW 38000200)
  [168/737] Crown (DOW 38041900)
  [169/737] Culkin (DOW 38076400)
  [170/737] Cup (DOW 38017700)
  [171/737] Dam Five (DOW 38005300)
  [172/737] Dan (DOW 38085300)
  [173/737] Darlet (DOW 38013300)
  [174/737] Deep (DOW 38066800)
  [175/737] Defly (DOW 38093600)
  [176/737] Delay (DOW 38041500)
  [177/737] Delta (DOW 38052700)
  [178/737] Denley (DOW 38077300)
  [179/737] Diana (DOW 38045900)
  [180/737] Dime (DOW 38092100)
  [181/737] Dipper (DOW 38038700)
  [182/737] Disappointment (DOW 38048800)
  [183/737] Discovery (DOW 38060200)
  [184/737] Divide (DOW 38025600)
  [185/737] Dix (DOW 38039100)
  [186/737] Doghouse (DOW 38093200)
  [187/737] Don's (DOW 38093100)
  [188/737] Douse (DOW 38037900)
  [189/737] Doyle (DOW 38024900)
  [190/737] Drag (DOW 38048500)
  [191/737] Dragon (DOW 38055200)
  [192/737] Drake (DOW 38092300)
  [193/737] Driller (DOW 38065200)
  [194/737] Drumstick (DOW 38047100)
  [195/737] Dumbbell (DOW 38039300)
  [196/737] Dumbbell (DOW 38027000)
  [197/737] Dunnigan (DOW 38066400)
  [198/737] Dutton (DOW 38017100)
  [199/737] East (DOW 38002000)
  [200/737] East Chub (DOW 38067400)
  [201/737] Echo (DOW 38002800)
  [202/737] Eddy (DOW 38018700)
  [203/737] Edge (DOW 38000600)
  [204/737] Edward (DOW 38057600)
  [205/737] Egge (DOW 38024400)
  [206/737] Eighteen (DOW 38043200)
  [207/737] Eikala (DOW 38067700)
  [208/737] Elixir (DOW 38021800)
  [209/737] Elk (DOW 38036200)
  [210/737] Ella Hall (DOW 38072700)
  [211/737] Ellen (DOW 38043600)
  [212/737] Elton (DOW 38012600)
  [213/737] Embla (DOW 38021500)
  [214/737] Ennis Portage Pond (DOW 38094400)
  [215/737] Ensign (DOW 38049800)
  [216/737] Eskwagama (DOW 38070700)
  [217/737] Ester (DOW 38020700)
  [218/737] Ethel Pond (DOW 38094600)
  [219/737] Explorer (DOW 38039900)
  [220/737] Fable (DOW 38010700)
  [221/737] Faith (DOW 38016000)
  [222/737] Fall (DOW 38081100)
  [223/737] Fallen Arch (DOW 38046100)
  [224/737] Fantail (DOW 38010000)
  [225/737] Farm (DOW 38077900)
  [226/737] Fast (DOW 38047600)
  [227/737] Fee (DOW 38013200)
  [228/737] Ferman (DOW 38054500)
  [229/737] Ferne (DOW 38031100)
  [230/737] Finn Pond (DOW 38042700)
  [231/737] Fintch (DOW 38062700)
  [232/737] Fire (DOW 38048300)
  [233/737] Fish (DOW 38016100)
  [234/737] Fishdance (DOW 38034300)
  [235/737] Fisher (DOW 38032200)
  [236/737] Fishfry (DOW 38057200)
  [237/737] Fish Fry (DOW 38057100)
  [238/737] Fishtrap (DOW 38054700)
  [239/737] Flapper (DOW 38046400)
  [240/737] Flash (DOW 38063000)
  [241/737] Flat Horn (DOW 38056800)
  [242/737] Folly (DOW 38026500)
  [243/737] Fool Hen (DOW 38006200)
  [244/737] Fools (DOW 38076100)
  [245/737] Found (DOW 38062000)
  [246/737] Four (DOW 38052800)
  [247/737] Fourth McDougal (DOW 38065700)
  [248/737] Fourtown (DOW 38081300)
  [249/737] Fran (DOW 38077100)
  [250/737] Frank (DOW 38042800)
  [251/737] Fraser (DOW 38037200)
  [252/737] Frog (DOW 38052000)
  [253/737] Frond (DOW 38009400)
  [254/737] Fry (DOW 38041100)
  [255/737] Fulton (DOW 38005600)
  [256/737] Fungus (DOW 38031200)
  [257/737] Gabbro (DOW 38070100)
  [258/737] Gander (DOW 38055400)
  [259/737] Garden (DOW 38078200)
  [260/737] Gegoka (DOW 38057300)
  [261/737] Gem (DOW 38060300)
  [262/737] Gerund (DOW 38036600)
  [263/737] Gesend Pond (DOW 38068900)
  [264/737] Gibson (DOW 38050800)
  [265/737] Gift (DOW 38016200)
  [266/737] Gijikiki (DOW 38020900)
  [267/737] Glacier Pond 1 (DOW 38071201)
  [268/737] Glacier Pond 2 (DOW 38071202)
  [269/737] Gobetween (DOW 38008400)
  [270/737] Gogie (DOW 38034700)
  [271/737] Goldeneye (DOW 38002900)
  [272/737] Good (DOW 38072600)
  [273/737] Grade Pond (DOW 38091900)
  [274/737] Granite (DOW 38093700)
  [275/737] Grass (DOW 38063500)
  [276/737] Greenstone (DOW 38071800)
  [277/737] Green Wing (DOW 38026400)
  [278/737] Greenwood (DOW 38065600)
  [279/737] Griddle (DOW 38062900)
  [280/737] Grouse (DOW 38055700)
  [281/737] Grub (DOW 38050400)
  [282/737] Grubstake (DOW 38035600)
  [283/737] Gull (DOW 38059000)
  [284/737] Gunsten (DOW 38066700)
  [285/737] Gypo (DOW 38079800)
  [286/737] Gypsy (DOW 38066500)
  [287/737] Hack (DOW 38014500)
  [288/737] Ham (DOW 38033900)
  [289/737] Hansen Pond (DOW 38095100)
  [290/737] Hanson (DOW 38023800)
  [291/737] Hanson (DOW 38020600)
  [292/737] Harbor (DOW 38052500)
  [293/737] Hare (DOW 38002600)
  [294/737] Harica (DOW 38031600)
  [295/737] Harmony (DOW 38037700)
  [296/737] Harriet (DOW 38004800)
  [297/737] Harris (DOW 38073600)
  [298/737] Harry (DOW 38093800)
  [299/737] Hatchet (DOW 38036900)
  [300/737] Haven (DOW 38050500)
  [301/737] Hawks Nest (DOW 38085500)
  [302/737] Hazel (DOW 38006900)
  [303/737] Heart (DOW 38069200)
  [304/737] Heinz-Meschbach F Pond (DOW 38095000)
  [305/737] Helen (DOW 38044800)
  [306/737] Hide (DOW 38092500)
  [307/737] Hide (DOW 38055300)
  [308/737] Highland (DOW 38075300)
  [309/737] Highlife (DOW 38067300)
  [310/737] Hjalmer (DOW 38075800)
  [311/737] Hoe (DOW 38014300)
  [312/737] Hogback (DOW 38005701)
  [313/737] Hogback (DOW 38005700)
  [314/737] Hoist (DOW 38025100)
  [315/737] Holiday (DOW 38058200)
  [316/737] Holt (DOW 38017800)
  [317/737] Homestead (DOW 38026900)
  [318/737] Hood (DOW 38048000)
  [319/737] Hope (DOW 38031900)
  [320/737] Horse (DOW 38079200)
  [321/737] Horsefish (DOW 38012100)
  [322/737] Horseshoe (DOW 38058000)
  [323/737] Hotfoot (DOW 38014900)
  [324/737] Hube (DOW 38080300)
  [325/737] Hudson (DOW 38048400)
  [326/737] Hula (DOW 38072800)
  [327/737] Hump (DOW 38045600)
  [328/737] Humpback (DOW 38015600)
  [329/737] Hush (DOW 38045400)
  [330/737] Ima (DOW 38040000)
  [331/737] Image (DOW 38012200)
  [332/737] Incus (DOW 38012700)
  [333/737] Indiana (DOW 38072500)
  [334/737] Inga (DOW 38054900)
  [335/737] Insula (DOW 38039700)
  [336/737] Isabella (DOW 38039600)
  [337/737] Island River (DOW 38028900)
  [338/737] Island River (DOW 38084200)
  [339/737] Jack (DOW 38044100)
  [340/737] Jackfish (DOW 38079400)
  [341/737] Jackpot (DOW 38077200)
  [342/737] Jasper (DOW 38064100)
  [343/737] Jenny (DOW 38019400)
  [344/737] Jenny (East Bay) (DOW 38019402)
  [345/737] Jenny (West Bay) (DOW 38019401)
  [346/737] Jerky (DOW 38084900)
  [347/737] Jewell (DOW 38071600)
  [348/737] Jitterbug (DOW 38050900)
  [349/737] John (DOW 38057400)
  [350/737] John Ek (DOW 38000800)
  [351/737] Johnson (DOW 38024200)
  [352/737] Jordan (DOW 38051100)
  [353/737] Jouppi (DOW 38090900)
  [354/737] Jug (DOW 38014100)
  [355/737] Juggler (DOW 38062100)
  [356/737] Jump (DOW 38088700)
  [357/737] Jupiter (DOW 38029900)
  [358/737] Jut (DOW 38047500)
  [359/737] Kaapoo (DOW 38032700)
  [360/737] Kale (DOW 38017900)
  [361/737] Kallio (DOW 38014600)
  [362/737] Kamimela (DOW 38071700)
  [363/737] Kane (DOW 38065100)
  [364/737] Kangas (DOW 38024100)
  [365/737] Kari (DOW 38054100)
  [366/737] Katherine (DOW 38053800)
  [367/737] Katydid (DOW 38027200)
  [368/737] Kawasachong (DOW 38007000)
  [369/737] Kawishiwi (DOW 38008000)
  [370/737] Kayoskh (DOW 38058500)
  [371/737] Kek (DOW 38022800)
  [372/737] Kekekabic (DOW 38022600)
  [373/737] Kekekabic Pond 1 (DOW 38018801)
  [374/737] Kekekabic Pond 2 (DOW 38018802)
  [375/737] Kekekabic Pond 3 (DOW 38018803)
  [376/737] Kempton (DOW 38074000)
  [377/737] Kennedy (DOW 38024300)
  [378/737] Kettle (DOW 38039200)
  [379/737] Kiana (DOW 38033400)
  [380/737] Kickshaw (DOW 38010600)
  [381/737] Kitigan (DOW 38055900)
  [382/737] Kivandeba (DOW 38015800)
  [383/737] Kivaniva (DOW 38010800)
  [384/737] Knife (DOW 38040400)
  [385/737] Knife (Canada) (DOW 38040400)
  [386/737] Kobe (DOW 38051500)
  [387/737] Koma (DOW 38009800)
  [388/737] Kowalski (DOW 38001600)
  [389/737] Labrador Pond (DOW 38083800)
  [390/737] Lake of the Clouds (DOW 38016900)
  [391/737] Langley (DOW 38064800)
  [392/737] Lark (DOW 38072100)
  [393/737] Lax (DOW 38040600)
  [394/737] Leatherleaf (DOW 38083700)
  [395/737] Ledge (DOW 38013400)
  [396/737] Leg (DOW 38012300)
  [397/737] Legler (DOW 38064900)
  [398/737] Lena (DOW 38042400)
  [399/737] Leskinen (DOW 38024000)
  [400/737] Lethe (DOW 38034800)
  [401/737] Lillian (DOW 38054200)
  [402/737] Link (DOW 38016300)
  [403/737] Little Bear (DOW 38057700)
  [404/737] Little Gabbro (DOW 38070300)
  [405/737] Little Knife (DOW 38022900)
  [406/737] Little Knife (Canada) (DOW 38022900)
  [407/737] Little Spring (DOW 38083900)
  [408/737] Little Wampus (DOW 38068400)
  [409/737] Little Wilson (DOW 38005100)
  [410/737] Lobo (DOW 38076600)
  [411/737] Lois (DOW 38039400)
  [412/737] Loki (DOW 38020100)
  [413/737] Long (DOW 38074800)
  [414/737] Lookout (DOW 38025000)
  [415/737] Lost (DOW 38000300)
  [416/737] Lounge (DOW 38012000)
  [417/737] Lunar (DOW 38016800)
  [418/737] Lunch (DOW 38044700)
  [419/737] Lupus (DOW 38003800)
  [420/737] Luster (DOW 38068200)
  [421/737] Madden (DOW 38070900)
  [422/737] Magnet (DOW 38051400)
  [423/737] Maingan (DOW 38079600)
  [424/737] Majava (DOW 38057900)
  [425/737] Makwa (DOW 38014700)
  [426/737] Malberg (DOW 38009000)
  [427/737] Maniwaki (DOW 38030000)
  [428/737] Manomin (DOW 38061600)
  [429/737] Marathon (DOW 38046000)
  [430/737] Marble (DOW 38010900)
  [431/737] Marble (DOW 38065000)
  [432/737] Medas (DOW 38040300)
  [433/737] Median (DOW 38012500)
  [434/737] Melon (DOW 38052200)
  [435/737] Melon (Canada) (DOW 38052200)
  [436/737] Meme (DOW 38003000)
  [437/737] Memegwesi (DOW 38044000)
  [438/737] Micmac (DOW 38023300)
  [439/737] Midas (DOW 38016400)
  [440/737] Middle McDougal (DOW 38065800)
  [441/737] Minerva (DOW 38035400)
  [442/737] Mirror (DOW 38058900)
  [443/737] Mirth (DOW 38010200)
  [444/737] Missionary (DOW 38039800)
  [445/737] Mist (DOW 38020800)
  [446/737] Mitawan (DOW 38056100)
  [447/737] Moccasin (DOW 38068000)
  [448/737] Moiyaka (DOW 38040200)
  [449/737] Moose (DOW 38003600)
  [450/737] Moose (DOW 38064400)
  [451/737] Moosecamp (DOW 38081600)
  [452/737] Morris (DOW 38002700)
  [453/737] Mosquito (DOW 38036700)
  [454/737] Mound (DOW 38005900)
  [455/737] Mud (DOW 38074200)
  [456/737] Mueller (DOW 38019300)
  [457/737] Mugwump (DOW 38011400)
  [458/737] Murphy (DOW 38075400)
  [459/737] Museum (DOW 38047800)
  [460/737] Muskeg (DOW 38078800)
  [461/737] Muskrat (DOW 38037600)
  [462/737] Muzzle (DOW 38051900)
  [463/737] My (DOW 38011600)
  [464/737] Myth (DOW 38059800)
  [465/737] Nabek (DOW 38018200)
  [466/737] Nave (DOW 38018300)
  [467/737] Nawakwa (DOW 38020500)
  [468/737] Neglige (DOW 38049200)
  [469/737] Newfound (DOW 38061900)
  [470/737] Newton (DOW 38078400)
  [471/737] Nicado (DOW 38023000)
  [472/737] Nickel (DOW 38070500)
  [473/737] Niki (DOW 38081400)
  [474/737] Nine A.M. (DOW 38044500)
  [475/737] Ninemile (DOW 38003300)
  [476/737] Nipisiquit (DOW 38023200)
  [477/737] North Branch Kawishiwi (DOW 38073800)
  [478/737] North Lark (DOW 38072101)
  [479/737] North McDougal (DOW 38068600)
  [480/737] North Wilder (DOW 38045200)
  [481/737] Norway (DOW 38068800)
  [482/737] No-see-um (DOW 38080200)
  [483/737] Odeima (DOW 38092600)
  [484/737] Ogishkemuncie (DOW 38018000)
  [485/737] Ojibway (DOW 38064000)
  [486/737] Omaday (DOW 38070600)
  [487/737] One (DOW 38060500)
  [488/737] Orchid (DOW 38028200)
  [489/737] Organ (DOW 38006700)
  [490/737] Osier (DOW 38042000)
  [491/737] Ottertrack (DOW 38021100)
  [492/737] Ottertrack (Canada) (DOW 38021100)
  [493/737] Outlaw (DOW 38004300)
  [494/737] Ova (DOW 38055500)
  [495/737] Paccini (DOW 38003700)
  [496/737] Pace (DOW 38012900)
  [497/737] Paco (DOW 38019000)
  [498/737] Pagami (DOW 38063900)
  [499/737] Pakwene (DOW 38079700)
  [500/737] Pan (DOW 38015100)
  [501/737] Pangi (DOW 38059100)
  [502/737] Panhandle (DOW 38015000)
  [503/737] Papoose (DOW 38081800)
  [504/737] Parent (DOW 38052600)
  [505/737] Path (DOW 38058800)
  [506/737] Pear (DOW 38020000)
  [507/737] Pearl (DOW 38001900)
  [508/737] Pea Soup (DOW 38073900)
  [509/737] Peavey (DOW 38025200)
  [510/737] Pelt (DOW 38046300)
  [511/737] Perdu (DOW 38049600)
  [512/737] Perent (DOW 38022000)
  [513/737] Peron (DOW 38014800)
  [514/737] Phantom (DOW 38065300)
  [515/737] Phospor (DOW 38059200)
  [516/737] Pickerel (DOW 38074100)
  [517/737] Pickle (DOW 38038900)
  [518/737] Pietro (DOW 38058400)
  [519/737] Pike (DOW 38067000)
  [520/737] Pioneer (DOW 38045700)
  [521/737] Pitcha (DOW 38067600)
  [522/737] Pitfall (DOW 38017600)
  [523/737] Placid (DOW 38027900)
  [524/737] Planted (DOW 38056400)
  [525/737] Plum (DOW 38027300)
  [526/737] Plume (DOW 38021200)
  [527/737] Polly (DOW 38010400)
  [528/737] Pompous (DOW 38029800)
  [529/737] Pond B (DOW 38092700)
  [530/737] Porridge (DOW 38014200)
  [531/737] Portage (DOW 38052400)
  [532/737] Pose (DOW 38045500)
  [533/737] Pouch (DOW 38011000)
  [534/737] Powwow (DOW 38030800)
  [535/737] Promise (DOW 38032000)
  [536/737] Puffer (DOW 38034500)
  [537/737] Quadga (DOW 38059600)
  [538/737] Quartz (DOW 38048100)
  [539/737] Rabbit (DOW 38021400)
  [540/737] Rail (DOW 38008900)
  [541/737] Railroad (DOW 38065500)
  [542/737] Range (DOW 38081200)
  [543/737] Rapture (DOW 38012400)
  [544/737] Rat (DOW 38056700)
  [545/737] Raven (DOW 38011300)
  [546/737] Recline (DOW 38033500)
  [547/737] Record (DOW 38009900)
  [548/737] Red Dot (DOW 38094700)
  [549/737] Redface (DOW 38035300)
  [550/737] Redfin (DOW 38036400)
  [551/737] Red Pine (DOW 38094100)
  [552/737] Redstart (DOW 38008700)
  [553/737] Reflection (DOW 38036800)
  [554/737] Refuge Pond (DOW 38071300)
  [555/737] Rice (DOW 38046500)
  [556/737] Riddle (DOW 38013800)
  [557/737] Ridgepole (DOW 38075900)
  [558/737] Rifle (DOW 38061000)
  [559/737] River (DOW 38033800)
  [560/737] Robin (DOW 38066100)
  [561/737] Rock Island (DOW 38061300)
  [562/737] Rock of Ages (DOW 38058600)
  [563/737] Roe (DOW 38013900)
  [564/737] Rookie (DOW 38071000)
  [565/737] Rota (DOW 38054300)
  [566/737] Round Island (DOW 38041700)
  [567/737] Sable (DOW 38046800)
  [568/737] Saddle (DOW 38008800)
  [569/737] Sagus (DOW 38022500)
  [570/737] Sand (DOW 38073500)
  [571/737] Sandpit (DOW 38078600)
  [572/737] Sapphire (DOW 38044600)
  [573/737] Saukko (DOW 38059900)
  [574/737] Sauna (DOW 38079500)
  [575/737] Sawmill (DOW 38074600)
  [576/737] Scanlon (DOW 38026700)
  [577/737] Scarp (DOW 38005800)
  [578/737] Scotch (DOW 38009200)
  [579/737] Scott (DOW 38027100)
  [580/737] Screamer (DOW 38034900)
  [581/737] Section 29 (DOW 38029200)
  [582/737] Section Eight (DOW 38025800)
  [583/737] Section Sixteen (DOW 38080100)
  [584/737] Section Twelve (DOW 38071400)
  [585/737] Sedative (DOW 38035900)
  [586/737] Seed (DOW 38052300)
  [587/737] Seed (Canada) (DOW 38052300)
  [588/737] Sema (DOW 38038600)
  [589/737] Shallow (DOW 38048900)
  [590/737] Shamrock (DOW 38068700)
  [591/737] Shepo (DOW 38037300)
  [592/737] Shoepack (DOW 38002300)
  [593/737] Shoofly (DOW 38042200)
  [594/737] Short (DOW 38007500)
  [595/737] Shoveller (DOW 38087500)
  [596/737] Silver Island (DOW 38021900)
  [597/737] Sink (DOW 38054000)
  [598/737] Siren (DOW 38011900)
  [599/737] Sister (DOW 38005000)
  [600/737] Skindance (DOW 38019100)
  [601/737] Skoota (DOW 38038100)
  [602/737] Skull (DOW 38062400)
  [603/737] Slade (DOW 38090000)
  [604/737] Slate (DOW 38066600)
  [605/737] Slowfoot (DOW 38048200)
  [606/737] Slumber (DOW 38073200)
  [607/737] Small (DOW 38028100)
  [608/737] Smite (DOW 38037500)
  [609/737] Snatch (DOW 38037000)
  [610/737] Snowbank (DOW 38052900)
  [611/737] Snusbox (DOW 38029700)
  [612/737] Solitude (DOW 38050000)
  [613/737] Sonju (DOW 38024800)
  [614/737] Soup (DOW 38041300)
  [615/737] Source (DOW 38065400)
  [616/737] Sourdough (DOW 38070800)
  [617/737] South Farm (DOW 38077800)
  [618/737] South Hope (DOW 38030100)
  [619/737] South McDougal (DOW 38065900)
  [620/737] South Wigwam (DOW 38000100)
  [621/737] South Wilder (DOW 38045300)
  [622/737] Sova (DOW 38008600)
  [623/737] Spear (DOW 38042900)
  [624/737] Sphagnum (DOW 38057800)
  [625/737] Spice (DOW 38018900)
  [626/737] Spider (DOW 38038000)
  [627/737] Spigot (DOW 38049700)
  [628/737] Spinnan (DOW 38058100)
  [629/737] Splash (DOW 38053100)
  [630/737] Spoon (DOW 38038800)
  [631/737] Spree (DOW 38062300)
  [632/737] Sprig (DOW 38011800)
  [633/737] Spruce (DOW 38054400)
  [634/737] Spur (DOW 38025900)
  [635/737] Square (DOW 38007400)
  [636/737] Starlight (DOW 38047400)
  [637/737] Starling (DOW 38069700)
  [638/737] Steamhaul (DOW 38057000)
  [639/737] Steer (DOW 38092000)
  [640/737] Sterno (DOW 38094200)
  [641/737] Stewart (DOW 38074400)
  [642/737] Stony (DOW 38066000)
  [643/737] Stringer (DOW 38007600)
  [644/737] Struggle (DOW 38033200)
  [645/737] Strup (DOW 38036000)
  [646/737] Stub (DOW 38078100)
  [647/737] Sucker (DOW 38053000)
  [648/737] Sucker (Canada) (DOW 38053000)
  [649/737] Sullivan (DOW 38075500)
  [650/737] Sumpet (DOW 38028300)
  [651/737] Sundown (DOW 38008200)
  [652/737] Superstition (DOW 38059300)
  [653/737] Surprise (DOW 38055000)
  [654/737] Swamp (DOW 38001200)
  [655/737] Swamp (DOW 38028500)
  [656/737] Swamp (Canada) (DOW 38001200)
  [657/737] Swing (DOW 38050600)
  [658/737] Sylvania (DOW 38039500)
  [659/737] T (DOW 38006600)
  [660/737] Tanner (DOW 38025500)
  [661/737] Teamster (DOW 38092800)
  [662/737] Termulo (DOW 38046600)
  [663/737] Tetagouche (DOW 38023100)
  [664/737] Thermal (DOW 38062500)
  [665/737] Thirty Three (DOW 38079100)
  [666/737] Thomas (DOW 38035100)
  [667/737] Thomas (DOW 38075100)
  [668/737] Three (DOW 38060000)
  [669/737] Thunderbird (DOW 38003100)
  [670/737] Tick (DOW 38080000)
  [671/737] Tickle (DOW 38000900)
  [672/737] Tin Can Mike (DOW 38078500)
  [673/737] Toe (DOW 38018400)
  [674/737] Tofte (DOW 38072400)
  [675/737] Tomahawk (DOW 38031300)
  [676/737] Tommy (DOW 38042500)
  [677/737] Tony (DOW 38069600)
  [678/737] Topaz (DOW 38017200)
  [679/737] Tord (DOW 38004500)
  [680/737] Tornado (DOW 38044900)
  [681/737] Totem (DOW 38021600)
  [682/737] Tower (DOW 38042100)
  [683/737] Townline (DOW 38087100)
  [684/737] Trader (DOW 38049000)
  [685/737] Tradition (DOW 38019800)
  [686/737] Trail (DOW 38009600)
  [687/737] Trappers (DOW 38043100)
  [688/737] Travois (DOW 38011100)
  [689/737] Treasure (DOW 38015400)
  [690/737] Triangle (DOW 38071500)
  [691/737] Trident (DOW 38049500)
  [692/737] Trinity (DOW 38037100)
  [693/737] Turkey (DOW 38033300)
  [694/737] Turtle (DOW 38070400)
  [695/737] Twenty Three (DOW 38024700)
  [696/737] Twilight (DOW 38019900)
  [697/737] Twin (DOW 38074700)
  [698/737] Two (DOW 38060800)
  [699/737] Two Deer (DOW 38067100)
  [700/737] Upland (DOW 38075600)
  [701/737] Uranus (DOW 38071900)
  [702/737] Van (DOW 38011700)
  [703/737] Vee (DOW 38013100)
  [704/737] Vera (DOW 38049100)
  [705/737] Victor (DOW 38056000)
  [706/737] Vierge (DOW 38000700)
  [707/737] Vivian (DOW 38004600)
  [708/737] Wabosons (DOW 38080600)
  [709/737] Wadop (DOW 38068100)
  [710/737] Wager (DOW 38045800)
  [711/737] Wampus (DOW 38068500)
  [712/737] Wanless (DOW 38004900)
  [713/737] Washte (DOW 38062600)
  [714/737] Water Tank (DOW 38053600)
  [715/737] Watonwan (DOW 38007900)
  [716/737] Weapon (DOW 38043000)
  [717/737] Weasel (DOW 38061200)
  [718/737] Webfoot (DOW 38079900)
  [719/737] Wedge (DOW 38071100)
  [720/737] West Chub (DOW 38067500)
  [721/737] Whitefish (DOW 38006000)
  [722/737] Whittler (DOW 38030700)
  [723/737] Whiz (DOW 38032300)
  [724/737] Wilbar (DOW 38054800)
  [725/737] Wilson (DOW 38004700)
  [726/737] Wind (DOW 38064200)
  [727/737] Windy (DOW 38006800)
  [728/737] Wisini (DOW 38036100)
  [729/737] Witness (DOW 38064300)
  [730/737] Wolverine (DOW 38010500)
  [731/737] Wood (DOW 38072900)
  [732/737] Woodcock (DOW 38074900)
  [733/737] Wooden Leg (DOW 38062200)
  [734/737] Wye (DOW 38004200)
  [735/737] Yoke (DOW 38035000)
  [736/737] Your (DOW 38011500)
  [737/737] Zitkala (DOW 38045000)

Catch summary rows written: 12486
  -> lake_survey_data/lake_county_catch_summaries.csv
Length distribution rows written: 4311
  -> lake_survey_data/lake_county_length_distributions.csv

Lake index written: lake_survey_data/lake_county_lakes.csv
Done.

[1/87] Fetching Aitkin County...
  Found 257 lakes.
  [1/257] Aitkin (DOW 01004000)
  [2/257] Anderson (DOW 01003100)
  [3/257] Anderson (DOW 01017700)
  [4/257] Apple (DOW 01018000)
  [5/257] Avenue (DOW 01019100)
  [6/257] Bachelor (DOW 01016900)
  [7/257] Baker (DOW 01028800)
  [8/257] Ball Bluff (DOW 01004600)
  [9/257] Bass (DOW 01007300)
  [10/257] Bass (DOW 01019500)
  [11/257] Bass (DOW 01006300)
  [12/257] Bass (DOW 01018300)
  [13/257] Bay (DOW 01004900)
  [14/257] Bear (DOW 01006400)
  [15/257] Bible (DOW 01014400)
  [16/257] Big Pine (DOW 01015700)
  [17/257] Big Sandy (DOW 01006200)
  [18/257] Birch (DOW 01020600)
  [19/257] Blackface (DOW 01004500)
  [20/257] Black Shadow (DOW 01016500)
  [21/257] Blackwater (DOW 01019800)
  [22/257] Blind (DOW 01018800)
  [23/257] Blue (DOW 01018100)
  [24/257] Bone (DOW 01025400)
  [25/257] Boot (DOW 01005500)
  [26/257] Brennen (DOW 01022600)
