
[18/87] Fetching Crow Wing County...
  Found 438 lakes.
  [1/438] Adney (DOW 18022500)
  [2/438] Agate (DOW 18006000)
  [3/438] Airport Pond (DOW 18074100)
  [4/438] Allen (DOW 18020800)
  [5/438] Anderson (DOW 18050000)
  [6/438] Andrews (DOW 18021400)
  [7/438] Ann (DOW 18006500)
  [8/438] Anna (DOW 18021300)
  [9/438] Arbor (DOW 18008000)
  [10/438] Arla's Pond (DOW 18064000)
  [11/438] Armour #2 Mine (DOW 18043800)
  [12/438] Arrowhead (DOW 18036600)
  [13/438] Art (DOW 18028600)
  [14/438] Ashenbrenner (DOW 18046000)
  [15/438] Aspen Pond (DOW 18078400)
  [16/438] Barbour (DOW 18003000)
  [17/438] Bass (DOW 18017300)
  [18/438] Bass (DOW 18022900)
  [19/438] Bass (DOW 18030600)
  [20/438] Bass (DOW 18026400)
  [21/438] Bass (DOW 18040200)
  [22/438] Bass (DOW 18025600)
  [23/438] Bass (DOW 18003600)
  [24/438] Bass (DOW 18038400)
  [25/438] Bass (DOW 18001100)
  [26/438] Bass (DOW 18035800)
  [27/438] Bass (DOW 18019100)
  [28/438] Bassett (DOW 18002600)
  [29/438] Baxter City Hall Pond (DOW 18074900)
  [30/438] Baxter Pond #1 (DOW 18075300)
  [31/438] Baxter Pond #2 (DOW 18075200)
  [32/438] Bay (DOW 18003400)
  [33/438] Berglund (DOW 18042600)
  [34/438] Bertha (DOW 18035500)
  [35/438] Big Bird (DOW 18028500)
  [36/438] Big Stone (DOW 18029100)
  [37/438] Big Trout (DOW 18031500)
  [38/438] Birchdale (DOW 18017500)
  [39/438] Birch Pond (DOW 18077700)
  [40/438] Black (DOW 18005900)
  [41/438] Black Bear (DOW 18014000)
  [42/438] Black Hoof (DOW 18011700)
  [43/438] Blue (DOW 18021100)
  [44/438] Boiler (DOW 18030300)
  [45/438] Bonnie (DOW 18025900)
  [46/438] Boom (DOW 18052900)
  [47/438] Borden (DOW 18002000)
  [48/438] Bordwell (DOW 18007700)
  [49/438] Buchite (DOW 18021500)
  [50/438] Buffalo (DOW 18015200)
  [51/438] Bulldog (DOW 18001400)
  [52/438] Bullhead (DOW 18000500)
  [53/438] Bullhead (DOW 18056500)
  [54/438] Butterfield (DOW 18023100)
  [55/438] Butternut (DOW 18010800)
  [56/438] Camp (DOW 18001800)
  [57/438] Campbell (DOW 18030700)
  [58/438] Caraway (DOW 18017900)
  [59/438] Carlson (DOW 18039500)
  [60/438] Carlson (DOW 18008300)
  [61/438] Cascade (DOW 18006100)
  [62/438] Casey (DOW 18008700)
  [63/438] Chandler (DOW 18002500)
  [64/438] Chrysler (DOW 18009500)
  [65/438] Clamshell (DOW 18035600)
  [66/438] Clark (DOW 18037400)
  [67/438] Clear (DOW 18036400)
  [68/438] Clears (DOW 18042000)
  [69/438] Clearwater (DOW 18003800)
  [70/438] Clinker (DOW 18013100)
  [71/438] Clough (DOW 18041400)
  [72/438] Cloverleaf (DOW 18040600)
  [73/438] Coffee (DOW 18003900)
  [74/438] Cole (DOW 18012700)
  [75/438] Command (DOW 18026500)
  [76/438] Cranberry (DOW 18064500)
  [77/438] Cranberry (DOW 18026200)
  [78/438] Cranberry (DOW 18016800)
  [79/438] Crato (DOW 18012500)
  [80/438] Crooked (DOW 18000600)
  [81/438] Crooked (DOW 18004100)
  [82/438] Crooked (Main Bay) (DOW 18004102)
  [83/438] Crooked (Sugar Bay) (DOW 18004101)
  [84/438] Cross Lake Reservoir (DOW 18031200)
  [85/438] Cross Lake Reservoir (Main Basin) (DOW 18031201)
  [86/438] Cross Lake Reservoir (Southeast Bay) (DOW 18031202)
  [87/438] Cross Lake Reservoir (Unnamed Bay) (DOW 18031203)
  [88/438] Crow Wing (DOW 18015500)
  [89/438] Crystal (DOW 18034100)
  [90/438] Daggett (DOW 18027100)
  [91/438] Dahler (DOW 18020400)
  [92/438] Davis (DOW 18021700)
  [93/438] Deadman's (DOW 18018800)
  [94/438] Deer (DOW 18018200)
  [95/438] Dewdrop (DOW 18027600)
  [96/438] Dewing (DOW 18001500)
  [97/438] Dog (DOW 18010700)
  [98/438] Dogfish (DOW 18005800)
  [99/438] Dogwood Pond (DOW 18078300)
  [100/438] Dolney (DOW 18019500)
  [101/438] Duck (DOW 18031400)
  [102/438] Duck (DOW 18017800)
  [103/438] Duck (DOW 18024400)
  [104/438] Eagle (DOW 18029600)
  [105/438] Eagle (DOW 18009900)
  [106/438] Eagle (East Bay) (DOW 18029603)
  [107/438] Eagle (Main Bay) (DOW 18029601)
  [108/438] Eagle (West Bay) (DOW 18029602)
  [109/438] East Fox (DOW 18029800)
  [110/438] Eastham (DOW 18020200)
  [111/438] East Mahnomen (DOW 18012601)
  [112/438] East Twin (DOW 18014802)
  [113/438] East Twin (DOW 18025700)
  [114/438] East Twin (DOW 18040700)
  [115/438] East Wood (DOW 18022100)
  [116/438] Edna (DOW 18039600)
  [117/438] Edward (DOW 18030500)
  [118/438] Emily (DOW 18020300)
  [119/438] Ernie's Pond (DOW 18075500)
  [120/438] Erskine (DOW 18000900)
  [121/438] Esden (DOW 18005100)
  [122/438] Faupel (DOW 18023700)
  [123/438] Fawcett (DOW 18047900)
  [124/438] Fawn (DOW 18030900)
  [125/438] Fawn (DOW 18024000)
  [126/438] Fawn (DOW 18039700)
  [127/438] Finn (DOW 18007100)
  [128/438] Fish Trap (DOW 18040000)
  [129/438] Flanders (DOW 18024700)
  [130/438] Flynn (DOW 18013200)
  [131/438] Fool (DOW 18022400)
  [132/438] Four Acre (DOW 18062600)
  [133/438] Fuchs (DOW 18014100)
  [134/438] Garden (DOW 18032900)
  [135/438] Gibson (DOW 18046200)
  [136/438] Gilbert (DOW 18032000)
  [137/438] Gilbert (East Bay) (DOW 18032001)
  [138/438] Gilbert (South Bay) (DOW 18032003)
  [139/438] Gilbert (West Bay) (DOW 18032002)
  [140/438] Gladstone (DOW 18033800)
  [141/438] Goggle (DOW 18022300)
  [142/438] Goodrich (DOW 18022600)
  [143/438] Goose (DOW 18005700)
  [144/438] Goose (DOW 18017700)
  [145/438] Goose Pond (DOW 18077800)
  [146/438] Grass (DOW 18036200)
  [147/438] Grass (DOW 18023000)
  [148/438] Grave (DOW 18011000)
  [149/438] Green (DOW 18023300)
  [150/438] Greenwood (DOW 18024600)
  [151/438] Greer (DOW 18028700)
  [152/438] Guida (DOW 18033200)
  [153/438] Half Moon (DOW 18023800)
  [154/438] Hamlet (DOW 18007000)
  [155/438] Hampton (DOW 18014900)
  [156/438] Hanks (DOW 18004400)
  [157/438] Happy (DOW 18010100)
  [158/438] Hartley (DOW 18039200)
  [159/438] Hay (DOW 18044400)
  [160/438] Hay (DOW 18012000)
  [161/438] Henry (DOW 18031300)
  [162/438] Hidden Pond (DOW 18077900)
  [163/438] Hogsback (DOW 18047600)
  [164/438] Hole-in-the-Day (DOW 18040100)
  [165/438] Holt (DOW 18002900)
  [166/438] Hooligans Hole (DOW 18064300)
  [167/438] Hopkins Mine Pit (DOW 18074700)
  [168/438] Horseshoe (DOW 18031700)
  [169/438] Horseshoe (DOW 18025100)
  [170/438] Horseshoe (DOW 18004300)
  [171/438] Horseshoe (DOW 18014400)
  [172/438] Horseshoe (DOW 18023400)
  [173/438] Horseshoe (East Bay) (DOW 18025101)
  [174/438] Horseshoe (West Bay) (DOW 18025102)
  [175/438] Hubert (DOW 18037500)
  [176/438] Hunter (DOW 18012800)
  [177/438] Hunting Shack (DOW 18067400)
  [178/438] Huntington Mine (DOW 18044100)
  [179/438] Indian Jack (DOW 18019000)
  [180/438] Island (DOW 18005200)
  [181/438] Island (DOW 18038300)
  [182/438] Island (DOW 18036500)
  [183/438] Island (DOW 18012900)
  [184/438] Island (DOW 18019300)
  [185/438] Island (DOW 18018300)
  [186/438] Island-Loon (DOW 18026900)
  [187/438] Jack Pine (DOW 18002300)
  [188/438] Jacks (DOW 18039400)
  [189/438] Jail (DOW 18041500)
  [190/438] Jennison (DOW 18000400)
  [191/438] Jim (DOW 18006400)
  [192/438] Jinks (DOW 18015000)
  [193/438] Joan Mine Pit (DOW 18074500)
  [194/438] Johnson (DOW 18032800)
  [195/438] June (DOW 18011600)
  [196/438] Kego (DOW 18029300)
  [197/438] Kenney (DOW 18001900)
  [198/438] Kimball (DOW 18036100)
  [199/438] Klondyke (DOW 18012400)
  [200/438] Knieff (DOW 18003500)
  [201/438] Kutil (DOW 18000700)
  [202/438] Lake (DOW 18024800)
  [203/438] Lake Cuyuna (DOW 18009400)
  [204/438] Larson (DOW 18006200)
  [205/438] Lily Pad (DOW 18027500)
  [206/438] Little Bass (DOW 18025400)
  [207/438] Little Bass (DOW 18019900)
  [208/438] Little Beaver (DOW 18027900)
  [209/438] Little Black Hoof (DOW 18011800)
  [210/438] Little Cranberry (DOW 18037000)
  [211/438] Little Emily (DOW 18020700)
  [212/438] Little Hamlet (DOW 18007500)
  [213/438] Little Hubert (DOW 18034000)
  [214/438] Little Jim (DOW 18074300)
  [215/438] Little Markee (DOW 18032400)
  [216/438] Little Menomin (DOW 18044800)
  [217/438] Little Ox (DOW 18030200)
  [218/438] Little Pelican (DOW 18035100)
  [219/438] Little Pickerel (DOW 18019400)
  [220/438] Little Pine (DOW 18017600)
  [221/438] Little Pine (DOW 18026600)
  [222/438] Little Rabbit (DOW 18013900)
  [223/438] Little Round (DOW 18035700)
  [224/438] Little Star (DOW 18036000)
  [225/438] Lizzie (DOW 18041600)
  [226/438] Lone Pine (DOW 18029200)
  [227/438] Long (DOW 18050100)
  [228/438] Long (DOW 18003100)
  [229/438] Long / Tame Fish (DOW 18000200)
  [230/438] Lookout (DOW 18012300)
  [231/438] Loon (DOW 18011100)
  [232/438] Loon (DOW 18004000)
  [233/438] Lost Long (DOW 18008500)
  [234/438] Lougee (DOW 18034200)
  [235/438] Louise Mine Pit (DOW 18074600)
  [236/438] Love (DOW 18038800)
  [237/438] Lower Cullen (DOW 18040300)
  [238/438] Lower Dean (DOW 18018100)
  [239/438] Lower Hay (DOW 18037800)
  [240/438] Lower Mission (DOW 18024300)
  [241/438] Lower Whipple (DOW 18038703)
  [242/438] Lows (DOW 18018000)
  [243/438] Lund (DOW 18065700)
  [244/438] Lynch (DOW 18034700)
  [245/438] Mahnomen (DOW 18012600)
  [246/438] Mahnomen, Alstead & Arco Mine (DOW 18044000)
  [247/438] Mallard (DOW 18033400)
  [248/438] Mallard (DOW 18030000)
  [249/438] Mallen Pit (DOW 18074000)
  [250/438] Mangan Mine Pit (DOW 18074400)
  [251/438] Manuel Mine (DOW 18043500)
  [252/438] Maple (DOW 18004500)
  [253/438] Maple (DOW 18002200)
  [254/438] Maple Pond (DOW 18078000)
  [255/438] Markee (DOW 18034300)
  [256/438] Mary (DOW 18018500)
  [257/438] Mayo (DOW 18040800)
  [258/438] McClain (DOW 18026700)
  [259/438] McCollister Pond (DOW 18074200)
  [260/438] Meyer (DOW 18030100)
  [261/438] Middle Cullen (DOW 18037700)
  [262/438] Middle Mahnomen (DOW 18012602)
  [263/438] Middle Whipple (DOW 18038702)
  [264/438] Milford (DOW 18013000)
  [265/438] Miller (DOW 18013300)
  [266/438] Miller (DOW 18002100)
  [267/438] Mine (DOW 18015300)
  [268/438] Minnie (DOW 18021000)
  [269/438] Mitchell (DOW 18029400)
  [270/438] Moburg (DOW 18038900)
  [271/438] Mollie (DOW 18033500)
  [272/438] Moody (DOW 18033900)
  [273/438] Morroco Mine (DOW 18052000)
  [274/438] Mud (DOW 18025300)
  [275/438] Mud (DOW 18069600)
  [276/438] Mud (DOW 18035300)
  [277/438] Mud (DOW 18001000)
  [278/438] Mud (DOW 18032100)
  [279/438] Mud (DOW 18013700)
  [280/438] Mud (DOW 18032600)
  [281/438] Mud (DOW 18039100)
  [282/438] Mud (DOW 18057900)
  [283/438] Mud (DOW 18019800)
  [284/438] Mud (DOW 18015100)
  [285/438] Mud (DOW 18016000)
  [286/438] Mud (DOW 18005400)
  [287/438] Mud (DOW 18016600)
  [288/438] Nelson (DOW 18016400)
  [289/438] Nelson (DOW 18041100)
  [290/438] Nisswa (DOW 18039900)
  [291/438] Nokay (DOW 18010400)
  [292/438] North Long (DOW 18037200)
  [293/438] Oak Pond (DOW 18078200)
  [294/438] O'Brien (DOW 18022700)
  [295/438] O'Brien (Northeast Bay) (DOW 18022702)
  [296/438] O'Brien (Southwest Bay) (DOW 18022701)
  [297/438] Olander (DOW 18009100)
  [298/438] Olson (DOW 18017100)
  [299/438] Orland (DOW 18050300)
  [300/438] Ossawinnamakee (DOW 18035200)
  [301/438] Owl Pond (DOW 18075400)
  [302/438] Ox (DOW 18028800)
  [303/438] Ox Pond (DOW 18078100)
  [304/438] Papoose (DOW 18020600)
  [305/438] Partridge (DOW 18004800)
  [306/438] Pascoe (DOW 18011400)
  [307/438] Pecks Puddle (DOW 18027700)
  [308/438] Pelican (DOW 18030800)
  [309/438] Pelican (main lake) (DOW 18030802)
  [310/438] Pelican (NE Bay) (DOW 18030801)
  [311/438] Pennington Mine (DOW 18043900)
  [312/438] Perch (DOW 18010900)
  [313/438] Perch (DOW 18030400)
  [314/438] Perch (DOW 18037100)
  [315/438] Perry (DOW 18018600)
  [316/438] Peterson (DOW 18007900)
  [317/438] Pickerel (DOW 18023200)
  [318/438] Pickerel (DOW 18020500)
  [319/438] Pickerel (DOW 18020000)
  [320/438] Pig (DOW 18035400)
  [321/438] Pine (DOW 18026100)
  [322/438] Pine (DOW 18004600)
  [323/438] Placid (DOW 18007600)
  [324/438] Platte (DOW 18008800)
  [325/438] Pleasant (DOW 18027800)
  [326/438] Pointon (DOW 18010500)
  [327/438] Portage (DOW 18005000)
  [328/438] Portage (DOW 18011500)
  [329/438] Portage (DOW 18006900)
  [330/438] Portsmouth Mine (DOW 18043700)
  [331/438] Pug Hole (DOW 18020900)
  [332/438] Rabbit (East Portion) (DOW 18009301)
  [333/438] Rabbit (West Portion) (DOW 18009302)
  [334/438] Rassett (DOW 18013400)
  [335/438] Rat (DOW 18034400)
  [336/438] Rat (DOW 18041000)
  [337/438] Red Sand (DOW 18038600)
  [338/438] Reno (DOW 18006700)
  [339/438] Rice (DOW 18012100)
  [340/438] Rice (DOW 18006800)
  [341/438] Rice (DOW 18005300)
  [342/438] Rice (DOW 18031600)
  [343/438] Rice (DOW 18014500)
  [344/438] Rice (DOW 18032700)
  [345/438] Rice (DOW 18040500)
  [346/438] Rice Bed (DOW 18018700)
  [347/438] Ringhand (DOW 18050900)
  [348/438] Rock (DOW 18001600)
  [349/438] Rock (DOW 18028200)
  [350/438] Roe Mine (DOW 18011900)
  [351/438] Rogers (DOW 18018400)
  [352/438] Rose (DOW 18012200)
  [353/438] Ross (DOW 18016500)
  [354/438] Round (DOW 18014700)
  [355/438] Round (DOW 18037300)
  [356/438] Round (DOW 18003200)
  [357/438] Roy (DOW 18039800)
  [358/438] Rush (DOW 18038100)
  [359/438] Rush-Hen (DOW 18031100)
  [360/438] Rushmeyer (DOW 18008200)
  [361/438] Russell (DOW 18048700)
  [362/438] Russell (DOW 18014200)
  [363/438] Ruth (DOW 18021200)
  [364/438] Sagamore Mine (DOW 18052300)
  [365/438] Sand (DOW 18029900)
  [366/438] Scott (DOW 18003300)
  [367/438] Sebie (DOW 18016100)
  [368/438] Serpent (DOW 18009000)
  [369/438] Sewells Pond (DOW 18044600)
  [370/438] Shaffer (DOW 18034800)
  [371/438] Shay (DOW 18046900)
  [372/438] Shirt (DOW 18007200)
  [373/438] Sibley (DOW 18040400)
  [374/438] Silver (DOW 18023900)
  [375/438] Smith (DOW 18002800)
  [376/438] Smokey Hollow (DOW 18022000)
  [377/438] Snodgrass (DOW 18017400)
  [378/438] Snoshoe Mine (DOW 18052400)
  [379/438] Sorenson (DOW 18032300)
  [380/438] South Long (DOW 18013600)
  [381/438] Spider (DOW 18024100)
  [382/438] Spring (DOW 18001700)
  [383/438] Spruce (DOW 18058300)
  [384/438] Spruce (DOW 18013800)
  [385/438] Square (DOW 18019600)
  [386/438] Stanley (DOW 18018900)
  [387/438] Star (DOW 18035900)
  [388/438] Stark (DOW 18016900)
  [389/438] Stevens (DOW 18032500)
  [390/438] Stewart (DOW 18036700)
  [391/438] Strawberry (DOW 18036300)
  [392/438] Sullivan (DOW 18016300)
  [393/438] Sunfish (DOW 18002700)
  [394/438] Tamarack (DOW 18028100)
  [395/438] Tamarack (DOW 18031800)
  [396/438] Taylor (DOW 18023600)
  [397/438] Terra Trac Pond (DOW 18077500)
  [398/438] Terry (DOW 18016200)
  [399/438] Thompson (DOW 18017200)
  [400/438] Tiff (DOW 18028000)
  [401/438] Trout (DOW 18021800)
  [402/438] Trout Pond (DOW 18076300)
  [403/438] Turner (DOW 18013500)
  [404/438] Turtle (DOW 18004700)
  [405/438] Twenty Two (DOW 18000800)
  [406/438] Twin (DOW 18033600)
  [407/438] Twin (DOW 18016700)
  [408/438] Twin (DOW 18014800)
  [409/438] Twin (East Basin) (DOW 18016702)
  [410/438] Twin Island (DOW 18010600)
  [411/438] Twin (West Basin) (DOW 18016701)
  [412/438] Upper Cullen (DOW 18037600)
  [413/438] Upper Dean (DOW 18017000)
  [414/438] Upper Hay (DOW 18041200)
  [415/438] Upper Mission (DOW 18024200)
  [416/438] Upper South Long (DOW 18009600)
  [417/438] Upper Whipple (DOW 18038701)
  [418/438] Vang (DOW 18007800)
  [419/438] Velvet (DOW 18028400)
  [420/438] Virginia Mine (DOW 18052100)
  [421/438] West Fox (DOW 18029700)
  [422/438] West Twin (DOW 18025800)
  [423/438] West Twin (DOW 18014801)
  [424/438] West Twin (DOW 18040900)
  [425/438] Whipple (DOW 18038700)
  [426/438] Whitefish (DOW 18000100)
  [427/438] Whitefish (DOW 18031000)
  [428/438] White Sand (DOW 18037900)
  [429/438] Williams (DOW 18002400)
  [430/438] Wilson (DOW 18008900)
  [431/438] Wilson (DOW 18004900)
  [432/438] Wise (DOW 18031900)
  [433/438] Wolf (DOW 18011200)
  [434/438] Wolf (DOW 18029000)
  [435/438] Wood (DOW 18022200)
  [436/438] Wooded Pond (DOW 18076400)
  [437/438] Yawkey Mine (DOW 18043400)
  [438/438] Young (DOW 18025200)
  Done with Crow Wing County.

[19/87] Fetching Dakota County...
  Found 81 lakes.
  [1/81] Alimagnet (DOW 19002100)
  [2/81] Ann (DOW 19045900)
  [3/81] Apple Pond (DOW 19045000)
  [4/81] Augusta (DOW 19008100)
  [5/81] Baby Pond (DOW 19046100)
  [6/81] Bald (DOW 19006100)
  [7/81] Black Dog (DOW 19008300)
  [8/81] Blackhawk (DOW 19005900)
  [9/81] Blue Fish Pond (DOW 19046200)
  [10/81] Bur Oaks Pond (DOW 19025900)
  [11/81] Byllesby (DOW 19000600)
  [12/81] Carlson (DOW 19006600)
  [13/81] Cedar Pond (DOW 19015000)
  [14/81] Chub (DOW 19002000)
  [15/81] Cobblestone (DOW 19045600)
  [16/81] Copper Pond (DOW 19045300)
  [17/81] Crystal (DOW 19002700)
  [18/81] Dickman (DOW 19004600)
  [19/81] Digger Pond (DOW 19046300)
  [20/81] Earley (DOW 19003300)
  [21/81] East Thomas (DOW 19016100)
  [22/81] Farquar (DOW 19002300)
  [23/81] Fish (DOW 19005700)
  [24/81] Gerhardt (DOW 19006900)
  [25/81] Gun Club (DOW 19007800)
  [26/81] Harley Pond (DOW 19046400)
  [27/81] Hilltop Pond (DOW 19014800)
  [28/81] Holland (DOW 19006500)
  [29/81] Hornbeam (DOW 19004700)
  [30/81] Horseshoe (DOW 19005100)
  [31/81] Horseshoe (DOW 19003200)
  [32/81] Hurley (DOW 19005800)
  [33/81] Isabelle (DOW 19000400)
  [34/81] Jensen (DOW 19007100)
  [35/81] Kegan (DOW 19001100)
  [36/81] Keller (DOW 19002500)
  [37/81] Kingsley (DOW 19003000)
  [38/81] Lac Lavon (DOW 19044600)
  [39/81] Lee (DOW 19002900)
  [40/81] Lemay (DOW 19008200)
  [41/81] Lemay (DOW 19005500)
  [42/81] Lilly (DOW 19008400)
  [43/81] Long (DOW 19002200)
  [44/81] Main (DOW 19020302)
  [45/81] Marcott (DOW 19004000)
  [46/81] Marcott (DOW 19003900)
  [47/81] Marcott (DOW 19004200)
  [48/81] Marcott (DOW 19004100)
  [49/81] Marion (DOW 19002600)
  [50/81] Marion (East Bay) (DOW 19002601)
  [51/81] Marion (Middle Bay) (DOW 19002602)
  [52/81] Marion (West Bay) (DOW 19002603)
  [53/81] McCarthy (DOW 19006000)
  [54/81] McDonough (DOW 19007600)
  [55/81] Mud (DOW 19008500)
  [56/81] North (DOW 19046000)
  [57/81] Oakheart Pond (DOW 19046700)
  [58/81] O'Brien (DOW 19007200)
  [59/81] O'Leary (DOW 19005600)
  [60/81] O'Neil Pond (DOW 19012000)
  [61/81] Orchard (DOW 19003100)
  [62/81] Pitts (DOW 19006800)
  [63/81] Prairie Ponds (DOW 19045700)
  [64/81] Pretty Pond (DOW 19046500)
  [65/81] Quigley (DOW 19015500)
  [66/81] Red Fish Pond (DOW 19046600)
  [67/81] Rogers (DOW 19008000)
  [68/81] Schmitt (DOW 19005200)
  [69/81] Schultz (DOW 19007500)
  [70/81] Sunfish (DOW 19005000)
  [71/81] Sunset Pond (DOW 19045100)
  [72/81] Thomas (DOW 19006700)
  [73/81] Thompson (DOW 19004800)
  [74/81] Twin (DOW 19002800)
  [75/81] Twin (DOW 19002801)
  [76/81] Twin (DOW 19002802)
  [77/81] Wensman Pond (DOW 19045200)
  [78/81] Wescott Pond #3 (DOW 19045500)
  [79/81] Woodhaven Pond (DOW 19014300)
  [80/81] Wood Park (DOW 19002400)
  [81/81] Young (DOW 19020301)
  Done with Dakota County.

[20/87] Fetching Dodge County...
  Found 2 lakes.
  [1/2] Donaldson Pond (DOW 20002400)
  [2/2] Naylor Pond (DOW 20002300)
  Done with Dodge County.

[21/87] Fetching Douglas County...
  Found 287 lakes.
  [1/287] Aaron (DOW 21024200)
  [2/287] Agate Pond (DOW 21075200)
  [3/287] Agent (DOW 21080200)
  [4/287] Agnes (DOW 21005300)
  [5/287] Albert (DOW 21037400)
  [6/287] Aldrich (DOW 21022200)
  [7/287] Alvin (DOW 21009300)
  [8/287] Amos (DOW 21029300)
  [9/287] Anderson (DOW 21009600)
  [10/287] Anderson (DOW 21029000)
  [11/287] Andes Pond (DOW 21072100)
  [12/287] Andrew (DOW 21008500)
  [13/287] Anka (DOW 21035300)
  [14/287] Apple Pond (DOW 21076800)
  [15/287] Apricot Pond (DOW 21078100)
  [16/287] Barsness (DOW 21030200)
  [17/287] Baumbach (DOW 21020600)
  [18/287] Bemo Pond (DOW 21068600)
  [19/287] Beverly Pond (DOW 21075102)
  [20/287] Bird (DOW 21001800)
  [21/287] Bjork Marsh (DOW 21009800)
  [22/287] Blackberry Pond (DOW 21077400)
  [23/287] Blackwell (DOW 21015100)
  [24/287] Blueberry Pond (DOW 21077700)
  [25/287] Boesen (DOW 21024100)
  [26/287] Brandon (DOW 21018400)
  [27/287] Brophy (DOW 21010200)
  [28/287] Brown (DOW 21019200)
  [29/287] Buckskin (DOW 21011500)
  [30/287] Burgen (DOW 21004900)
  [31/287] Burrs (DOW 21021500)
  [32/287] Calub Pond (DOW 21075104)
  [33/287] Carlos (DOW 21005700)
  [34/287] Carlson Pond (DOW 21070800)
  [35/287] Charley (DOW 21012000)
  [36/287] Cherry Pond (DOW 21077300)
  [37/287] Chipper Pond (DOW 21079000)
  [38/287] Chippewa (DOW 21014500)
  [39/287] Christina (DOW 21037500)
  [40/287] City Pond (DOW 21044202)
  [41/287] Cletus Pond (DOW 21074703)
  [42/287] Clifford (DOW 21000300)
  [43/287] Coconut Pond (DOW 21077600)
  [44/287] Connie (DOW 21037900)
  [45/287] Cook (DOW 21011100)
  [46/287] Cowdry (DOW 21010300)
  [47/287] Cranberry Pond (DOW 21076900)
  [48/287] Cricken (DOW 21016300)
  [49/287] Crooked (DOW 21019900)
  [50/287] Crooked (East Crooked) (DOW 21019902)
  [51/287] Crooked (Northwest Bay) (DOW 21019901)
  [52/287] Crooks (DOW 21019800)
  [53/287] Dan Pond (DOW 21076000)
  [54/287] Darling (DOW 21008000)
  [55/287] Davidson (DOW 21033800)
  [56/287] Devils (DOW 21021300)
  [57/287] Domino Pond (DOW 21079301)
  [58/287] East Mahla (DOW 21033000)
  [59/287] Echo (DOW 21015700)
  [60/287] Eddy Pond (DOW 21071600)
  [61/287] Eiesland Slough (DOW 21019600)
  [62/287] Elizabeth (DOW 21019000)
  [63/287] Elk (DOW 21014200)
  [64/287] Elk Farm Pond (DOW 21070700)
  [65/287] Ellis (DOW 21013200)
  [66/287] Elroy Pond (DOW 21072000)
  [67/287] Elvin Pond (DOW 21075103)
  [68/287] Elwood Pond (DOW 21071800)
  [69/287] Emil (DOW 21043800)
  [70/287] Eng (main basin) (DOW 21027401)
  [71/287] Eng (northeast marsh) (DOW 21027402)
  [72/287] Eng (pothole) (DOW 21027403)
  [73/287] Erwin (DOW 21034100)
  [74/287] Esala (DOW 21019300)
  [75/287] Fanny (DOW 21033600)
  [76/287] Finger Pond (DOW 21078702)
  [77/287] Fist Pond (DOW 21078701)
  [78/287] Foslien Pond 1 (DOW 21072600)
  [79/287] Foslien Pond #2 (DOW 21072700)
  [80/287] Fractal Pond (DOW 21078900)
  [81/287] Freeborn (DOW 21016200)
  [82/287] Friedrich Pond (DOW 21074806)
  [83/287] Friet (DOW 21006700)
  [84/287] Garfield Pond (DOW 21079600)
  [85/287] Geneva (DOW 21005200)
  [86/287] Gilbert (DOW 21018900)
  [87/287] Gilbertson (DOW 21017600)
  [88/287] Golden Pond (DOW 21022500)
  [89/287] Gordy East Pond (DOW 21075000)
  [90/287] Gordy West Pond (DOW 21074900)
  [91/287] Grants (DOW 21015000)
  [92/287] Grants Slough (DOW 21037600)
  [93/287] Grapefruit Pond (DOW 21076500)
  [94/287] Gravel Pit 2 Pond (DOW 21069900)
  [95/287] Grill (DOW 21020400)
  [96/287] Grubb (DOW 21015800)
  [97/287] Gulden (DOW 21000600)
  [98/287] Guy Pond (DOW 21078500)
  [99/287] Hagstrom Pond (DOW 21071400)
  [100/287] Halleque (DOW 21030400)
  [101/287] Hammer Pond (DOW 21079200)
  [102/287] Hegg (DOW 21028300)
  [103/287] Henry (DOW 21005100)
  [104/287] Herberger (DOW 21000700)
  [105/287] Hidden (DOW 21005800)
  [106/287] Hoakenson (DOW 21023800)
  [107/287] Hoium (DOW 21015200)
  [108/287] Holl Lake (DOW 21030600)
  [109/287] Horseshoe (DOW 21037100)
  [110/287] Hubrid (DOW 21034700)
  [111/287] Huntley Pond (DOW 21075300)
  [112/287] Hwy 7 Pond (DOW 21071100)
  [113/287] Ida (DOW 21012300)
  [114/287] Ina (DOW 21035500)
  [115/287] Indian (DOW 21013600)
  [116/287] Indian (DOW 21014300)
  [117/287] Irene (DOW 21007600)
  [118/287] Jamie Pond (DOW 21076200)
  [119/287] Jennie (DOW 21032300)
  [120/287] Jessie (DOW 21005500)
  [121/287] Johnson (DOW 21011200)
  [122/287] Johnson Pond (DOW 21071000)
  [123/287] Josephs West Pond (DOW 21032202)
  [124/287] Joyce Pond (DOW 21075500)
  [125/287] Keg Pond (DOW 21079900)
  [126/287] Kensington Rearing Pond (DOW 21027404)
  [127/287] Kiwi Pond (DOW 21077000)
  [128/287] Knife Pond (DOW 21078600)
  [129/287] KOA Pond (DOW 21073100)
  [130/287] Korkowski (DOW 21022801)
  [131/287] Korkowski (DOW 21022800)
  [132/287] Korkowski Slough (DOW 21022802)
  [133/287] Kuhnau Pond (DOW 21074500)
  [134/287] Kuntz (DOW 21001100)
  [135/287] Latoka (DOW 21010600)
  [136/287] Latoka (North Bay) (DOW 21010601)
  [137/287] Latoka (South Bay) (DOW 21010602)
  [138/287] Laura (DOW 21006100)
  [139/287] Le Homme Dieu (DOW 21005600)
  [140/287] Le Homme Dieu Dam Pond (DOW 21068900)
  [141/287] Lemon Pond (DOW 21076300)
  [142/287] Lime Pond (DOW 21076400)
  [143/287] Little Chippewa (DOW 21021200)
  [144/287] Little Freeborn (DOW 21016100)
  [145/287] Little Oscar (DOW 21015600)
  [146/287] Little Oscar (Lewis Lake) (DOW 21015602)
  [147/287] Little Oscar (Main) (DOW 21015601)
  [148/287] Little Swede (DOW 21078400)
  [149/287] Lobster (DOW 21014400)
  [150/287] Lobster (East Bay) (DOW 21014401)
  [151/287] Lobster (West Bay) (DOW 21014402)
  [152/287] Long (DOW 21025900)
  [153/287] Long (DOW 21021800)
  [154/287] Long (DOW 21034300)
  [155/287] Long (DOW 21023000)
  [156/287] Long (DOW 21008900)
  [157/287] Lori Pond (DOW 21076100)
  [158/287] Lottie (DOW 21010500)
  [159/287] Louise (DOW 21009400)
  [160/287] Lovera (DOW 21004600)
  [161/287] Loves (DOW 21022700)
  [162/287] Lower Hunt (DOW 21020800)
  [163/287] Lucy Pond (DOW 21074704)
  [164/287] Magnuson (DOW 21011700)
