
[56/87] Fetching Otter Tail County...
  Found 551 lakes.
  [1/551] Aas (DOW 56067800)
  [2/551] Adley (DOW 56003100)
  [3/551] Albert (DOW 56011800)
  [4/551] Alfred (DOW 56102200)
  [5/551] Alice (DOW 56024400)
  [6/551] Alice (DOW 56086700)
  [7/551] Alice (DOW 56050600)
  [8/551] Alkali (DOW 56061100)
  [9/551] Almora (DOW 56004900)
  [10/551] Altner (DOW 56087500)
  [11/551] Amor (DOW 56038101)
  [12/551] Anchor Pond (DOW 56175200)
  [13/551] Anderson (DOW 56071600)
  [14/551] Anderson (DOW 56046400)
  [15/551] Anna (DOW 56044800)
  [16/551] Annie (DOW 56104000)
  [17/551] Annie Battle (DOW 56024100)
  [18/551] Archie (DOW 56162900)
  [19/551] Arken (DOW 56008600)
  [20/551] Augusta (DOW 56002500)
  [21/551] Aunie (DOW 56068000)
  [22/551] Babcock (DOW 56169400)
  [23/551] Back (DOW 56044100)
  [24/551] Bahle (DOW 56063700)
  [25/551] Baker (DOW 56054000)
  [26/551] Banner Pond (DOW 56173300)
  [27/551] Barbara Pond (DOW 56178300)
  [28/551] Basil Pond (DOW 56172900)
  [29/551] Bass (DOW 56054400)
  [30/551] Bass (DOW 56072200)
  [31/551] Bass (DOW 56077000)
  [32/551] Bass (DOW 56057000)
  [33/551] Bates (DOW 56057200)
  [34/551] Bear (DOW 56006900)
  [35/551] Beauty Shore (DOW 56019500)
  [36/551] Becks (DOW 56102800)
  [37/551] Beebe (DOW 56041600)
  [38/551] Beers (DOW 56072400)
  [39/551] Beiningen (DOW 56075400)
  [40/551] Belmont (DOW 56023700)
  [41/551] Berend (DOW 56050700)
  [42/551] Berger (DOW 56114900)
  [43/551] Besser (DOW 56002700)
  [44/551] Big Crow (DOW 56057600)
  [45/551] Big Log Pond (DOW 56175500)
  [46/551] Big McDonald (DOW 56038601)
  [47/551] Big McDonald #2 (DOW 56038603)
  [48/551] Big Pine (DOW 56013000)
  [49/551] Big Red Pond (DOW 56174200)
  [50/551] Big Stone (DOW 56070100)
  [51/551] Birch (DOW 56067400)
  [52/551] Blacken (DOW 56040500)
  [53/551] Blanche (DOW 56024000)
  [54/551] Blimp Pond (DOW 56172100)
  [55/551] Blob Pond (DOW 56172000)
  [56/551] Block (DOW 56007900)
  [57/551] Blondie Pond (DOW 56174800)
  [58/551] Boedigheimer (DOW 56021200)
  [59/551] Bolton (DOW 56031800)
  [60/551] Bon (DOW 56073400)
  [61/551] Boone Pond (DOW 56171900)
  [62/551] Boos (DOW 56034100)
  [63/551] Bowling Pin Pond (DOW 56172200)
  [64/551] Brackett (DOW 56073800)
  [65/551] Bradbury (DOW 56054800)
  [66/551] Bray (DOW 56047200)
  [67/551] Bread Pond (DOW 56176600)
  [68/551] Bredeson (DOW 56017300)
  [69/551] Brekke (DOW 56066400)
  [70/551] Brenvel (DOW 56170600)
  [71/551] Bromseth (DOW 56065500)
  [72/551] Brown (DOW 56162800)
  [73/551] Brown (DOW 56031500)
  [74/551] Bubba Pond (DOW 56171000)
  [75/551] Buchanan (DOW 56020900)
  [76/551] Bugbee Pond (DOW 56171100)
  [77/551] Bull Head (Main Bay) (DOW 56017101)
  [78/551] Burton (DOW 56092600)
  [79/551] Businger (DOW 56093600)
  [80/551] Cake Pond (DOW 56174900)
  [81/551] Calla Lily Pond (DOW 56173400)
  [82/551] Candle Pond (DOW 56170200)
  [83/551] Candor (DOW 56053500)
  [84/551] Canna Pond (DOW 56173700)
  [85/551] Carol Pond (DOW 56175600)
  [86/551] Cataract (DOW 56071800)
  [87/551] Ceynowa (DOW 56033700)
  [88/551] Charlene Pond (DOW 56177300)
  [89/551] Chautauqua (DOW 56078000)
  [90/551] Cherry Pond (DOW 56176100)
  [91/551] Christopherson (DOW 56098300)
  [92/551] Clarno (DOW 56002900)
  [93/551] Clear (DOW 56055900)
  [94/551] Clitherall (DOW 56023800)
  [95/551] Club (DOW 56051800)
  [96/551] Club (DOW 56163200)
  [97/551] Coffee (DOW 56055300)
  [98/551] Colness (DOW 56103700)
  [99/551] Columbine Pond (DOW 56173900)
  [100/551] Cooks (DOW 56052500)
  [101/551] Cora (DOW 56002300)
  [102/551] Cow (DOW 56155600)
  [103/551] Cox Pond (DOW 56169700)
  [104/551] Crab Pond (DOW 56176500)
  [105/551] Crane (DOW 56029300)
  [106/551] Crooked (DOW 56045800)
  [107/551] Crystal (DOW 56073900)
  [108/551] Crystal (DOW 56074900)
  [109/551] Curtis (DOW 56004600)
  [110/551] Curtis Pond (DOW 56171200)
  [111/551] Dane (DOW 56042700)
  [112/551] Davies (DOW 56031100)
  [113/551] Dead (DOW 56038300)
  [114/551] Deadman (DOW 56095100)
  [115/551] Deadwood (DOW 56075800)
  [116/551] Deer (DOW 56029800)
  [117/551] Delagoon Pond (DOW 56170800)
  [118/551] Delaney (DOW 56169600)
  [119/551] Denise Pond (DOW 56178000)
  [120/551] Deusch (DOW 56015600)
  [121/551] Devils (DOW 56024500)
  [122/551] Devils (DOW 56088200)
