
[63/87] Fetching Red Lake County...
  Found 3 lakes.
  [1/3] Black River (DOW 63001900)
  [2/3] Moran (DOW 63000100)
  [3/3] Seeger Group Pond (DOW 63002100)
  Done with Red Lake County.

[64/87] Fetching Redwood County...
  Found 18 lakes.
  [1/18] Doubs (DOW 64007000)
  [2/18] Draayum Pond (DOW 64015600)
  [3/18] Gales (DOW 64011700)
  [4/18] Guggisberg Slough (DOW 64002200)
  [5/18] Iverson (DOW 64008400)
  [6/18] Knott Retention Reservoir (DOW 64015300)
  [7/18] Laura (DOW 64015000)
  [8/18] Long (DOW 64013700)
  [9/18] Mann's (DOW 64003900)
  [10/18] PCA Site#248 (DOW 64015200)
  [11/18] Redwood (DOW 64005800)
  [12/18] Sandy Slough (East Bay) (DOW 64013903)
  [13/18] Sandy Slough (Middle Bay) (DOW 64013902)
  [14/18] Sandy Slough (West Bay) (DOW 64013901)
  [15/18] Soupir Marsh (Main bay) (DOW 64010801)
  [16/18] Soupir Marsh (NE Bay) (DOW 64010802)
  [17/18] Tiger (DOW 64004000)
  [18/18] Willow (DOW 64004400)
  Done with Redwood County.

[65/87] Fetching Renville County...
  Found 14 lakes.
  [1/14] Allie (DOW 65000600)
  [2/14] Anderson (DOW 65014900)
  [3/14] Beckendorf (DOW 65010800)
  [4/14] Boon (DOW 65001300)
  [5/14] DAAK WMA (DOW 65015000)
  [6/14] Davis (DOW 65008100)
  [7/14] Hodgson (DOW 65001000)
  [8/14] Lac Mac (DOW 65014500)
  [9/14] Olivia Kid's Fishing Pond (DOW 65015200)
  [10/14] Phare (DOW 65001200)
  [11/14] Preston (DOW 65000200)
  [12/14] Rosaasen Slough (DOW 65013900)
  [13/14] Round (DOW 65002800)
  [14/14] Thompson (DOW 65014700)
  Done with Renville County.

[66/87] Fetching Rice County...
  Found 55 lakes.
  [1/55] Amy Pond (DOW 66013200)
  [2/55] Ben Barta Pond (DOW 66012100)
  [3/55] Cannon (DOW 66000800)
  [4/55] Caron (DOW 66005000)
  [5/55] Cedar (DOW 66005200)
  [6/55] Cedar Lake Spawning Area (DOW 66012300)
  [7/55] Circle (DOW 66002700)
  [8/55] Cody (DOW 66006100)
  [9/55] Crystal (DOW 66000100)
  [10/55] Donn Pond (DOW 66013100)
  [11/55] Dudley (DOW 66001400)
  [12/55] Faribault (DOW 66000700)
  [13/55] Fox (DOW 66002900)
  [14/55] French (DOW 66003800)
  [15/55] Gary Pond (DOW 66013000)
  [16/55] Glen Wondra Pond (DOW 66012200)
  [17/55] Goose (DOW 66003700)
  [18/55] Grant Pond (DOW 66012800)
  [19/55] Hart (DOW 66000300)
  [20/55] Hatch (DOW 66006300)
  [21/55] Hunt (DOW 66004700)
  [22/55] Jenifer Pond (DOW 66013300)
  [23/55] Kelly (DOW 66001500)
  [24/55] LeMay (DOW 66005600)
  [25/55] Little Chicago Pond (DOW 66014000)
  [26/55] Logue (DOW 66005700)
  [27/55] Lower Sakatah (DOW 66004400)
  [28/55] Lyman (DOW 66009500)
  [29/55] Mazaska (DOW 66003900)
  [30/55] Metogga (DOW 66006400)
  [31/55] Michael Pond (DOW 66012900)
  [32/55] Montgomery Pond (DOW 66013900)
  [33/55] Mormon (DOW 66004300)
  [34/55] Morristown Pond (DOW 66012600)
  [35/55] Mud (DOW 66002300)
  [36/55] Mud (DOW 66005400)
  [37/55] Nadine Pond (DOW 66013400)
  [38/55] Odette Pond (DOW 66013500)
  [39/55] Phelps (DOW 66006200)
  [40/55] Pooles (DOW 66004600)
  [41/55] Rice (DOW 66004800)
  [42/55] Roberds (DOW 66001800)
  [43/55] Shields (DOW 66005500)
  [44/55] Silver (DOW 66006600)
  [45/55] Sprague (DOW 66004500)
  [46/55] Tony Pond (DOW 66013700)
  [47/55] Twin (DOW 66000600)
  [48/55] Twin (DOW 66000200)
  [49/55] Union (DOW 66003200)
  [50/55] Vicki Pond (DOW 66013600)
  [51/55] Webster Pond (DOW 66013800)
  [52/55] Weinberger (DOW 66004100)
  [53/55] Wells (DOW 66001000)
  [54/55] Willing (DOW 66005100)
  [55/55] Wondra Marsh (DOW 66008900)
  Done with Rice County.

[67/87] Fetching Rock County...
  Found 5 lakes.
  [1/5] Hills Reservoir (DOW 67001200)
  [2/5] Luverne Pit (DOW 67001300)
  [3/5] Luverne Veterans Pond (DOW 67001400)
  [4/5] North Mound Springs (DOW 67000100)
  [5/5] South Mound Springs (DOW 67000200)
  Done with Rock County.

[68/87] Fetching Roseau County...
  Found 5 lakes.
  [1/5] Hayes (DOW 68000400)
  [2/5] Marvin (DOW 68000200)
  [3/5] Mud (DOW 68000100)
  [4/5] Red WMA Dam #3 (DOW 68013300)
  [5/5] Red WMA Dam #4 (DOW 68013200)
  Done with Roseau County.

[69/87] Fetching St. Louis County...
  Found 907 lakes.
  [1/907] Ace (DOW 69001300)
  [2/907] Achundo (DOW 69048600)
  [3/907] Admiral (DOW 69139200)
  [4/907] Aerie (DOW 69070100)
  [5/907] Agassa (DOW 69017600)
  [6/907] Agawato (DOW 69033400)
  [7/907] Agnes (DOW 69022300)
  [8/907] Agnes (DOW 69083000)
  [9/907] Airport Pond (DOW 69138100)
  [10/907] Alden (DOW 69013100)
  [11/907] Alf (DOW 69058600)
  [12/907] Allen (DOW 69068700)
  [13/907] Alruss (DOW 69000500)
  [14/907] American (DOW 69014200)
  [15/907] Amundsen (DOW 69081700)
  [16/907] Anchor (DOW 69064100)
  [17/907] Andy (DOW 69061800)
  [18/907] Angleworm (DOW 69009600)
  [19/907] Anne (DOW 69054100)
  [20/907] Antoinette (DOW 69022500)
  [21/907] Apple (DOW 69039200)
  [22/907] Arch (DOW 69035900)
  [23/907] Argo (DOW 69005300)
  [24/907] Armstrong (DOW 69027800)
  [25/907] Arthur (DOW 69015400)
  [26/907] Artichoke (DOW 69062300)
  [27/907] Ash (DOW 69086400)
  [28/907] Astrid (DOW 69058900)
  [29/907] Auchagah (DOW 69047600)
  [30/907] Auto (DOW 69073100)
  [31/907] Baldpate (DOW 69020000)
  [32/907] Baldpate (DOW 69019800)
  [33/907] Balkan (DOW 69086000)
  [34/907] Ban (DOW 69074200)
  [35/907] Barrs (DOW 69013200)
  [36/907] Bass (DOW 69055300)
  [37/907] Bass (DOW 69140000)
  [38/907] Bass (DOW 69006300)
  [39/907] Bass (DOW 69044600)
  [40/907] Bass (DOW 69054300)
  [41/907] Bassett (DOW 69004100)
  [42/907] Bathtub (DOW 69092700)
  [43/907] Batista (DOW 69020100)
  [44/907] Battle (DOW 69030000)
  [45/907] Bay (DOW 69088800)
  [46/907] Baylis (DOW 69059600)
  [47/907] Bear (DOW 69053900)
  [48/907] Bear (DOW 69038000)
  [49/907] Bear (DOW 69011200)
  [50/907] Bear Head (DOW 69025400)
  [51/907] Bear Head (main lake) (DOW 69025401)
  [52/907] Bear Head (northerly-most northwest bay) (DOW 69025402)
  [53/907] Bear Island (DOW 69011500)
  [54/907] Beartrack (DOW 69048000)
  [55/907] Bear Trap (DOW 69008900)
  [56/907] Beast (DOW 69083700)
  [57/907] Beatty (DOW 69048300)
  [58/907] Beaver (DOW 69021600)
  [59/907] Beaver (DOW 69050700)
  [60/907] Beaver (DOW 69043800)
  [61/907] Beaver (DOW 69050100)
  [62/907] Beaver (DOW 69079100)
  [63/907] Beaver Pond (Watertower) (DOW 69140100)
  [64/907] Bell (DOW 69080500)
  [65/907] Berg (DOW 69053800)
  [66/907] Bergen (DOW 69051500)
  [67/907] Berle (DOW 69094700)
  [68/907] Bezhik (DOW 69031900)
  [69/907] Bibon (DOW 69020700)
  [70/907] Big (DOW 69019000)
  [71/907] Big (DOW 69005000)
  [72/907] Big Bear (DOW 69011300)
  [73/907] Big Moose (DOW 69031600)
  [74/907] Big Rice (DOW 69017800)
  [75/907] Big Rice (DOW 69066900)
  [76/907] Big Rosendahl (DOW 69073900)
  [77/907] Big Ruby (DOW 69033300)
  [78/907] Birch (DOW 69000300)
  [79/907] Bird (DOW 69098700)
  [80/907] Biskey Pond (DOW 69137300)
  [81/907] Black (DOW 69074000)
  [82/907] Black (DOW 69056900)
  [83/907] Black Duck (DOW 69084200)
  [84/907] Blackfoot (DOW 69040700)
  [85/907] Black Mallard (DOW 69004700)
  [86/907] Blackwood (DOW 69085000)
  [87/907] Blueberry (DOW 69005400)
  [88/907] Blueberry (DOW 69021500)
  [89/907] Bluebill (DOW 69071300)
  [90/907] Bluebird (DOW 69075100)
  [91/907] Bog (DOW 69077000)
  [92/907] Bog (DOW 69081100)
  [93/907] Boot (DOW 69010000)
  [94/907] Boot (DOW 69086800)
  [95/907] Bootleg (DOW 69045200)
  [96/907] Borg (DOW 69072000)
  [97/907] Bottle (DOW 69106400)
  [98/907] Bottle (Canada) (DOW 69106400)
  [99/907] Boulder (DOW 69030200)
  [100/907] Boulder (DOW 69037300)
  [101/907] Boulder (DOW 69013800)
  [102/907] Bourassa (DOW 69047100)
  [103/907] Boyer (DOW 69001200)
  [104/907] Braun (DOW 69092600)
  [105/907] Breda (DOW 69003700)
  [106/907] Briar (DOW 69012800)
  [107/907] Brieand (DOW 69038700)
  [108/907] Brown (DOW 69003100)
  [109/907] Brown (DOW 69083900)
  [110/907] Bryan (DOW 69101200)
  [111/907] Buck (DOW 69038100)
  [112/907] Buckley Pond (DOW 69137500)
  [113/907] Buckshot (DOW 69030900)
  [114/907] Bug (DOW 69080800)
  [115/907] Bundle (DOW 69004300)
  [116/907] Bunggee (DOW 69010700)
  [117/907] Burgo (DOW 69006800)
  [118/907] Burns Pit (DOW 69137800)
  [119/907] Burntside (DOW 69011800)
  [120/907] Butterball (DOW 69004400)
  [121/907] Buzz (DOW 69001000)
  [122/907] Cadotte (DOW 69011400)
  [123/907] Cameron (DOW 69054500)
  [124/907] Cameron (DOW 69023700)
  [125/907] Camp (DOW 69026500)
  [126/907] Camp A (DOW 69078800)
  [127/907] Canary (DOW 69005500)
  [128/907] Candle (DOW 69079200)
  [129/907] Canthook (DOW 69031800)
  [130/907] Canton Pit (DOW 69129400)
  [131/907] Carey (DOW 69085600)
  [132/907] Caribou (DOW 69048900)
  [133/907] Carlson (DOW 69074600)
  [134/907] Cedar (DOW 69043100)
  [135/907] Cedar (DOW 69055900)
  [136/907] Cedar Island (DOW 69056800)
  [137/907] Cedar Island (N.Portion) (DOW 69056801)
  [138/907] Cedar Island (S.Portion) (DOW 69056802)
  [139/907] Central (DOW 69063700)
  [140/907] Chad (DOW 69045000)
  [141/907] Chant (DOW 69017200)
  [142/907] Charm (DOW 69035100)
  [143/907] Chase (DOW 69036100)
  [144/907] Chez Pond (DOW 69146500)
  [145/907] Chris (DOW 69001900)
  [146/907] Chub (DOW 69081500)
  [147/907] Clark (DOW 69030700)
  [148/907] Clear (DOW 69027700)
  [149/907] Clear (DOW 69079900)
  [150/907] Clear (DOW 69074700)
  [151/907] Clear (Threemile) (DOW 69078400)
  [152/907] Clearwater (DOW 69039700)
  [153/907] Clearwater (DOW 69091800)
  [154/907] Clover (DOW 69070600)
  [155/907] Coe (DOW 69056200)
  [156/907] Colby (DOW 69024900)
  [157/907] Cold (DOW 69015500)
  [158/907] Coldwater Pond (DOW 69147700)
  [159/907] Comet (DOW 69026700)
  [160/907] Contest (DOW 69020900)
  [161/907] Coo (DOW 69017300)
  [162/907] Cooks (DOW 69039300)
  [163/907] Coon (DOW 69088500)
  [164/907] Coon's Gravel Pit (DOW 69050110)
  [165/907] Corner (DOW 69081400)
  [166/907] Correction (DOW 69062900)
  [167/907] Coxey Pond (DOW 69018600)
  [168/907] Crab (DOW 69022000)
  [169/907] Cranberry (DOW 69026300)
  [170/907] Cranberry (DOW 69014700)
  [171/907] Crane (DOW 69061600)
  [172/907] Crellin (DOW 69045900)
  [173/907] Crooked (DOW 69070300)
  [174/907] Cruiser (DOW 69083200)
  [175/907] Crystal (DOW 69064500)
  [176/907] Cub (DOW 69131800)
  [177/907] Cummings (DOW 69032500)
  [178/907] Cummings (DOW 69022100)
  [179/907] Dale (DOW 69119300)
  [180/907] Daniel's Pond (DOW 69137900)
  [181/907] Dark (DOW 69020200)
  [182/907] Dark (DOW 69079000)
  [183/907] Day (DOW 69090600)
  [184/907] Dean (DOW 69078200)
  [185/907] Deep (DOW 69066600)
  [186/907] Deep Pond (DOW 69130800)
  [187/907] Deepwater (DOW 69039900)
  [188/907] Deepwater (DOW 69085800)
  [189/907] Dent (DOW 69024700)
  [190/907] Deposit (DOW 69047200)
  [191/907] Devine (DOW 69003200)
  [192/907] Dew (DOW 69139800)
  [193/907] Dewey (DOW 69091200)
  [194/907] Dewey (DOW 69141900)
  [195/907] Dinham (DOW 69054400)
  [196/907] Dodo (DOW 69052300)
  [197/907] Dogfish (DOW 69033800)
  [198/907] Doherty (DOW 69076300)
  [199/907] Dollar (DOW 69091600)
  [200/907] Dollar (DOW 69053400)
  [201/907] Donna (DOW 69094100)
  [202/907] Dovre (DOW 69060400)
  [203/907] Dry (DOW 69006400)
  [204/907] Duck (DOW 69019100)
  [205/907] Dugout (DOW 69045100)
  [206/907] Duluth/Superior Harbor (DOW 69129101)
  [207/907] Duluth/Superior Harbor (WI) (DOW 69129101)
  [208/907] Dunka Pit (DOW 69144400)
  [209/907] Eagle (DOW 69023800)
  [210/907] Eagles Nest #1 (DOW 69028501)
  [211/907] Eagles Nest #2 (DOW 69028502)
  [212/907] Eagles Nest #3 (DOW 69028503)
  [213/907] Eagles Nest No. Four (DOW 69021800)
  [214/907] East Robinson (DOW 69016200)
  [215/907] East Stone (DOW 69063800)
  [216/907] East Twin (DOW 69017400)
  [217/907] East Twin (DOW 69069500)
  [218/907] East Twin (DOW 69016301)
  [219/907] East Vermilion (DOW 69037801)
  [220/907] Echo (DOW 69061500)
  [221/907] Echo Rapids Pond (DOW 69060000)
  [222/907] Ed Shave (DOW 69019900)
  [223/907] Eier (DOW 69070200)
  [224/907] Ek (DOW 69084300)
  [225/907] Elbow (DOW 69074400)
  [226/907] Elbow (DOW 69071700)
  [227/907] Elbow (DOW 69093000)
  [228/907] Elephant (DOW 69081000)
  [229/907] Elk (DOW 69092400)
  [230/907] Elliot (DOW 69064200)
  [231/907] Ely (DOW 69066000)
  [232/907] Embarrass (DOW 69049600)
  [233/907] Emerald (DOW 69033500)
  [234/907] Eramus (DOW 69040100)
  [235/907] Erickson (DOW 69007200)
  [236/907] Erickson (DOW 69016400)
  [237/907] Esquagama (DOW 69056500)
  [238/907] Esswhtar (DOW 69012700)
  [239/907] Eugene (DOW 69047300)
  [240/907] Evelyn (DOW 69094200)
  [241/907] Everett (DOW 69012000)
  [242/907] Fairy (DOW 69009400)
  [243/907] Falls (DOW 69037700)
  [244/907] Fat (DOW 69034900)
  [245/907] Fat (DOW 69048100)
  [246/907] Fawn (DOW 69067000)
  [247/907] Fenske (DOW 69008500)
  [248/907] Ferello (DOW 69034600)
  [249/907] Fig (DOW 69064400)
  [250/907] Finberg (DOW 69089302)
  [251/907] Finger (DOW 69034800)
  [252/907] Finstad (DOW 69061400)
  [253/907] First (DOW 69011900)
  [254/907] Fishing (DOW 69027000)
  [255/907] Fish Lake Flowage (DOW 69049100)
  [256/907] Fish Lk Flowage (East Bay) (DOW 69049102)
  [257/907] Fish Lk Flowage (Main Bay) (DOW 69049101)
  [258/907] Fishmouth (DOW 69083400)
  [259/907] Five Mile (DOW 69028800)
  [260/907] Fiver (DOW 69044000)
  [261/907] Floodwood (DOW 69088400)
  [262/907] Flowage (DOW 69039400)
  [263/907] Foolish (Merlin) (DOW 69139700)
  [264/907] Fools Gold (DOW 69049900)
  [265/907] Forge (DOW 69057200)
  [266/907] Foss (DOW 69031400)
  [267/907] Four Mile (DOW 69028100)
  [268/907] Fourteen (DOW 69079300)
  [269/907] Fourth (DOW 69057300)
  [270/907] Fox (DOW 69020400)
  [271/907] Franklin (DOW 69075400)
  [272/907] Frying Pan (DOW 69042200)
  [273/907] Gabrielson (DOW 69086100)
  [274/907] Gafvert (DOW 69028000)
  [275/907] Gannon (DOW 69081900)
  [276/907] Gansey (DOW 69091300)
  [277/907] Gate (DOW 69079500)
  [278/907] Ge-Be-On-Equat (DOW 69035000)
  [279/907] George (DOW 69004000)
  [280/907] Geraldine (DOW 69016900)
  [281/907] Gilbert Pit (DOW 69130600)
  [282/907] Gill (DOW 69066700)
  [283/907] Glenmore (DOW 69029200)
  [284/907] Glimmer (DOW 69030600)
  [285/907] Godfrey-Glen Pit (DOW 69133100)
  [286/907] Golden Pond (DOW 69063000)
  [287/907] Golf Course Pond (DOW 69134500)
  [288/907] Gowan (DOW 69045400)
  [289/907] Grand (DOW 69051100)
  [290/907] Grande (DOW 69094000)
  [291/907] Grass (DOW 69077600)
  [292/907] Grassy (DOW 69008200)
  [293/907] Green (DOW 69035800)
  [294/907] Grytal (DOW 69052600)
  [295/907] Gull (DOW 69009200)
  [296/907] Gun (DOW 69048700)
  [297/907] Gun (DOW 69009300)
  [298/907] Gustafson (DOW 69059300)
  [299/907] Hag (DOW 69036600)
  [300/907] Half Moon (DOW 69065700)
  [301/907] Hammer (DOW 69070700)
  [302/907] Hanson (DOW 69139600)
  [303/907] Hanson (DOW 69018900)
  [304/907] Hardtack (DOW 69007400)
  [305/907] Harriet (DOW 69089600)
  [306/907] Harris (DOW 69014600)
  [307/907] Hart (DOW 69041300)
  [308/907] Hart (DOW 69000600)
  [309/907] Harvey (DOW 69065800)
  [310/907] Hassel (DOW 69029900)
  [311/907] Haunted (DOW 69034700)
  [312/907] Hautala (DOW 69042500)
  [313/907] Hay (DOW 69043500)
  [314/907] Hay (DOW 69015000)
  [315/907] Hay (DOW 69043900)
  [316/907] Hay (DOW 69044100)
  [317/907] Hay (DOW 69057900)
  [318/907] Hay (DOW 69041700)
  [319/907] Headquarters (DOW 69076600)
  [320/907] Heart (DOW 69139500)
  [321/907] Heikkala (DOW 69056000)
  [322/907] Heikkila (DOW 69084600)
  [323/907] Heikkila (DOW 69064800)
  [324/907] Heikkilla (DOW 69025300)
  [325/907] Hendrickson (DOW 69040500)
  [326/907] Heritage (DOW 69046900)
  [327/907] Herriman (DOW 69060300)
  [328/907] Hicks (DOW 69032400)
  [329/907] High (DOW 69007100)
  [330/907] Hills (DOW 69138900)
  [331/907] Hintsa (DOW 69085100)
  [332/907] Hobo (DOW 69006200)
  [333/907] Hobson (DOW 69092300)
  [334/907] Hockey (DOW 69084900)
  [335/907] Holmsey (DOW 69002600)
  [336/907] Holter (DOW 69026200)
  [337/907] Holy (DOW 69008700)
  [338/907] Home (DOW 69009500)
  [339/907] Hoodoo (DOW 69080200)
  [340/907] Hook (DOW 69018200)
  [341/907] Hopkins (DOW 69010100)
  [342/907] Hornby (DOW 69003300)
  [343/907] Horseshoe (DOW 69025500)
  [344/907] Horseshoe (DOW 69023200)
  [345/907] Horseshoe (DOW 69050300)
  [346/907] Horseshoe (DOW 69065400)
  [347/907] Hulligan (DOW 69024400)
  [348/907] Hunch (DOW 69017900)
  [349/907] Hunter (DOW 69039600)
  [350/907] Hush (DOW 69098800)
  [351/907] Hustler (DOW 69034300)
  [352/907] Indian (DOW 69002300)
  [353/907] Iron (DOW 69015200)
  [354/907] Iron (DOW 69012100)
  [355/907] Iron (Canada) (DOW 69012100)
  [356/907] Iron Chief Complex (DOW 69142800)
  [357/907] Isaac (DOW 69015800)
  [358/907] Island (DOW 69088900)
  [359/907] Island (DOW 69026600)
  [360/907] Island (DOW 69091100)
  [361/907] Island Lake Reservoir (DOW 69037200)
  [362/907] Island Lake Rsvr(E.Basin) (DOW 69037202)
  [363/907] Island Lake Rsvr(W.Basin) (DOW 69037201)
  [364/907] Jacob (DOW 69007700)
  [365/907] Jacobs (DOW 69023100)
  [366/907] Jamer (DOW 69073700)
  [367/907] James (DOW 69002900)
  [368/907] James (DOW 69073400)
  [369/907] Janette (DOW 69088700)
  [370/907] Jean (DOW 69132000)
  [371/907] Jeanette (DOW 69045600)
  [372/907] Jig (DOW 69021900)
  [373/907] John Henry Pond (DOW 69137600)
  [374/907] Johnson (DOW 69053000)
  [375/907] Johnson (DOW 69069100)
  [376/907] Johnson (DOW 69011700)
  [377/907] Johnson Pond (DOW 69141700)
  [378/907] Joker (DOW 69001500)
  [379/907] Jonathan (DOW 69031700)
  [380/907] Jorgens (DOW 69086700)
  [381/907] Joseph (DOW 69015700)
  [382/907] Judson Mine Pit (DOW 69129500)
  [383/907] Jutila (DOW 69080100)
  [384/907] Kabetogama (DOW 69084500)
  [385/907] Kabustasa (DOW 69067900)
  [386/907] Kahtava (DOW 69042100)
  [387/907] Kangas (DOW 69005700)
  [388/907] Kapla (DOW 69071800)
  [389/907] Kaunonen (DOW 69025200)
  [390/907] Kauppi (DOW 69063100)
  [391/907] Keenan (DOW 69071900)
  [392/907] Kelly (DOW 69090100)
  [393/907] Kelsey (DOW 69021200)
  [394/907] Kendall (DOW 69072700)
  [395/907] King (DOW 69000800)
  [396/907] Kingberg (DOW 69077100)
  [397/907] Kinney (DOW 69078100)
  [398/907] Kjostad (DOW 69074800)
  [399/907] Kjostad Pond (DOW 69142200)
  [400/907] Kleffman (DOW 69127300)
  [401/907] Knute (DOW 69060700)
  [402/907] Kookoosh (DOW 69000900)
  [403/907] Korb (DOW 69031500)
  [404/907] Kylen (DOW 69003400)
  [405/907] Kyrola Pond 1 (DOW 69037501)
  [406/907] Kyrola Pond 2 (DOW 69037502)
  [407/907] Kyrola Pond 3 (DOW 69037503)
  [408/907] Kyrola Pond 4 (DOW 69037504)
  [409/907] Lac la Croix (DOW 69022400)
  [410/907] Lac la Croix (Canada) (DOW 69022400)
  [411/907] Lamb (DOW 69034100)
  [412/907] Lanta (DOW 69014500)
  [413/907] La Pond (DOW 69017700)
  [414/907] Lawler (DOW 69027600)
  [415/907] Leaf (DOW 69061000)
  [416/907] Leander (DOW 69079600)
  [417/907] Leeman (DOW 69087500)
  [418/907] Legend (DOW 69022200)
  [419/907] Lempia (DOW 69044400)
  [420/907] Leora (DOW 69052100)
  [421/907] Levindusky (DOW 69062600)
  [422/907] Lieung (DOW 69012300)
  [423/907] Linwood (DOW 69024800)
  [424/907] Little (DOW 69005600)
  [425/907] Little (DOW 69132500)
  [426/907] Little (DOW 69055100)
  [427/907] Little Alden (DOW 69013000)
  [428/907] Little Armstrong (DOW 69027900)
  [429/907] Little Bass (DOW 69139400)
  [430/907] Little Beartrack (DOW 69047900)
  [431/907] Little Beartrack (DOW 69038600)
  [432/907] Little Birch (DOW 69027100)
  [433/907] Little Butterball (DOW 69004900)
  [434/907] Little Coyote (DOW 69002100)
  [435/907] Little Crab (DOW 69029600)
  [436/907] Little Dry (DOW 69104000)
  [437/907] Little Elbow (DOW 69132900)
  [438/907] Little Esquagama (DOW 69056400)
  [439/907] Little Fawn (DOW 69139300)
  [440/907] Little Finberg (DOW 69089301)
  [441/907] Little Grand (DOW 69050600)
  [442/907] Little Grand (DOW 69051300)
  [443/907] Little Harriet (DOW 69089700)
  [444/907] Little Hustler (DOW 69033200)
  [445/907] Little Johnson (DOW 69076000)
  [446/907] Little Lillian (DOW 69132400)
  [447/907] Little Long (DOW 69006600)
  [448/907] Little Long (DOW 69052800)
  [449/907] Little Loon (DOW 69048400)
  [450/907] Little Lost (DOW 69102900)
  [451/907] Little Markham (DOW 69041600)
  [452/907] Little McQuade (DOW 69077400)
  [453/907] Little Mesaba (DOW 69043600)
  [454/907] Little Mud Hen (DOW 69054800)
  [455/907] Little Paleface (DOW 69053700)
  [456/907] Little Rice (DOW 69061200)
  [457/907] Little Rice (DOW 69018000)
  [458/907] Little Round (DOW 69139900)
  [459/907] Little Sand (DOW 69073200)
  [460/907] Little Sandy (DOW 69072900)
  [461/907] Little Shell (DOW 69038400)
  [462/907] Little Skeleton (DOW 69025800)
  [463/907] Little Sletten (DOW 69008600)
  [464/907] Little Stone (DOW 69002800)
  [465/907] Little Sturgeon (DOW 69129000)
  [466/907] Little Tony (DOW 69063900)
  [467/907] Little Trout (DOW 69045500)
  [468/907] Little Trout (DOW 69068200)
  [469/907] Little Vermilion (DOW 69060800)
  [470/907] Little Vermilion (Canada) (DOW 69060800)
  [471/907] Locator (DOW 69093600)
  [472/907] Logging Camp Pond (DOW 69147600)
  [473/907] Loiten (DOW 69087200)
  [474/907] Lon (DOW 69058400)
  [475/907] Long (DOW 69076500)
  [476/907] Long (DOW 69085900)
  [477/907] Long (DOW 69065300)
  [478/907] Long (DOW 69049300)
  [479/907] Long (DOW 69049500)
  [480/907] Long (DOW 69050900)
  [481/907] Long (Main Basin) (DOW 69085901)
  [482/907] Long (North Basin) (DOW 69085902)
  [483/907] Longyear (DOW 69085700)
  [484/907] Longyear (North) (DOW 69085701)
  [485/907] Longyear (South) (DOW 69085702)
  [486/907] Loon (DOW 69047000)
  [487/907] Loon (DOW 69042600)
  [488/907] Loon (Canada) (DOW 69047000)
  [489/907] Loren (DOW 69002000)
  [490/907] Lost (DOW 69061100)
  [491/907] Lost (DOW 69051600)
  [492/907] Lost (DOW 69058100)
  [493/907] Lost (DOW 69012400)
  [494/907] Lost (DOW 69055600)
  [495/907] Lost (DOW 69069800)
  [496/907] Lost Man (DOW 69078900)
  [497/907] Lost Pond (DOW 69141000)
  [498/907] Louise (DOW 69132300)
  [499/907] Loven (DOW 69091900)
  [500/907] Low (DOW 69007000)
  [501/907] Lower Comstock (DOW 69041202)
  [502/907] Lower Pauness (DOW 69046400)
  [503/907] Lower Twin Pond (DOW 69096702)
  [504/907] Lucille (DOW 69069200)
  [505/907] Lucky Finn (DOW 69035400)
  [506/907] Luna (DOW 69093100)
  [507/907] Lunetta (DOW 69029500)
  [508/907] Luoma Pond (DOW 69147100)
  [509/907] Lynx (DOW 69038300)
  [510/907] Maher Pond (DOW 69138200)
  [511/907] Majestic (DOW 69072100)
  [512/907] Mallard (DOW 69071200)
  [513/907] Manganika (DOW 69072600)
  [514/907] Maple Leaf (DOW 69070000)
  [515/907] Marion (DOW 69013600)
  [516/907] Marion (DOW 69075500)
  [517/907] Markham (DOW 69041400)
  [518/907] Martin (DOW 69076800)
  [519/907] Mashkenode (DOW 69072500)
  [520/907] Maude (DOW 69059000)
  [521/907] Maxine (DOW 69017000)
  [522/907] McCabe Pond (DOW 69140200)
  [523/907] McCormack (DOW 69091400)
  [524/907] McKinley (DOW 69057000)
  [525/907] McNiven (DOW 69100700)
  [526/907] McQuade (DOW 69077500)
  [527/907] Meadow (DOW 69016500)
  [528/907] Meander (DOW 69032900)
  [529/907] Meat (DOW 69030500)
  [530/907] Medley (DOW 69018300)
  [531/907] Merrill (DOW 69089100)
  [532/907] Merritt (DOW 69058300)
  [533/907] Mesaba Park (DOW 69077800)
  [534/907] Middle Sturgeon (DOW 69093902)
  [535/907] Miller Pit West (DOW 69130700)
  [536/907] Miner's Pit (DOW 69129300)
  [537/907] Minister (DOW 69006500)
  [538/907] Minnow (DOW 69140400)
  [539/907] Minnow (DOW 69073300)
  [540/907] Mirror (DOW 69023400)
  [541/907] Mitchell (DOW 69011600)
  [542/907] Moberg (DOW 69084700)
  [543/907] Mogie (DOW 69039100)
  [544/907] Moilan (DOW 69060900)
  [545/907] Moon (DOW 69065900)
  [546/907] Moose (DOW 69044200)
  [547/907] Moose (DOW 69079800)
  [548/907] Moose (DOW 69075000)
  [549/907] Moose (DOW 69080600)
  [550/907] Moose (DOW 69002200)
  [551/907] Moran (DOW 69093800)
  [552/907] Moran (North Basin) (DOW 69093801)
  [553/907] Moran (South Basin) (DOW 69093802)
  [554/907] Morcom (DOW 69053600)
  [555/907] Morgan (DOW 69040400)
  [556/907] Moska (DOW 69131700)
  [557/907] Mott Pit (DOW 69130200)
  [558/907] Mouse (DOW 69024300)
  [559/907] Muckwa (DOW 69015900)
  [560/907] Mud (DOW 69149000)
  [561/907] Mud (DOW 69006000)
  [562/907] Mud (DOW 69065200)
  [563/907] Mud (DOW 69014800)
  [564/907] Mud (DOW 69051700)
  [565/907] Mud (DOW 69082300)
  [566/907] Mud (DOW 69080000)
  [567/907] Mud (DOW 69056700)
  [568/907] Mud (DOW 69027500)
  [569/907] Mud (DOW 69015100)
  [570/907] Mud (DOW 69004200)
  [571/907] Mud (DOW 69066500)
  [572/907] Mud (DOW 69051200)
  [573/907] Mud (DOW 69072300)
  [574/907] Mud Hen (DOW 69049400)
  [575/907] Mudhole (DOW 69009100)
  [576/907] Mud Hole (DOW 69039500)
  [577/907] Mudro (DOW 69007800)
  [578/907] Mug (DOW 69109500)
  [579/907] Mukooda (DOW 69068400)
  [580/907] Mulden (DOW 69073800)
  [581/907] Mule (DOW 69019300)
  [582/907] Murphey (DOW 69137400)
  [583/907] Murphy (DOW 69064600)
  [584/907] Muskrat (DOW 69070500)
  [585/907] Myrtle (DOW 69074900)
  [586/907] Nahimana (DOW 69035300)
  [587/907] Namakan (DOW 69069300)
