
[39/87] Fetching Lake of the Woods County...
  Found 14 lakes.
  [1/14] Keller Dam (DOW 39000700)
  [2/14] Lake of the Woods (Canada) (DOW 39000200)
  [3/14] Lake of the Woods (Canada) (DOW 39000200)
  [4/14] Lake of the Woods (Fourmile Bay) (DOW 39000202)
  [5/14] Lake of the Woods (Main) (DOW 39000201)
  [6/14] Lake of the Woods (MN) (DOW 39000200)
  [7/14] Litlow Pond (DOW 39004000)
  [8/14] Lost (DOW 39000500)
  [9/14] Manweiler Dam (DOW 39000800)
  [10/14] Norquist (DOW 39000400)
  [11/14] North Unit (DOW 39000900)
  [12/14] Red  WMA Dam No.1 (DOW 39001100)
  [13/14] Resolute Pond (DOW 39004100)
  [14/14] Winter Road (DOW 39000300)
  Done with Lake of the Woods County.

[40/87] Fetching Le Sueur County...
  Found 88 lakes.
  [1/88] Borer (DOW 40001900)
  [2/88] Bossuot (DOW 40007300)
  [3/88] Boulder Shore Pond (DOW 40018100)
  [4/88] Clear (DOW 40007900)
  [5/88] Diamond (DOW 40001300)
  [6/88] Dietz (DOW 40003000)
  [7/88] Dog (DOW 40011200)
  [8/88] Dora (DOW 40001000)
  [9/88] East Jefferson (DOW 40009201)
  [10/88] Eggert (DOW 40002900)
  [11/88] Ely (DOW 40011600)
  [12/88] Emily (DOW 40012400)
  [13/88] Emily (DOW 40011800)
  [14/88] Fish (DOW 40005100)
  [15/88] Frances (DOW 40005700)
  [16/88] German (DOW 40006300)
  [17/88] Goose (DOW 40000800)
  [18/88] Goose (DOW 40007200)
  [19/88] Gorman (DOW 40003200)
  [20/88] Gorman Spawning Area (DOW 40017500)
  [21/88] Greenleaf (DOW 40002000)
  [22/88] Henry (DOW 40010400)
  [23/88] Horseshoe (DOW 40000100)
  [24/88] Huoy (DOW 40011000)
  [25/88] Long (DOW 40012200)
  [26/88] Mabel (DOW 40001100)
  [27/88] Mareks (DOW 40008600)
  [28/88] Mary (DOW 40007800)
  [29/88] Middle Jefferson (DOW 40009204)
  [30/88] Mud (DOW 40002600)
  [31/88] Mud (DOW 40008000)
  [32/88] Mud (DOW 40008300)
  [33/88] Mud (DOW 40007400)
  [34/88] North Goldsmith (DOW 40012000)
  [35/88] Pepin (DOW 40002800)
  [36/88] Perch (DOW 40005400)
  [37/88] Plaza (DOW 40012100)
  [38/88] Rays (DOW 40005600)
  [39/88] Rice (DOW 40001600)
  [40/88] Rice (DOW 40011400)
  [41/88] Rice (DOW 40003700)
  [42/88] Rice (North portion) (DOW 40011401)
  [43/88] Rice (South portion) (DOW 40011402)
  [44/88] Roemhildts (DOW 40003900)
  [45/88] Round (DOW 40005900)
  [46/88] Sabre (DOW 40001400)
  [47/88] Sanborn (DOW 40002700)
  [48/88] Sand Ponds (DOW 40018200)
  [49/88] Sasse (DOW 40004000)
  [50/88] Sautter (DOW 40008700)
  [51/88] Savidge (DOW 40010700)
  [52/88] Scotch (DOW 40010900)
  [53/88] Sheas (DOW 40009000)
  [54/88] Silver (DOW 40004800)
  [55/88] Silver (DOW 40010600)
  [56/88] Sleepy Eye (DOW 40006800)
  [57/88] South Goldsmith (DOW 40010800)
  [58/88] Spring (DOW 40012300)
  [59/88] Stangler's Pond (DOW 40018000)
  [60/88] Steele (DOW 40004400)
  [61/88] Sunfish (DOW 40000900)
  [62/88] Swains (DOW 40005500)
  [63/88] Swede's Bay (DOW 40009203)
  [64/88] Tetonka (DOW 40003100)
  [65/88] Tetonka Spawning Area (DOW 40017300)
  [66/88] Thomas (DOW 40009500)
  [67/88] Tustin (DOW 40006100)
  [68/88] Upper Sakatah (DOW 40000200)
  [69/88] Volney (DOW 40003300)
  [70/88] Washington (DOW 40011700)
  [71/88] Waterville Hatchery Ponds (1) (DOW 40017201)
  [72/88] Waterville Hatchery Ponds (10) (DOW 40017210)
  [73/88] Waterville Hatchery Ponds (11) (DOW 40017211)
  [74/88] Waterville Hatchery Ponds (12) (DOW 40017212)
  [75/88] Waterville Hatchery Ponds (13) (DOW 40017213)
  [76/88] Waterville Hatchery Ponds (14) (DOW 40017214)
  [77/88] Waterville Hatchery Ponds (15) (DOW 40017215)
  [78/88] Waterville Hatchery Ponds (16) (DOW 40017216)
  [79/88] Waterville Hatchery Ponds (2) (DOW 40017202)
  [80/88] Waterville Hatchery Ponds (3) (DOW 40017203)
  [81/88] Waterville Hatchery Ponds (4) (DOW 40017204)
  [82/88] Waterville Hatchery Ponds (5) (DOW 40017205)
  [83/88] Waterville Hatchery Ponds (6) (DOW 40017206)
  [84/88] Waterville Hatchery Ponds (7) (DOW 40017207)
  [85/88] Waterville Hatchery Ponds (8) (DOW 40017208)
  [86/88] Waterville Hatchery Ponds (9) (DOW 40017209)
  [87/88] West Jefferson (DOW 40009202)
  [88/88] W. Jefferson Spawning Area (DOW 40017400)
  Done with Le Sueur County.

[41/87] Fetching Lincoln County...
  Found 35 lakes.
  [1/35] Albers Pond (DOW 41016700)
  [2/35] Benton (DOW 41004300)
  [3/35] Biggs (DOW 41008400)
  [4/35] Christianson Farm Pond (DOW 41016900)
  [5/35] Curtis (DOW 41005800)
  [6/35] Dead Coon (DOW 41002100)
  [7/35] Dead Coon (Main Lake) (DOW 41002101)
  [8/35] Drietz (DOW 41007000)
  [9/35] East Twin (DOW 41010800)
  [10/35] Gislason (DOW 41002400)
  [11/35] Hauschild-Thanghe (DOW 41016800)
  [12/35] Hawksnest (DOW 41004500)
  [13/35] Hendricks (DOW 41011000)
  [14/35] Hendricks (SD) (DOW 41011000)
  [15/35] Kvernmo Marsh (DOW 41009500)
  [16/35] Mack Pond (DOW 41016600)
  [17/35] Miller Estate Farm Pond (DOW 41017100)
  [18/35] North Ash (DOW 41005500)
  [19/35] North Swan (DOW 41000400)
  [20/35] Oak (DOW 41006200)
  [21/35] Perch (DOW 41006700)
  [22/35] Pickeral (DOW 41005100)
  [23/35] Popowski (DOW 41004400)
  [24/35] Porter Reservoir (DOW 41015600)
  [25/35] Prairie Dell (DOW 41007600)
  [26/35] Recliner Pond (DOW 41017200)
  [27/35] Shaokotan (DOW 41008900)
  [28/35] South Ash (DOW 41005700)
  [29/35] South Stay (DOW 41003502)
  [30/35] South Swan (DOW 41001000)
  [31/35] Stay (DOW 41003400)
  [32/35] Steep Bank (DOW 41008200)
  [33/35] West Stay (DOW 41003501)
  [34/35] West Stay (DOW 41003500)
  [35/35] West Twin (DOW 41010200)
  Done with Lincoln County.

[42/87] Fetching Lyon County...
  Found 53 lakes.
  [1/53] Amiret WMA (DOW 42011200)
  [2/53] Brawner (DOW 42005400)
  [3/53] Brown Marsh (DOW 42005800)
  [4/53] Christianson Marsh (DOW 42000800)
  [5/53] Clear (DOW 42005500)
  [6/53] Conger's Slough (DOW 42009900)
  [7/53] Cottonwood (DOW 42001400)
  [8/53] East Twin (DOW 42007000)
  [9/53] Furgamme WMA (DOW 42010800)
  [10/53] Gadwell WMA (DOW 42004900)
  [11/53] Good Medicine WMA (DOW 42006100)
  [12/53] Goose (DOW 42009300)
  [13/53] Greenhead WMA (DOW 42000400)
  [14/53] Griffith-Glynn Farm Pond (DOW 42014900)
  [15/53] Highpoint (DOW 42008900)
  [16/53] Hively Marsh (DOW 42005700)
  [17/53] Independence Park (DOW 42012400)
  [18/53] Island (DOW 42009600)
  [19/53] Jackson Marsh (DOW 42000900)
  [20/53] Jacobsons Marsh (DOW 42003600)
  [21/53] Kass-Morgan Group Farm Pond (DOW 42014300)
  [22/53] Kruger-Gregoire Farm Pond (DOW 42013800)
  [23/53] Lady Slipper (DOW 42002000)
  [24/53] Lake of the Hill (DOW 42003200)
  [25/53] Lone Tree (DOW 42002800)
  [26/53] Long (DOW 42002900)
  [27/53] Lyons WMA (DOW 42005900)
  [28/53] Mahlke Marsh (DOW 42006000)
  [29/53] Majestic Pond (DOW 42015100)
  [30/53] McKay (DOW 42004300)
  [31/53] Mortier Slough (DOW 42008400)
  [32/53] North Twin (DOW 42000300)
  [33/53] Nyrocha Flats WMA (DOW 42007200)
  [34/53] Pochardt Slough (DOW 42008000)
  [35/53] Rock (DOW 42005200)
  [36/53] Roggeman Marsh (DOW 42001000)
  [37/53] Runholt Marsh (DOW 42001700)
  [38/53] Sanderson (DOW 42007100)
  [39/53] School Grove (DOW 42000200)
  [40/53] SE Clifton WMA (DOW 42011100)
  [41/53] Section Thirty-Three (DOW 42006600)
  [42/53] Sham (DOW 42001300)
  [43/53] Shelburne WMA (DOW 42010900)
  [44/53] Sodus WMA (DOW 42004200)
  [45/53] Sonstegard-Telste (DOW 42014200)
  [46/53] South Twin (DOW 42000500)
  [47/53] Spink (DOW 42004800)
  [48/53] Swift (DOW 42014600)
  [49/53] Walkup Slough (DOW 42009000)
  [50/53] Weltz Slough (DOW 42009200)
  [51/53] West Twin (DOW 42007400)
  [52/53] Wood (DOW 42007800)
  [53/53] Yankton (DOW 42004700)
  Done with Lyon County.

[43/87] Fetching McLeod County...
  Found 64 lakes.
  [1/64] Acoma Twp Pond #1 (DOW 43016300)
  [2/64] Acoma Twp Pond #2 (DOW 43016400)
  [3/64] Addie (DOW 43006100)
  [4/64] Allen (DOW 43009900)
  [5/64] Bakers (north portion) (DOW 43004801)
  [6/64] Barber (DOW 43010000)
  [7/64] Bear (DOW 43007600)
  [8/64] Campbells (DOW 43010800)
  [9/64] Cedar (DOW 43011500)
  [10/64] Clear (DOW 43010300)
  [11/64] Clear (DOW 43006000)
  [12/64] Coon (DOW 43002000)
  [13/64] Dettmans (DOW 43010200)
  [14/64] Eagle (DOW 43009800)
  [15/64] Echo (DOW 43008100)
  [16/64] Emily (DOW 43007400)
  [17/64] French (DOW 43010900)
  [18/64] Gerald Pond (DOW 43016500)
  [19/64] Grass (DOW 43001300)
  [20/64] Harrington (DOW 43007900)
  [21/64] Hobbit Pond (DOW 43016700)
  [22/64] Hook (DOW 43007300)
  [23/64] Kings (DOW 43005000)
  [24/64] Little Bear (DOW 43006700)
  [25/64] Longanans (DOW 43007000)
  [26/64] Lou Pond (DOW 43016203)
  [27/64] Marcus Pond (DOW 43016205)
  [28/64] Marion (DOW 43008400)
  [29/64] Marion (main bay) (DOW 43008401)
  [30/64] Marion (north bay) (DOW 43008402)
  [31/64] Marion (north marsh) (DOW 43008403)
  [32/64] Marion (northwest marsh) (DOW 43008404)
  [33/64] Mary (DOW 43005600)
  [34/64] Mud (DOW 43010600)
  [35/64] Mud (DOW 43010100)
  [36/64] Nass Pond (DOW 43016100)
  [37/64] Oak Leaf Park Pond (DOW 43016000)
  [38/64] O'Mera (DOW 43006800)
  [39/64] Otter (DOW 43008500)
  [40/64] Otter (Main Basin) (DOW 43008501)
  [41/64] Otter (North Arm/Campbells) (DOW 43008503)
  [42/64] Otter (South Arm) (DOW 43008502)
  [43/64] Peter Pond (DOW 43016600)
  [44/64] Pierce (DOW 43011200)
  [45/64] Piker's (DOW 43007800)
  [46/64] Reich (DOW 43000100)
  [47/64] Rhys Pond (DOW 43016201)
  [48/64] Rice (DOW 43004200)
  [49/64] Round Grove (DOW 43011600)
  [50/64] Ryan (DOW 43005800)
  [51/64] Silver (DOW 43003400)
  [52/64] South (DOW 43001400)
  [53/64] Stahl's (DOW 43010400)
  [54/64] Sustacek (DOW 43007700)
  [55/64] Swan (DOW 43004000)
  [56/64] Tawny Pond (DOW 43016206)
  [57/64] Todd (DOW 43007100)
  [58/64] Tomlinson (DOW 43007500)
  [59/64] Travis Pond (DOW 43016207)
  [60/64] Trinity Pond (DOW 43016204)
  [61/64] Ward (DOW 43008800)
  [62/64] Wheezy Pond (DOW 43016202)
  [63/64] Whitney (DOW 43009700)
  [64/64] Winsted (DOW 43001200)
  Done with McLeod County.

[44/87] Fetching Mahnomen County...
  Found 116 lakes.
  [1/116] Allen (DOW 44015700)
  [2/116] Annawaush (DOW 44017300)
  [3/116] Aspinwall (DOW 44022300)
  [4/116] Barney (DOW 44010400)
  [5/116] Barney (DOW 44010300)
  [6/116] Bass (DOW 44000600)
  [7/116] Beaulieu (DOW 44024200)
  [8/116] Bejou (DOW 44026300)
  [9/116] Big (DOW 44006700)
  [10/116] Blocknic (DOW 44019800)
  [11/116] Buresh (DOW 44011100)
  [12/116] Chief (DOW 44022400)
  [13/116] Chief (DOW 44018000)
  [14/116] Church (DOW 44024800)
  [15/116] Church (DOW 44009200)
  [16/116] Circle (DOW 44014000)
  [17/116] Circle (DOW 44012800)
  [18/116] Crooked (DOW 44007500)
  [19/116] Crooked (DOW 44010500)
  [20/116] Daigle (DOW 44009800)
  [21/116] Deep Pothole (DOW 44013100)
  [22/116] Double (DOW 44003300)
  [23/116] Doucette (DOW 44005800)
  [24/116] Eastland (DOW 44015900)
  [25/116] Edwin (DOW 44014200)
  [26/116] Espe (DOW 44018300)
  [27/116] Fairbanks (DOW 44001600)
  [28/116] Fish (DOW 44021500)
  [29/116] Flat (DOW 44003700)
  [30/116] Foot (DOW 44023900)
  [31/116] Fowl (DOW 44005900)
  [32/116] Frethem (DOW 44015400)
  [33/116] Gardner (DOW 44010000)
  [34/116] Gardner (DOW 44020700)
  [35/116] George (DOW 44008500)
  [36/116] Goodwin (DOW 44003200)
  [37/116] Grass (DOW 44004700)
  [38/116] Graveyard (DOW 44027100)
  [39/116] Grebe Pond (DOW 44057000)
  [40/116] Greer (DOW 44003600)
  [41/116] Gregory (DOW 44025100)
  [42/116] Gull (DOW 44004600)
  [43/116] Hallot (DOW 44008600)
  [44/116] Hart (DOW 44011000)
  [45/116] Hen (DOW 44006900)
  [46/116] Hen (DOW 44007000)
  [47/116] Horseshoe (DOW 44002100)
  [48/116] Horseshoe (DOW 44008300)
  [49/116] Island (DOW 44003800)
  [50/116] Island (DOW 44012300)
  [51/116] Jack (DOW 44008400)
  [52/116] Jay (DOW 44006600)
  [53/116] Jessie (DOW 44008200)
  [54/116] Kersting (DOW 44018500)
  [55/116] Ketchum (DOW 44015200)
  [56/116] LaDuc (DOW 44015100)
  [57/116] Lambert (DOW 44002800)
  [58/116] Little Elbow (DOW 44001100)
  [59/116] Little Oak (DOW 44021000)
  [60/116] Little Rice (DOW 44001900)
  [61/116] Little Vanose (DOW 44016900)
  [62/116] Lizzard (DOW 44001700)
  [63/116] Logger (DOW 44008700)
  [64/116] Lone (DOW 44000200)
  [65/116] Long (DOW 44013700)
  [66/116] Long (DOW 44004400)
  [67/116] Macro Pond (DOW 44056700)
  [68/116] Matt Ayers (DOW 44005000)
  [69/116] McCraney (DOW 44008000)
  [70/116] Micro Pond (DOW 44056800)
  [71/116] Mike (DOW 44007700)
  [72/116] Moore (DOW 44025500)
  [73/116] Nest (DOW 44006400)
  [74/116] Norris (DOW 44002000)
  [75/116] North Twin (DOW 44002300)
  [76/116] Paggen (DOW 44007200)
  [77/116] Peabody (DOW 44057300)
  [78/116] Perch (DOW 44011500)
  [79/116] Pine (DOW 44010100)
  [80/116] Pine (DOW 44007600)
  [81/116] Puson (DOW 44019900)
  [82/116] Quallen (DOW 44007300)
  [83/116] Rice (DOW 44002400)
  [84/116] Rooster (DOW 44006300)
  [85/116] Roy (DOW 44000100)
  [86/116] Sandy (DOW 44020800)
  [87/116] Santwire (DOW 44018700)
  [88/116] Sargent (DOW 44010800)
  [89/116] Sawmill (DOW 44001000)
  [90/116] Sawmill (DOW 44011300)
  [91/116] Sedivy (DOW 44018900)
  [92/116] Simonson (DOW 44016200)
  [93/116] Skunk (DOW 44017400)
  [94/116] Snetsinger (DOW 44012100)
  [95/116] Snider (DOW 44004500)
  [96/116] Southeast Chief Pond (DOW 44057100)
  [97/116] South Twin (DOW 44001400)
  [98/116] Split Pond (DOW 44056900)
  [99/116] Squirrel (DOW 44019600)
  [100/116] Stump (DOW 44001200)
  [101/116] Sucker (DOW 44006200)
  [102/116] Sugar Bowl (DOW 44004900)
  [103/116] Swanson (DOW 44012400)
  [104/116] Tamarack (DOW 44002900)
  [105/116] Tulaby (DOW 44000300)
  [106/116] Twin Oaks (DOW 44022600)
  [107/116] Vanose (DOW 44017900)
  [108/116] Wadena (DOW 44007800)
  [109/116] Wakefield (DOW 44012200)
  [110/116] Wambach (DOW 44009400)
  [111/116] Warren (DOW 44022100)
  [112/116] Washington (DOW 44002700)
  [113/116] Waubun (DOW 44018800)
  [114/116] Wolbeck WPA (DOW 44056400)
  [115/116] Wolf (DOW 44004200)
  [116/116] Woodchuck (DOW 44001800)
  Done with Mahnomen County.

[45/87] Fetching Marshall County...
  Found 8 lakes.
  [1/8] Agder WMA (DOW 45004700)
  [2/8] East Park WMA (DOW 45011500)
  [3/8] Horseshoe (DOW 45000700)
  [4/8] Kuriko (DOW 45000300)
  [5/8] Moylan WMA (DOW 45002800)
  [6/8] Thief (DOW 45000100)
  [7/8] Webster (DOW 45000400)
  [8/8] Whiskey (DOW 45000500)
  Done with Marshall County.

[46/87] Fetching Martin County...
  Found 58 lakes.
  [1/58] Amber (DOW 46003400)
  [2/58] Big Twin (DOW 46013300)
  [3/58] Big Twin Pond (DOW 46016500)
  [4/58] Bright (DOW 46005200)
  [5/58] Budd (DOW 46003000)
  [6/58] Buffalo (DOW 46004400)
  [7/58] Buffalo (DOW 46014600)
  [8/58] Canright (DOW 46004300)
  [9/58] Cedar (DOW 46012100)
  [10/58] Charlotte (DOW 46003900)
  [11/58] Clam (DOW 46011100)
  [12/58] Clayton (DOW 46006100)
  [13/58] Clear (DOW 46009600)
  [14/58] Creek (DOW 46011700)
  [15/58] Dutton Slough (DOW 46009800)
  [16/58] Eagle (DOW 46007800)
  [17/58] East Chain (DOW 46001000)
  [18/58] Fish (DOW 46009500)
  [19/58] Fish (DOW 46014500)
  [20/58] Fox (DOW 46010900)
  [21/58] George (DOW 46002400)
  [22/58] Hall (DOW 46003100)
  [23/58] Halls (DOW 46002700)
  [24/58] High (DOW 46003700)
  [25/58] Imogene (DOW 46001200)
  [26/58] Iowa (DOW 46004900)
  [27/58] Iowa (IA) (DOW 46004900)
  [28/58] Kiester (DOW 46004200)
  [29/58] Little Tuttle (DOW 46008800)
  [30/58] Little Twin (DOW 46013000)
  [31/58] Martin (DOW 46003600)
  [32/58] Mud (DOW 46003500)
  [33/58] Mud (DOW 46002300)
  [34/58] Murphy (DOW 46004800)
  [35/58] North (DOW 46014700)
  [36/58] North Silver (DOW 46001600)
  [37/58] Okamanpeedan (DOW 46005100)
  [38/58] Okamanpeedan (IA) (DOW 46005100)
  [39/58] Perch (DOW 46004600)
  [40/58] Perry (DOW 46006300)
  [41/58] Pierce (DOW 46007600)
  [42/58] Rose (DOW 46003200)
  [43/58] Round (DOW 46011600)
  [44/58] Round (DOW 46008400)
  [45/58] Sager (DOW 46003300)
  [46/58] Seymour (DOW 46011300)
  [47/58] Sisseton (DOW 46002500)
  [48/58] South Silver (DOW 46002000)
  [49/58] Susan (DOW 46009400)
  [50/58] Swag (DOW 46001300)
  [51/58] Swag (IA) (DOW 46001300)
  [52/58] Temperance (DOW 46010300)
  [53/58] Twin (DOW 46004000)
  [54/58] Watkins (DOW 46013200)
  [55/58] Willard Peters Pond (DOW 46016700)
  [56/58] Willmert (main bay) (DOW 46001401)
  [57/58] Willmert (South Bay) (DOW 46001402)
  [58/58] Willow Creek (DOW 46008100)
  Done with Martin County.

[47/87] Fetching Meeker County...
  Found 110 lakes.
  [1/110] Acton Township Pond 1 (DOW 47035500)
  [2/110] Anderson (DOW 47002800)
  [3/110] Andrew Nelson (DOW 47010100)
  [4/110] Arvilla (DOW 47002300)
  [5/110] Atkinson (DOW 47011400)
  [6/110] Belle (DOW 47017100)
  [7/110] Belle (DOW 47004901)
  [8/110] Benton (DOW 47005400)
  [9/110] Betty (DOW 47004200)
  [10/110] Big Swan (DOW 47003800)
  [11/110] Birch (DOW 47005500)
  [12/110] Boo (DOW 47003700)
  [13/110] Butternut (DOW 47000500)
  [14/110] Byron (DOW 47000400)
  [15/110] Casey (DOW 47008000)
  [16/110] Chicken (DOW 47013300)
  [17/110] Clear (DOW 47009500)
  [18/110] Collins Lake (DOW 47001700)
  [19/110] Coombs (DOW 47011300)
  [20/110] Darwin (DOW 47007600)
  [21/110] Dunns (DOW 47008200)
  [22/110] East Andrew Nelson (DOW 47007300)
  [23/110] Eighty Acre (DOW 47005800)
  [24/110] Emma (DOW 47020100)
  [25/110] Erie (DOW 47006400)
  [26/110] Evenson (DOW 47011800)
  [27/110] Fallon (DOW 47004500)
  [28/110] Francis (DOW 47000200)
  [29/110] Goose (DOW 47012700)
  [30/110] Greenleaf (DOW 47006200)
  [31/110] Half Moon (DOW 47014400)
  [32/110] Harden (DOW 47011200)
  [33/110] Harold (DOW 47013700)
  [34/110] Hart (DOW 47002900)
  [35/110] Heenan Lake (DOW 47004300)
  [36/110] Helga (DOW 47019900)
  [37/110] Hoff (DOW 47010600)
  [38/110] Hoosier (DOW 47011600)
  [39/110] Hope (DOW 47018300)
  [40/110] Horseshoe (DOW 47015100)
  [41/110] Hurley (DOW 47005300)
  [42/110] Jennie (DOW 47001500)
  [43/110] Jewitt (DOW 47004400)
  [44/110] King (DOW 47015300)
  [45/110] Little Mud (DOW 47009600)
  [46/110] Little Spring (DOW 47003600)
  [47/110] Little Swan (DOW 47002500)
  [48/110] Little Wolf (DOW 47001900)
  [49/110] Long (DOW 47017700)
  [50/110] Long (DOW 47002600)
  [51/110] Long (DOW 47006600)
  [52/110] Lund (DOW 47019200)
  [53/110] Lunn (DOW 47002700)
  [54/110] Lydia (DOW 47020600)
  [55/110] Madsen (DOW 47014600)
  [56/110] Manuella (DOW 47005000)
  [57/110] Manuella NPSA (DOW 47035400)
  [58/110] Maple (DOW 47000100)
  [59/110] Mary (DOW 47014300)
  [60/110] Middle (DOW 47016800)
  [61/110] Miller (DOW 47019400)
  [62/110] Minnesota (DOW 47014000)
  [63/110] Minnie-Belle (DOW 47011900)
  [64/110] Moe (DOW 47017900)
  [65/110] Mud (DOW 47019600)
  [66/110] Mud (DOW 47012100)
  [67/110] Mud (DOW 47008500)
  [68/110] Mud (DOW 47004000)
  [69/110] Mud (DOW 47003100)
  [70/110] Mud (DOW 47005900)
  [71/110] Mud (DOW 47015200)
  [72/110] Nelson (DOW 47017500)
  [73/110] Peterson (DOW 47019800)
  [74/110] Piepenburg Park Pond (DOW 47004902)
  [75/110] Pigeon (DOW 47000800)
  [76/110] Pigeon (DOW 47015500)
  [77/110] Pipe (DOW 47011000)
  [78/110] Popple (DOW 47017300)
  [79/110] Porter (DOW 47005700)
  [80/110] Powers (DOW 47004800)
  [81/110] Rice (DOW 47008700)
  [82/110] Richardson (DOW 47008800)
  [83/110] Ripley (east portion) (DOW 47013401)
  [84/110] Ripley (west portion) (DOW 47013402)
  [85/110] Rodewald (DOW 47016900)
  [86/110] Rohrbeck (DOW 47010000)
  [87/110] Round (DOW 47010200)
  [88/110] Round (DOW 47008900)
  [89/110] Sather (DOW 47017800)
  [90/110] Schoolhouse (DOW 47005600)
  [91/110] Schultz (DOW 47014700)
  [92/110] Sellards (DOW 47003500)
  [93/110] Sioux (DOW 47006000)
  [94/110] Spencer (DOW 47001400)
  [95/110] Spring (DOW 47003200)
  [96/110] Star (DOW 47012900)
  [97/110] Stella (DOW 47006800)
  [98/110] Stevens (DOW 47007700)
  [99/110] Thoen (DOW 47015400)
  [100/110] Thompson (DOW 47015900)
  [101/110] Towers (DOW 47014200)
  [102/110] Turtle (DOW 47007400)
  [103/110] Washington (DOW 47004600)
  [104/110] West (DOW 47020200)
  [105/110] West Hanson (DOW 47013600)
  [106/110] Whitney (DOW 47020500)
  [107/110] Wilcox (DOW 47019300)
  [108/110] Willie (DOW 47006100)
  [109/110] Wolf (DOW 47001600)
  [110/110] Youngstrom (DOW 47013800)
  Done with Meeker County.

[48/87] Fetching Mille Lacs County...
  Found 21 lakes.
  [1/21] Anderson (DOW 48000100)
  [2/21] Bass (DOW 48001700)
  [3/21] Bass (DOW 48001800)
  [4/21] Bass (DOW 48001600)
  [5/21] Black Bass (DOW 48001100)
  [6/21] Brown (DOW 48001500)
  [7/21] Cranberry (DOW 48000700)
  [8/21] Fog (DOW 48000300)
  [9/21] Girth (DOW 48006400)
  [10/21] Hjelm (DOW 48006500)
  [11/21] Mille Lacs (DOW 48000200)
  [12/21] Mud (DOW 48000600)
  [13/21] Ogechie (DOW 48001400)
  [14/21] Onamia (DOW 48000900)
  [15/21] Rice (DOW 48001000)
  [16/21] Shakopee (DOW 48001200)
  [17/21] Silver (DOW 48000400)
  [18/21] Toberman (DOW 48006700)
  [19/21] Warren (DOW 48001300)
  [20/21] Woken (DOW 48005800)
  [21/21] Wright (DOW 48002500)
  Done with Mille Lacs County.

[49/87] Fetching Morrison County...
  Found 133 lakes.
  [1/133] Alexander (DOW 49007900)
  [2/133] Alomestria Pond (DOW 49033600)
  [3/133] Alott (DOW 49007300)
  [4/133] Azalea Pond (DOW 49033300)
  [5/133] Bane Pond (DOW 49020100)
  [6/133] Bass (DOW 49009200)
  [7/133] Bass (DOW 49009900)
  [8/133] Bass (DOW 49006500)
  [9/133] Beauty (DOW 49009700)
  [10/133] Bernhart (DOW 49013500)
  [11/133] Boomerang (DOW 49023200)
  [12/133] Brouhaha (DOW 49000800)
  [13/133] Brownie Pond (DOW 49034100)
  [14/133] Bullhead (DOW 49029500)
  [15/133] Camile (DOW 49007800)
  [16/133] Canton (DOW 49010500)
  [17/133] Carnation Pond (DOW 49033800)
  [18/133] Cedar (DOW 49014000)
  [19/133] Christmas (DOW 49001100)
  [20/133] Cockburn (DOW 49006800)
  [21/133] Coon (DOW 49002000)
  [22/133] Coon (DOW 49009100)
  [23/133] Coon Stump (DOW 49006600)
  [24/133] Corner (DOW 49010200)
  [25/133] Crew Pond (DOW 49034600)
  [26/133] Crookneck (DOW 49013300)
  [27/133] Deer (DOW 49023600)
  [28/133] Denger (DOW 49002200)
  [29/133] Dunder Pond (DOW 49008200)
  [30/133] East Nelson (DOW 49024400)
  [31/133] East Twin (DOW 49004100)
  [32/133] Ericson (DOW 49007000)
  [33/133] Ferrell (DOW 49005800)
  [34/133] Fish Trap (DOW 49013700)
  [35/133] Fosdick (DOW 49006400)
  [36/133] Frieze (DOW 49002800)
  [37/133] Frog (DOW 49006300)
  [38/133] Ganz (DOW 49008900)
  [39/133] Gasconade (DOW 49000900)
  [40/133] Gold Pond (DOW 49032600)
  [41/133] Goose (DOW 49005500)
  [42/133] Granite (DOW 49019000)
  [43/133] Green Prairie Fish (DOW 49003500)
  [44/133] Ham (DOW 49013600)
  [45/133] Hannah (DOW 49001400)
  [46/133] Holden (DOW 49005200)
  [47/133] Horseshoe (DOW 49001300)
  [48/133] Horseshoe (DOW 49008300)
  [49/133] Hosta Pond (DOW 49033400)
  [50/133] Jejune (DOW 49014300)
  [51/133] Johnson (DOW 49034200)
  [52/133] Johnson (DOW 49004400)
  [53/133] Johnson (DOW 49004800)
  [54/133] Kraft (DOW 49004300)
  [55/133] Kuhl (DOW 49026900)
  [56/133] Kurtz Pond (DOW 49032900)
  [57/133] Lagerquist (DOW 49010800)
  [58/133] Larson (DOW 49009400)
  [59/133] Lebenstraum Pond (DOW 49018700)
  [60/133] Lena (DOW 49012800)
  [61/133] Leslie (DOW 49011000)
  [62/133] Line (DOW 49011700)
  [63/133] Little Ganz (DOW 49009000)
  [64/133] Long (DOW 49001500)
  [65/133] Long (DOW 49008600)
  [66/133] Long (DOW 49006900)
  [67/133] Longs (DOW 49010400)
  [68/133] Lookout (DOW 49005400)
  [69/133] Madaline (DOW 49010100)
  [70/133] Mallard (DOW 49004900)
  [71/133] Meadow (DOW 49005000)
  [72/133] Meadow Road (DOW 49032500)
  [73/133] Michaels (DOW 49003200)
  [74/133] Miller (DOW 49005100)
  [75/133] Millers (DOW 49011500)
  [76/133] Mud (DOW 49009500)
  [77/133] Mud (DOW 49001800)
  [78/133] Mud (DOW 49004000)
  [79/133] Mud (DOW 49002900)
  [80/133] Mud (DOW 49022400)
  [81/133] Mud (DOW 49007400)
  [82/133] Mud (DOW 49007200)
  [83/133] Mud (DOW 49007500)
  [84/133] Mud (DOW 49002700)
  [85/133] Muskrat (DOW 49004600)
  [86/133] Muskrat (DOW 49006700)
  [87/133] Normandy Pond (DOW 49032200)
  [88/133] North Twin (DOW 49012100)
  [89/133] O'Donald (DOW 49003900)
  [90/133] Overlook (DOW 49010900)
  [91/133] Peavy (DOW 49000500)
  [92/133] Pelkey (DOW 49003000)
  [93/133] Perch (DOW 49012900)
  [94/133] Pierz (DOW 49002400)
  [95/133] Pine (DOW 49008100)
  [96/133] Placid (DOW 49008000)
  [97/133] Polander (DOW 49008700)
  [98/133] Popple (DOW 49003300)
  [99/133] Prowect (DOW 49009800)
  [100/133] Pugh (DOW 49004700)
  [101/133] Rhododendron Pond (DOW 49033200)
  [102/133] Rice (DOW 49002500)
  [103/133] Round (DOW 49001900)
  [104/133] Round (DOW 49013100)
  [105/133] Round (DOW 49005600)
  [106/133] Shamineau (DOW 49012700)
  [107/133] Sheep (DOW 49004500)
  [108/133] Skunk (DOW 49000700)
  [109/133] Skunk (DOW 49002600)
  [110/133] South Twin (DOW 49012200)
  [111/133] Spider Mum Pond (DOW 49033900)
  [112/133] Stanchfield (DOW 49011800)
  [113/133] Star (DOW 49003800)
  [114/133] Starvation (DOW 49000300)
  [115/133] Still (DOW 49023700)
  [116/133] Stony (DOW 49008400)
  [117/133] Stud (DOW 49003400)
  [118/133] Sullivan (DOW 49001600)
  [119/133] Sylvan (DOW 49003600)
  [120/133] Sylvan (Main Basin) (DOW 49003601)
  [121/133] Sylvan (North Basin) (DOW 49003602)
  [122/133] Tamarack (DOW 49009300)
  [123/133] Tamarack (DOW 49006000)
  [124/133] Three Finger (DOW 49005700)
  [125/133] Toad Lily Pond (DOW 49033700)
  [126/133] Trillium Pond (DOW 49033500)
  [127/133] Twelve (DOW 49000600)
  [128/133] Vinegar (DOW 49002300)
  [129/133] Westman (DOW 49010300)
  [130/133] West Twin (DOW 49004200)
  [131/133] White Bear (DOW 49000400)
  [132/133] Wigelia Pond (DOW 49033100)
  [133/133] Willow Pond (DOW 49034000)
  Done with Morrison County.

[50/87] Fetching Mower County...
  Found 13 lakes.
  [1/13] Araya Pond (DOW 50001800)
  [2/13] Donald Pond (DOW 50002200)
  [3/13] East Side (DOW 50000200)
  [4/13] Elijah Pond (DOW 50001900)
  [5/13] Gabriel (DOW 50001700)
  [6/13] Jason Pond (DOW 50002100)
  [7/13] Josh Pond (DOW 50002000)
  [8/13] LeRoy Sand Pit (DOW 50001500)
  [9/13] Louise Mill Pond (DOW 50000100)
  [10/13] Mill Pond (DOW 50000300)
  [11/13] Pine Lawn (DOW 50001400)
  [12/13] Ramsey Mill Pond (DOW 50000400)
  [13/13] Rose Pond (DOW 50002300)
  Done with Mower County.

[51/87] Fetching Murray County...
  Found 46 lakes.
  [1/46] Alwood (DOW 51012500)
  [2/46] Bear (East portion) (DOW 51007802)
  [3/46] Bear (NW portion) (DOW 51007801)
  [4/46] Bear (SW portion) (DOW 51007803)
  [5/46] Bloody (DOW 51004000)
  [6/46] Buffalo (DOW 51001800)
  [7/46] Buffalo Marsh (DOW 51001100)
  [8/46] Chandler Marsh (DOW 51011700)
  [9/46] Chandler Reservoir (DOW 51020000)
  [10/46] Clear (DOW 51006000)
  [11/46] Clear (DOW 51004700)
  [12/46] Corabelle (DOW 51005400)
  [13/46] Currant (DOW 51008200)
  [14/46] Current Lake Marsh (DOW 51009000)
  [15/46] DeGreef Slough (DOW 51007000)
  [16/46] Duck (DOW 51001500)
  [17/46] First Fulda (DOW 51002100)
  [18/46] Fox (DOW 51004300)
  [19/46] Fremont (DOW 51003900)
  [20/46] Fulda Pond (DOW 51019900)
  [21/46] Hjermstad Slough (DOW 51008902)
  [22/46] Iron (DOW 51007900)
  [23/46] Julia (DOW 51000200)
  [24/46] Lange Marsh (DOW 51009900)
  [25/46] Lime (DOW 51002400)
  [26/46] Louisa (DOW 51000600)
  [27/46] Malone Pond (DOW 51020200)
  [28/46] Maria (DOW 51006200)
  [29/46] Melchoir WMA (DOW 51005200)
  [30/46] Metty Marsh (DOW 51003400)
  [31/46] Moon (DOW 51006900)
  [32/46] North Marsh (DOW 51008901)
  [33/46] Park (DOW 51002800)
  [34/46] Robbins Marsh (DOW 51004200)
  [35/46] Round (DOW 51003800)
  [36/46] Sarah (DOW 51006300)
  [37/46] Second Fulda (DOW 51002000)
  [38/46] Shetek (DOW 51004600)
  [39/46] Shetek Pond #1 (DOW 51010801)
  [40/46] Shetek Pond #2 (DOW 51010802)
  [41/46] Smith (DOW 51002700)
  [42/46] Stoderl Slough (DOW 51006700)
  [43/46] Summit (DOW 51006800)
  [44/46] Webster Slough (DOW 51003500)
  [45/46] Willow (DOW 51004800)
  [46/46] Wilson (DOW 51008100)
  Done with Murray County.

[52/87] Fetching Nicollet County...
  Found 16 lakes.
  [1/16] Annexstad (DOW 52002000)
  [2/16] Duck (DOW 52003000)
  [3/16] Erickson (DOW 52000800)
  [4/16] Fort Ridgely State Park Pond (DOW 52007600)
  [5/16] Haack (DOW 52002100)
  [6/16] Horseshoe (DOW 52002200)
  [7/16] Middle (DOW 52002300)
  [8/16] Oak Leaf (DOW 52001000)
  [9/16] Overson (DOW 52000700)
  [10/16] Peterson (DOW 52003700)
  [11/16] Rice (DOW 52003300)
  [12/16] Sand (DOW 52001500)
  [13/16] Spring (DOW 52000200)
  [14/16] St Peter CFP (DOW 52007400)
  [15/16] St Peter Hospital Pond (DOW 52007300)
  [16/16] Swan (DOW 52003400)
  Done with Nicollet County.

[53/87] Fetching Nobles County...
  Found 23 lakes.
  [1/23] Bella (DOW 53004500)
  [2/23] East Graham (DOW 53002000)
  [3/23] Fury Marsh (DOW 53002200)
  [4/23] Indian (DOW 53000700)
  [5/23] Indian Lake Slough (DOW 53000100)
  [6/23] Indian Lake Slough (DOW 53000100)
  [7/23] Jack (DOW 53001900)
  [8/23] Kinbrae (DOW 53001600)
  [9/23] Kinbrae Slough (DOW 53001800)
  [10/23] Maroney (DOW 53000900)
  [11/23] Midway Park Pond (DOW 53007200)
  [12/23] Ocheda (DOW 53002400)
  [13/23] Ocheda (East Basin) (DOW 53002403)
  [14/23] Ocheda (Middle Bay) (DOW 53002402)
  [15/23] Ocheda (West Basin) (DOW 53002401)
  [16/23] Okabena (DOW 53002800)
  [17/23] Peterson Slough (DOW 53002600)
  [18/23] Sieverding Marsh (DOW 53003100)
  [19/23] Smith Pond (DOW 53007100)
  [20/23] Tripp Slough (DOW 53003000)
  [21/23] West Graham (DOW 53002100)
  [22/23] Worthington Pond 1 (DOW 53006900)
  [23/23] Worthington Pond 2 (DOW 53007000)
  Done with Nobles County.

[54/87] Fetching Norman County...
  Found 6 lakes.
  [1/6] Aaskgaard (DOW 54001400)
  [2/6] Agassiz-Olson WMA (DOW 54002100)
  [3/6] Green Meadow Group Pond (DOW 54010800)
  [4/6] Home (DOW 54001300)
  [5/6] Twin Valley (DOW 54002400)
  [6/6] Twin Valley Pond (DOW 54010000)
  Done with Norman County.

[55/87] Fetching Olmsted County...
  Found 22 lakes.
  [1/22] Bamber (DOW 55000600)
  [2/22] Bear Creek Reservoir (DOW 55002200)
  [3/22] Cascade Ponds (DOW 55002400)
  [4/22] Florence (DOW 55000100)
  [5/22] Foster-Arend (DOW 55001900)
  [6/22] George (DOW 55000800)
  [7/22] Hoehne Bros. Pond (DOW 55005600)
  [8/22] Kalmar Reservoir 3 (DOW 55005700)
  [9/22] Kalmar Reservoir 7 (DOW 55006400)
  [10/22] Manor Woods Pond (DOW 55002500)
  [11/22] Mayo Pond (DOW 55002401)
  [12/22] Mayowood (DOW 55000200)
  [13/22] North Central Pond (DOW 55002402)
  [14/22] Quarry Hill Pond (DOW 55002300)
  [15/22] Shady (DOW 55000500)
  [16/22] Silver (DOW 55000300)
  [17/22] Silver Creek Reservoir SR-2 (DOW 55006300)
  [18/22] South Central Pond (DOW 55002403)
  [19/22] Wally Pond (DOW 55006500)
  [20/22] Willow Reservoir 4 (DOW 55002000)
  [21/22] Willow Reservoir 6A (DOW 55002100)
  [22/22] Zumbro (DOW 55000400)
  Done with Olmsted County.

All counties complete.
  lake_survey_data/all_counties_catch_summaries_6.csv
  lake_survey_data/all_counties_length_distributions_6.csv
  lake_survey_data/all_counties_lakes_6.csv
DONE
