
[24/87] Fetching Freeborn County...
  Found 30 lakes.
  [1/30] Albert Lea (DOW 24001400)
  [2/30] Bear (DOW 24002800)
  [3/30] Bryson Marsh (Main Bay) (DOW 24008001)
  [4/30] Bryson Marsh (Middle Bay) (DOW 24008002)
  [5/30] Bryson Marsh (NE Bay) (DOW 24008003)
  [6/30] Church (DOW 24003300)
  [7/30] Eberhart (DOW 24003200)
  [8/30] Fountain (DOW 24001800)
  [9/30] Fountain (East Bay) (DOW 24001801)
  [10/30] Fountain (North Bay) (DOW 24001803)
  [11/30] Fountain (West Bay) (DOW 24001802)
  [12/30] Freeborn (DOW 24004400)
  [13/30] Geneva (DOW 24001500)
  [14/30] Goose (DOW 24001700)
  [15/30] Halls (DOW 24003800)
  [16/30] Lower Twin (DOW 24002700)
  [17/30] Morin (DOW 24004300)
  [18/30] Mud (DOW 24006800)
  [19/30] Penny (DOW 24004800)
  [20/30] Pestorious Fish Pond (DOW 24008100)
  [21/30] Pete Pond (DOW 24008400)
  [22/30] Pickeral (DOW 24002500)
  [23/30] School Section (DOW 24004000)
  [24/30] Snapping Turtle Pond (DOW 24008300)
  [25/30] Spicer (DOW 24004500)
  [26/30] State Line (DOW 24003000)
  [27/30] Sugar (DOW 24003700)
  [28/30] Trenton (DOW 24004900)
  [29/30] Upper Twin (DOW 24003100)
  [30/30] White (DOW 24002400)
  Done with Freeborn County.

[25/87] Fetching Goodhue County...
  Found 21 lakes.
  [1/21] Anderson Pond (DOW 25004700)
  [2/21] Belle Creek R-1 (DOW 25006700)
  [3/21] Celtic Pond (DOW 25008400)
  [4/21] Danckwart Pond (DOW 25005300)
  [5/21] Eckblad Pond (DOW 25005000)
  [6/21] Franklin Pond (DOW 25006200)
  [7/21] Frederich Pond (DOW 25006900)
  [8/21] Frontenac (DOW 25000300)
  [9/21] Grotes Pond (DOW 25000400)
  [10/21] Henricks Pond (DOW 25004600)
  [11/21] Jackson Pond No. 2 (DOW 25007200)
  [12/21] Johnson Pond (DOW 25005600)
  [13/21] Josephson Pond (DOW 25005500)
  [14/21] Mini Tonka Pond Main Basin (DOW 25007401)
  [15/21] Overland Pond (DOW 25007100)
  [16/21] Pepun Pond (DOW 25007402)
  [17/21] Rusch Pond (DOW 25004900)
  [18/21] Seaward Pond (DOW 25007800)
  [19/21] Vangsness Pond (DOW 25006300)
  [20/21] Wacouta Pond (DOW 25002400)
  [21/21] Welch Pond (DOW 25008300)
  Done with Goodhue County.

[26/87] Fetching Grant County...
  Found 113 lakes.
  [1/113] Anderson (DOW 26008600)
  [2/113] Arthur Pond (DOW 26041900)
  [3/113] Ash (DOW 26029400)
  [4/113] Ask (DOW 26007800)
  [5/113] Bah (DOW 26000100)
  [6/113] Bailey Slough (DOW 26022300)
  [7/113] Barrett (DOW 26009500)
  [8/113] Barrows (DOW 26021600)
  [9/113] Big (DOW 26019400)
  [10/113] Bolin (DOW 26000700)
  [11/113] Briggs (DOW 26015300)
  [12/113] Burns (DOW 26008000)
  [13/113] Burr (DOW 26018600)
  [14/113] Cassandra Pond (DOW 26042100)
  [15/113] Christy Pond (DOW 26042200)
  [16/113] Church (DOW 26003800)
  [17/113] Cormorant (DOW 26011700)
  [18/113] Cottonwood (DOW 26018500)
  [19/113] Doughty (DOW 26020700)
  [20/113] Duck (DOW 26016200)
  [21/113] East Niemaki (DOW 26021300)
  [22/113] Eide (DOW 26013600)
  [23/113] Elbow (DOW 26014000)
  [24/113] Elk (DOW 26004000)
  [25/113] Elk (DOW 26004700)
  [26/113] Elling (DOW 26027500)
  [27/113] Ellingson (DOW 26002400)
  [28/113] Engralson (DOW 26028000)
  [29/113] Engralson (DOW 26028600)
  [30/113] Erickson (DOW 26006400)
  [31/113] Field (DOW 26016000)
  [32/113] Flekkefjord (DOW 26014201)
  [33/113] Flekkefjord (DOW 26014202)
  [34/113] Flekkefjord (DOW 26014204)
  [35/113] Flekkefjord (DOW 26014203)
  [36/113] Foss (DOW 26027900)
  [37/113] Four Mile (DOW 26015900)
  [38/113] Giese Wetland (DOW 26041100)
  [39/113] Gladys North Pond (DOW 26042300)
  [40/113] Graham (DOW 26020400)
  [41/113] Hagen (DOW 26015400)
  [42/113] Hibrooten (DOW 26024400)
  [43/113] Hjermenrud (DOW 26002500)
  [44/113] Hodgson (DOW 26022800)
  [45/113] Holmes Pond (DOW 26042400)
  [46/113] Horseshoe (DOW 26016600)
  [47/113] Horseshoe (DOW 26012000)
  [48/113] Huset (DOW 26012100)
  [49/113] Island (North Portion) (DOW 26014701)
  [50/113] Island (South Portion) (DOW 26014702)
  [51/113] Janstad (DOW 26011800)
  [52/113] John Deere Pond (DOW 26042000)
  [53/113] Johnson (DOW 26019500)
  [54/113] Jones (DOW 26018200)
  [55/113] Keitzman Slough (DOW 26020600)
  [56/113] Kenny (DOW 26005000)
  [57/113] Larson (DOW 26007300)
  [58/113] Lee (DOW 26005300)
  [59/113] Lee (DOW 26005600)
  [60/113] Lee (DOW 26005100)
  [61/113] Lightning (DOW 26028200)
  [62/113] Little (DOW 26007600)
  [63/113] Long (DOW 26014800)
  [64/113] Lower Elk (DOW 26004800)
  [65/113] Lower Elk (DOW 26004600)
  [66/113] Malmgren (DOW 26005800)
  [67/113] Melby (DOW 26007700)
  [68/113] Mill Pond (DOW 26016700)
  [69/113] Moses (DOW 26023800)
  [70/113] Mud (DOW 26030700)
