
[74/87] Fetching Steele County...
  Found 21 lakes.
  [1/21] Andrea Pond (DOW 74007000)
  [2/21] Beaver (DOW 74002300)
  [3/21] Bernadette Pond (DOW 74007700)
  [4/21] Brian Pond (DOW 74007100)
  [5/21] Celestine Pond (DOW 74007600)
  [6/21] Chase Pond (DOW 74006700)
  [7/21] East Marsh (DOW 74000300)
  [8/21] Fositen (DOW 74002400)
  [9/21] Kohlmeier (DOW 74001900)
  [10/21] Linda Pond (DOW 74007300)
  [11/21] Little Log Pond (DOW 74007400)
  [12/21] Lonergan (DOW 74002200)
  [13/21] Morehouse Park Pond (DOW 74006300)
  [14/21] Oak Glen (East Bay) (DOW 74000402)
  [15/21] Oak Glen (Main Bay) (DOW 74000401)
  [16/21] Rice (DOW 74000100)
  [17/21] Rickert (DOW 74000600)
  [18/21] Shianne Pond (DOW 74006800)
  [19/21] Sunday Pond (DOW 74007500)
  [20/21] Wavrin Wetland (DOW 74006500)
  [21/21] William Pond (DOW 74006900)
  Done with Steele County.

[75/87] Fetching Stevens County...
  Found 49 lakes.
  [1/49] Baker (DOW 75002600)
  [2/49] Barrett (DOW 75024500)
  [3/49] Bjork (DOW 75003400)
  [4/49] Charlotte (DOW 75004600)
  [5/49] Clear (DOW 75019200)
  [6/49] Crystal (DOW 75009700)
  [7/49] Cyrus (DOW 75000200)
  [8/49] Drywood (DOW 75018300)
  [9/49] Durkee (DOW 75000600)
  [10/49] Erickson (DOW 75006400)
  [11/49] Fish (DOW 75027700)
  [12/49] Flax (DOW 75020100)
  [13/49] Foss (DOW 75002900)
  [14/49] Gorder (DOW 75020300)
  [15/49] Gravel (DOW 75029100)
  [16/49] Grossman Slough (DOW 75028300)
  [17/49] Hanse (DOW 75004500)
  [18/49] Hanson (DOW 75004100)
  [19/49] Harstad Slough (DOW 75016100)
  [20/49] Hattie (DOW 75020000)
  [21/49] Horseshoe (DOW 75010100)
  [22/49] Long (DOW 75002400)
  [23/49] Middle Pomme de Terre (DOW 75007400)
  [24/49] Middle Wintermute (DOW 75010500)
  [25/49] Moore (DOW 75003700)
  [26/49] Mud (DOW 75031000)
  [27/49] North Baker (DOW 75002500)
  [28/49] North Maughan (DOW 75011600)
  [29/49] North Pomme de Terre (DOW 75006100)
  [30/49] North Wintermute (DOW 75012500)
  [31/49] Page (DOW 75001900)
  [32/49] Perkins (DOW 75007500)
  [33/49] Pomme de Terre Reservoir (DOW 75009600)
  [34/49] Pond 1 (DOW 75039701)
  [35/49] Pond 2 (DOW 75039702)
  [36/49] Pond 3 (DOW 75039703)
  [37/49] Pond 4 (DOW 75039704)
  [38/49] Pond 5 (DOW 75039705)
  [39/49] Pond 6 (DOW 75039706)
  [40/49] Pond 7 (DOW 75039707)
  [41/49] Pond 8 (DOW 75039708)
  [42/49] Pond 9 (DOW 75039709)
  [43/49] Round (DOW 75005200)
  [44/49] Scandia (DOW 75003600)
  [45/49] Silver (DOW 75016400)
  [46/49] South Maughan (DOW 75011700)
  [47/49] South Wintermute (DOW 75011300)
  [48/49] Swan (DOW 75005600)
  [49/49] Winters Slough (DOW 75006200)
  Done with Stevens County.

[76/87] Fetching Swift County...
  Found 29 lakes.
  [1/29] Appleton Mill Pond (DOW 76012900)
  [2/29] Camp (DOW 76007200)
  [3/29] Eastside Milwaukee Pond (DOW 76011701)
  [4/29] Frank (DOW 76003400)
  [5/29] Frovold (DOW 76009200)
  [6/29] Griffin (DOW 76014800)
  [7/29] Hart (DOW 76014000)
  [8/29] Hassel (DOW 76008600)
  [9/29] Hollerberg (DOW 76005700)
  [10/29] Johnson (DOW 76009400)
  [11/29] Large Henry (DOW 76016000)
  [12/29] Lynch (DOW 76010800)
  [13/29] Malachy (DOW 76010700)
  [14/29] Monson (DOW 76003300)
  [15/29] Moore (DOW 76008800)
  [16/29] North Drywood (DOW 76016900)
  [17/29] Oliver (DOW 76014600)
  [18/29] Oliver (east portion) (DOW 76014601)
  [19/29] Oliver (west portion) (DOW 76014602)
  [20/29] Reu Marsh (DOW 76016300)
  [21/29] Schlieman Pond (DOW 76028300)
  [22/29] Schliep Pond (DOW 76028100)
  [23/29] School (DOW 76003100)
  [24/29] Shible (DOW 76014100)
  [25/29] Small Henry (DOW 76015900)
  [26/29] South Drywood (DOW 76014900)
  [27/29] Spring (DOW 76013000)
  [28/29] Westside Milwaukee Pond (DOW 76011702)
  [29/29] West Sunberg (DOW 76003200)
  Done with Swift County.

[77/87] Fetching Todd County...
  Found 221 lakes.
  [1/221] Anne Pond (DOW 77038701)
  [2/221] Arrow Pond (DOW 77043500)
  [3/221] Ash Pond (DOW 77040300)
  [4/221] Baby Bear Pond (DOW 77042300)
  [5/221] Bartemous Pond (DOW 77043300)
  [6/221] Bass (DOW 77001000)
  [7/221] Bass (DOW 77002400)
  [8/221] Beauty (DOW 77003500)
  [9/221] Beck (DOW 77005600)
  [10/221] Bee Tree (DOW 77023700)
  [11/221] Beim (DOW 77020000)
  [12/221] Benz (DOW 77007900)
  [13/221] Biermeier Pond (DOW 77037600)
  [14/221] Big (DOW 77006300)
  [15/221] Big Birch (DOW 77008400)
  [16/221] Big Birch (NE portion) (DOW 77008401)
  [17/221] Big Birch (S portion) (DOW 77008402)
  [18/221] Big Blue Pond (DOW 77041800)
  [19/221] Big C Pond (DOW 77042400)
  [20/221] Big Swan (DOW 77002300)
