
[31/87] Fetching Itasca County...
  Found 812 lakes.
  [1/812] Adele (DOW 31064200)
  [2/812] Alex (DOW 31075300)
  [3/812] Alice (DOW 31087400)
  [4/812] Alice (DOW 31045600)
  [5/812] Allen (DOW 31048800)
  [6/812] Alp (DOW 31076100)
  [7/812] Amen (DOW 31059700)
  [8/812] Ames (DOW 31082700)
  [9/812] Amik (DOW 31086500)
  [10/812] Anderson (DOW 31035000)
  [11/812] Ann (DOW 31030500)
  [12/812] Antler (DOW 31034900)
  [13/812] Arbo (DOW 31037900)
  [14/812] Arrowhead (DOW 31080500)
  [15/812] Arrowhead (DOW 31038800)
  [16/812] Aspen (DOW 31069000)
  [17/812] Austin (DOW 31007500)
  [18/812] Baldy (DOW 31061500)
  [19/812] Ball Club (DOW 31081200)
  [20/812] Balloon (DOW 31064000)
  [21/812] Balsam (DOW 31025900)
  [22/812] Barrett (DOW 31096700)
  [23/812] Bartlet (DOW 31030800)
  [24/812] Barwise (DOW 31027800)
  [25/812] Bass (DOW 31083900)
  [26/812] Bass (DOW 31020700)
  [27/812] Bass (DOW 31029500)
  [28/812] Bass (DOW 31030900)
  [29/812] Bass (DOW 31083300)
  [30/812] Bass (DOW 31031600)
  [31/812] Bass (DOW 31011500)
  [32/812] Bass (DOW 31023000)
  [33/812] Bass (DOW 31051100)
  [34/812] Bass (DOW 31057600)
  [35/812] Batson (DOW 31070400)
  [36/812] Battle (DOW 31019700)
  [37/812] Bay (DOW 31072300)
  [38/812] Bay (DOW 31084400)
  [39/812] Bear (DOW 31015700)
  [40/812] Beatrice (DOW 31005800)
  [41/812] Beauty (DOW 31002800)
  [42/812] Beaver (DOW 31083000)
  [43/812] Beaver (DOW 31026100)
  [44/812] Beaver (DOW 31028600)
  [45/812] Beaver (DOW 31043600)
  [46/812] Beaver (DOW 31069800)
  [47/812] Beaver (DOW 31063800)
  [48/812] Beaver (DOW 31059000)
  [49/812] Beavertail (DOW 31044700)
  [50/812] Bee Cee (DOW 31044300)
  [51/812] Bello (DOW 31072600)
  [52/812] Bengal (DOW 31001700)
  [53/812] Bergville (DOW 31092000)
  [54/812] Bevo (DOW 31068600)
  [55/812] Biauswah (DOW 31086200)
  [56/812] Big Calf (DOW 31088400)
  [57/812] Big Constance (DOW 31089100)
  [58/812] Big Diamond (DOW 31022300)
  [59/812] Big Dick (DOW 31065600)
  [60/812] Big Green (DOW 31059300)
  [61/812] Big Horn (DOW 31059800)
  [62/812] Big Island (DOW 31067100)
  [63/812] Big Jack (DOW 31062700)
  [64/812] Big McCarthy (DOW 31012000)
  [65/812] Big Ole (DOW 31067000)
  [66/812] Big Rainbarrel (DOW 31040800)
  [67/812] Big Rose (DOW 31076800)
  [68/812] Big Sucker (DOW 31012400)
  [69/812] Big Too Much (DOW 31079300)
  [70/812] Billo (DOW 31070900)
  [71/812] Bill's (DOW 31067800)
  [72/812] Birch (DOW 31026300)
  [73/812] Birch (DOW 31039000)
  [74/812] Birch (DOW 31039300)
  [75/812] Bird's Eye (DOW 31083400)
  [76/812] Blackberry (DOW 31021000)
  [77/812] Black Island (DOW 31041600)
  [78/812] Blandin (DOW 31048400)
  [79/812] Blandin Reservoir (DOW 31053300)
  [80/812] Blind (DOW 31041800)
  [81/812] Blind Pete (DOW 31028500)
  [82/812] Bloom (DOW 31051500)
  [83/812] Bluebill (DOW 31026500)
  [84/812] Bluebill Pond (DOW 31097200)
  [85/812] Bluerock (DOW 31068400)
  [86/812] Bluerock (DOW 31091900)
  [87/812] Bluewater (DOW 31039500)
  [88/812] Bog (DOW 31043000)
  [89/812] Bog (DOW 31093100)
  [90/812] Bog (DOW 31007300)
  [91/812] Boggy (DOW 31078000)
  [92/812] Boiler (DOW 31110100)
  [93/812] Bosley (DOW 31040300)
  [94/812] Bower (DOW 31005200)
  [95/812] Bowstring (DOW 31081300)
  [96/812] Boy (DOW 31062300)
  [97/812] Bray (DOW 31014700)
  [98/812] Brown (DOW 31042500)
  [99/812] Brown (DOW 31047600)
  [100/812] Brown (DOW 31042600)
  [101/812] Bruce (DOW 31132100)
  [102/812] Brush (DOW 31080600)
  [103/812] Brush Shanty (DOW 31051400)
  [104/812] Buck (DOW 31027000)
  [105/812] Buck (DOW 31034000)
  [106/812] Buck (DOW 31006900)
  [107/812] Buckeye (DOW 31038600)
  [108/812] Buckeye Pit (DOW 31132501)
  [109/812] Buckman (DOW 31027200)
  [110/812] Bug (DOW 31084100)
  [111/812] Bullhead (DOW 31008500)
  [112/812] Burns (DOW 31065400)
  [113/812] Burnt Shanty (DOW 31042400)
  [114/812] Burr (DOW 31069100)
  [115/812] Burrows (DOW 31041300)
  [116/812] Bustic (DOW 31071300)
  [117/812] Busties (DOW 31053000)
  [118/812] Butterfinger (DOW 31061900)
  [119/812] Button Box (DOW 31017500)
  [120/812] Cad (DOW 31065500)
  [121/812] Callahan (DOW 31073700)
