
[34/87] Fetching Kandiyohi County...
  Found 172 lakes.
  [1/172] Alvig (DOW 34012000)
  [2/172] Andrew (DOW 34020600)
  [3/172] Anemone Pond (DOW 34065000)
  [4/172] Bass (DOW 34007800)
  [5/172] Bear (DOW 34014800)
  [6/172] Big Kandiyohi (DOW 34008600)
  [7/172] Blaamyhre (DOW 34034500)
  [8/172] Bonde Pond (DOW 34062500)
  [9/172] Boulder Pond (DOW 34065100)
  [10/172] Brenner (DOW 34033900)
  [11/172] Bunning (DOW 34028800)
  [12/172] Burr Oak (DOW 34013900)
  [13/172] Calhoun (DOW 34006200)
  [14/172] Candy Pond (DOW 34064600)
  [15/172] Carlson (DOW 34019900)
  [16/172] Carlson (DOW 34011400)
  [17/172] Carlson (DOW 34020300)
  [18/172] Carrie (DOW 34003200)
  [19/172] Cedar Island (DOW 34015300)
  [20/172] Cherry (DOW 34007300)
  [21/172] Church (DOW 34029200)
  [22/172] Combs Pond (DOW 34063700)
  [23/172] Crook (DOW 34021800)
  [24/172] Crook (DOW 34035700)
  [25/172] Crow River Mill Pond (East) (DOW 34015803)
  [26/172] Crow River Mill Pond (Middle) (DOW 34015804)
  [27/172] Crow River Mill Pond (West) (DOW 34015805)
  [28/172] Deer (DOW 34034400)
  [29/172] Dia Linn (DOW 34042100)
  [30/172] Diamond (DOW 34004400)
  [31/172] Downs (DOW 34012200)
  [32/172] Eagle (DOW 34017100)
  [33/172] East Solomon (DOW 34024600)
  [34/172] East Sunburg (DOW 34033600)
  [35/172] East Sunburg (east of T.H. 104) (DOW 34033602)
  [36/172] East Sunburg (west of T.H. 104) (DOW 34033601)
  [37/172] East Twin (DOW 34011500)
  [38/172] Effluent Pond (DOW 34064500)
  [39/172] Eight (DOW 34014600)
  [40/172] Eleanor (DOW 34009700)
  [41/172] Elizabeth (DOW 34002202)
  [42/172] Elizabeth (NW Wetland) (DOW 34002201)
  [43/172] Elkhorn (DOW 34011900)
  [44/172] Elkhorn Pond (DOW 34062400)
  [45/172] Ella (DOW 34003300)
  [46/172] Fischer Unit Pond (DOW 34062900)
  [47/172] Fish (DOW 34022500)
  [48/172] Fladeboe (DOW 34061300)
  [49/172] Fladeboe Slough (DOW 34037200)
  [50/172] Florida (DOW 34021700)
  [51/172] Florida Slough (DOW 34020400)
  [52/172] Florida Slough (DOW 34020500)
  [53/172] Foot (DOW 34018100)
  [54/172] Fudge Pond (DOW 34064800)
  [55/172] Games (DOW 34022400)
  [56/172] George (DOW 34014200)
  [57/172] Gewain North (DOW 34062700)
  [58/172] Gewain South (DOW 34062800)
  [59/172] Gina (DOW 34012600)
  [60/172] Gjerkes Pond (DOW 34064300)
  [61/172] Glenns Pond (DOW 34064100)
  [62/172] Glesne (DOW 34035200)
  [63/172] Green (DOW 34007900)
  [64/172] Harley Pond (DOW 34064200)
  [65/172] Harold Pond (DOW 34064000)
  [66/172] Harry Pond (DOW 34063900)
  [67/172] Hawick Creamery Slough (DOW 34006900)
  [68/172] Hefta (DOW 34034700)
  [69/172] Henchien (DOW 34020700)
  [70/172] Henderson (DOW 34011600)
  [71/172] Henjum (DOW 34031600)
  [72/172] Holstad (DOW 34015001)
  [73/172] Hubbard (DOW 34005400)
  [74/172] Hystad (DOW 34022700)
  [75/172] Hystad Slough (DOW 34042300)
  [76/172] Jesse (DOW 34006000)
  [77/172] Johnson (DOW 34044000)
  [78/172] Johnson (DOW 34001200)
  [79/172] Kasota (DOW 34010500)
  [80/172] King (DOW 34019500)
  [81/172] Knutsons (DOW 34030600)
  [82/172] Lake Monongalia - main basin (DOW 34015801)
  [83/172] Lake Monongalia - Middle Fork Crow River (DOW 34015802)
  [84/172] Larson Pond (DOW 34064400)
  [85/172] Lillian (DOW 34007200)
  [86/172] Lindgren (DOW 34029400)
  [87/172] Little Kandiyohi (DOW 34009600)
  [88/172] Long (DOW 34019200)
  [89/172] Long (DOW 34006600)
  [90/172] Mallet Pond (DOW 34064900)
  [91/172] Mamre (DOW 34028700)
  [92/172] Mary (DOW 34024900)
  [93/172] Middle (DOW 34020800)
  [94/172] Minnetaga (DOW 34007600)
  [95/172] Monongalia Lake (DOW 34015800)
  [96/172] Mortenson (DOW 34015002)
  [97/172] Mud (DOW 34002100)
  [98/172] Nest (DOW 34015400)
  [99/172] New London Hatchery Pond 1 (DOW 34062601)
  [100/172] New London Hatchery Pond 10 (DOW 34062610)
  [101/172] New London Hatchery Pond 11 (DOW 34062611)
  [102/172] New London Hatchery Pond 12 (DOW 34062612)
  [103/172] New London Hatchery Pond 13 (DOW 34062613)
  [104/172] New London Hatchery Pond 2 (DOW 34062602)
  [105/172] New London Hatchery Pond 3 (DOW 34062603)
  [106/172] New London Hatchery Pond 4 (DOW 34062604)
  [107/172] New London Hatchery Pond 5 (DOW 34062605)
  [108/172] New London Hatchery Pond 6 (DOW 34062606)
  [109/172] New London Hatchery Pond 7 (DOW 34062607)
  [110/172] New London Hatchery Pond 8 (DOW 34062608)
  [111/172] New London Hatchery Pond 9 (DOW 34062609)
  [112/172] New London Hatchery Ponds 14 (DOW 34062614)
  [113/172] New London Hatchery Ponds 15 (DOW 34062615)
  [114/172] New London Hatchery Ponds 16 (DOW 34062616)
  [115/172] New London Hatchery Ponds 17 (DOW 34062617)
  [116/172] Norstedt (DOW 34021600)
  [117/172] Norway (DOW 34025100)
  [118/172] Norway (Northwest) (DOW 34025101)
  [119/172] Norway (Southern) (DOW 34025102)
  [120/172] Ogdahls East (DOW 34063300)
