
[70/87] Fetching Scott County...
  Found 75 lakes.
  [1/75] Ahlswede (DOW 70013200)
  [2/75] Beason (DOW 70034000)
  [3/75] Blue (DOW 70008800)
  [4/75] Boiling Springs Pond (DOW 70034100)
  [5/75] Browns (DOW 70013300)
  [6/75] Buck (DOW 70006500)
  [7/75] Campbell (DOW 70005600)
  [8/75] Cate's or Hidden (DOW 70001800)
  [9/75] Cedar (DOW 70009100)
  [10/75] Cleary (DOW 70002200)
  [11/75] Coop Pond (DOW 70033900)
  [12/75] Crystal (DOW 70006100)
  [13/75] Cynthia (DOW 70005200)
  [14/75] Dave Pond (DOW 70035600)
  [15/75] Dean (DOW 70007400)
  [16/75] Dean (Main Lake) (DOW 70007401)
  [17/75] Dean (Outlet Bay) (DOW 70007402)
  [18/75] Drewes Pond (DOW 70035400)
  [19/75] Duck (DOW 70000300)
  [20/75] Ed Pond (DOW 70035500)
  [21/75] Featherstone (DOW 70026000)
  [22/75] Fish (DOW 70006900)
  [23/75] Fisher (DOW 70008700)
  [24/75] Geis (DOW 70011000)
  [25/75] Gifford (DOW 70011800)
  [26/75] Goose (DOW 70000200)
  [27/75] Gretchen Pond (DOW 70035800)
  [28/75] Hanrahan (DOW 70001900)
  [29/75] Henry Pond (DOW 70034600)
  [30/75] Hickey (DOW 70009000)
  [31/75] Hilgenberg Pond (DOW 70034700)
  [32/75] Horseshoe (DOW 70013400)
  [33/75] Howard (DOW 70007300)
  [34/75] John Pond (DOW 70035700)
  [35/75] Kane (DOW 70002400)
  [36/75] Keup's (DOW 70007900)
  [37/75] Krenz (DOW 70000900)
  [38/75] Lennon (DOW 70003500)
  [39/75] Louisville Swamp (DOW 70020900)
  [40/75] Lower Prior (DOW 70002600)
  [41/75] Markley (DOW 70002100)
  [42/75] McColl Pond (DOW 70001700)
  [43/75] McMahon (DOW 70005000)
  [44/75] Michelle Pond (DOW 70035100)
  [45/75] Mill Pond (DOW 70011300)
  [46/75] Mitchell (DOW 70012800)
  [47/75] Murphy (DOW 70001000)
  [48/75] Nash (DOW 70004300)
  [49/75] North Twin (DOW 70025901)
  [50/75] O'Dowd (DOW 70009500)
  [51/75] Pike (DOW 70007600)
  [52/75] Pleasant (DOW 70009800)
  [53/75] Potters (DOW 70032800)
  [54/75] Quarry (DOW 70034300)
  [55/75] Rice (DOW 70000100)
  [56/75] Rice (DOW 70002500)
  [57/75] Rice (DOW 70006000)
  [58/75] Ruehlings Pond (DOW 70034500)
  [59/75] Sarge Pond (DOW 70035900)
  [60/75] Schneider (DOW 70012002)
  [61/75] Shakopee Lions Pond (DOW 70034200)
  [62/75] Shakopee Memorial Pond (DOW 70025300)
  [63/75] South Twin (DOW 70025902)
  [64/75] Spring (DOW 70005400)
  [65/75] St. Catherine (DOW 70002900)
  [66/75] Steve Pond (DOW 70035000)
  [67/75] St. Patricks Marsh (DOW 70003900)
  [68/75] Strunks (DOW 70011600)
  [69/75] Sutton (DOW 70009400)
  [70/75] Swamp (DOW 70011100)
  [71/75] Sweetbrier (DOW 70029400)
  [72/75] Theis-Bendzick Pond (DOW 70034400)
  [73/75] Thole (DOW 70012001)
  [74/75] Upper Prior (DOW 70007200)
  [75/75] Vallez Fish Pond (DOW 70034900)
  Done with Scott County.

[71/87] Fetching Sherburne County...
  Found 83 lakes.
  [1/83] Ann (DOW 71006900)
  [2/83] Becker Pond (DOW 71039300)
  [3/83] Beulah Pond (DOW 71010100)
  [4/83] Big (DOW 71008200)
  [5/83] Big Mud (DOW 71008500)
  [6/83] Birch (DOW 71005700)
  [7/83] Blacks (DOW 71009700)
  [8/83] Boyd (DOW 71011800)
  [9/83] Briggs (DOW 71014600)
  [10/83] Bucks (DOW 71009300)
  [11/83] Camp (DOW 71012300)
  [12/83] Cantlin (DOW 71004100)
  [13/83] Cater (DOW 71015700)
  [14/83] Clear (DOW 71015300)
  [15/83] Clear Lake City Pond (DOW 71012002)
  [16/83] Clear Pond (DOW 71039000)
  [17/83] Clitty (DOW 71011600)
  [18/83] Crescent (DOW 71013200)
  [19/83] Crescent 1 Pond (DOW 71038900)
  [20/83] Crescent 2 Pond (DOW 71039100)
  [21/83] Diann (DOW 71004600)
  [22/83] Dodd's Quarry #20 (DOW 71021100)
  [23/83] Duck Pond (DOW 71010800)
  [24/83] Duffy (DOW 71010700)
  [25/83] Dugout Pond (DOW 71040200)
  [26/83] Eagle (DOW 71000800)
  [27/83] Eagle (DOW 71006700)
  [28/83] East Hunter (DOW 71002300)
  [29/83] Eilers (DOW 71011900)
  [30/83] Elbow Pond (DOW 71039800)
  [31/83] Elk (DOW 71005500)
  [32/83] Elk (DOW 71014100)
  [33/83] Elk Pond (DOW 71039400)
  [34/83] Fish (DOW 71015000)
  [35/83] Forest Pond (DOW 71036900)
  [36/83] Fredrickson Slough (DOW 71011000)
  [37/83] Fremont (DOW 71001600)
  [38/83] Helene (DOW 71004500)
  [39/83] Hiccup (DOW 71040000)
  [40/83] Hidden (DOW 71009400)
  [41/83] Hidden Pond (DOW 71039200)
  [42/83] Jim (DOW 71011100)
  [43/83] Johnson Slough (DOW 71008400)
  [44/83] Jones (DOW 71012900)
  [45/83] Josephine (DOW 71006800)
  [46/83] Julia (DOW 71014500)
  [47/83] Keller (DOW 71008300)
  [48/83] Lake of the Woods (DOW 71005300)
  [49/83] Lions Park Pond (DOW 71038800)
  [50/83] Little Diamond (DOW 71004400)
  [51/83] Long (DOW 71015900)
  [52/83] Long Pond (DOW 71003600)
  [53/83] Lower Orono (DOW 71001302)
  [54/83] Marsh Pond (DOW 71020003)
  [55/83] Masford (DOW 71012600)
  [56/83] Mitchell (DOW 71008100)
  [57/83] Mud (DOW 71005600)
  [58/83] Mud (DOW 71003900)
  [59/83] North bay (DOW 71020001)
  [60/83] Orono (DOW 71001300)
  [61/83] Pickerel (DOW 71015800)
  [62/83] Prairie (DOW 71012500)
  [63/83] Prairie Hill (DOW 71003100)
  [64/83] Rice (DOW 71001500)
  [65/83] Rice (DOW 71007800)
  [66/83] Rice (DOW 71014200)
  [67/83] Round (DOW 71016700)
  [68/83] Rush (DOW 71014700)
  [69/83] Sandy (DOW 71004000)
  [70/83] Stallion (DOW 71039900)
  [71/83] Stickney (DOW 71014900)
  [72/83] Stone (DOW 71002900)
  [73/83] Strand (DOW 71009500)
  [74/83] Thompson (DOW 71009600)
  [75/83] Trout Brook Pond (DOW 71040100)
  [76/83] Trout Pond 1 (DOW 71039500)
  [77/83] Trout Pond 2 (DOW 71039600)
  [78/83] Trout Pond 3 (DOW 71039700)
  [79/83] Twin (DOW 71000200)
  [80/83] Twin (DOW 71000100)
  [81/83] Upper Orono (DOW 71001301)
  [82/83] West Hunter (DOW 71002200)
  [83/83] Wood (DOW 71009800)
  Done with Sherburne County.

[72/87] Fetching Sibley County...
  Found 30 lakes.
  [1/30] Altnow (DOW 72003900)
  [2/30] Beatty (DOW 72004100)
  [3/30] Bucks (DOW 72001100)
  [4/30] Clear (DOW 72008900)
  [5/30] Curran (DOW 72002300)
  [6/30] Duff (DOW 72003800)
  [7/30] Grundmeyer Pothole (DOW 72009100)
  [8/30] Hahn (DOW 72005400)
  [9/30] High Island (DOW 72005000)
  [10/30] High Island (Main Basin) (DOW 72005001)
  [11/30] High Island (Thin S Bay) (DOW 72005002)
  [12/30] Hillstrom (DOW 72000800)
  [13/30] Indian (DOW 72006600)
  [14/30] Kerry (DOW 72000600)
  [15/30] Kirby (DOW 72004700)
  [16/30] Mud (DOW 72005500)
  [17/30] Mud (DOW 72009500)
  [18/30] Mud (DOW 72005100)
  [19/30] Mud (DOW 72005700)
  [20/30] Mud (DOW 72004500)
  [21/30] Rice (DOW 72003600)
  [22/30] Sand (DOW 72006900)
  [23/30] Schauer (DOW 72002500)
  [24/30] Schilling (DOW 72004900)
  [25/30] Severance (DOW 72003000)
  [26/30] Silver (DOW 72001300)
  [27/30] Swan (DOW 72009300)
  [28/30] Titlow (DOW 72004200)
  [29/30] Washington (DOW 72001700)
  [30/30] Weimann (DOW 72004000)
  Done with Sibley County.

[73/87] Fetching Stearns County...
  Found 256 lakes.
  [1/256] Achman (DOW 73012500)
  [2/256] Anna (DOW 73012600)
  [3/256] Apollo Pond (DOW 73072200)
  [4/256] Backes (DOW 73017000)
  [5/256] Bakers (DOW 73003100)
  [6/256] Bankers (DOW 73028600)
  [7/256] Bear (DOW 73019000)
  [8/256] Beautiful (DOW 73019300)
  [9/256] Beaver (DOW 73002300)
  [10/256] Becker (DOW 73015600)
  [11/256] Benzy Quarry (DOW 73071900)
  [12/256] Big (DOW 73015900)
  [13/256] Big Fish (DOW 73010600)
  [14/256] Big Rice (DOW 73016800)
  [15/256] Big Spunk (DOW 73011700)
  [16/256] Big Watab (DOW 73010200)
  [17/256] Birch Pond (DOW 73074600)
  [18/256] Black Oak (DOW 73024100)
  [19/256] Bolfing (DOW 73008800)
  [20/256] Brady Pond (DOW 73076200)
  [21/256] Bunt (DOW 73001000)
  [22/256] Byer (DOW 73008500)
  [23/256] Byer Pond (DOW 73074300)
  [24/256] Carnelian (DOW 73003800)
  [25/256] Carter (DOW 73003600)
  [26/256] Cedar (DOW 73025500)
  [27/256] Cedar (DOW 73022600)
  [28/256] Cedar Island (DOW 73013300)
  [29/256] Cedar Island (East Lk) (DOW 73013304)
  [30/256] Cedar Island (Koetter Lk) (DOW 73013303)
  [31/256] Cedar Island (Little) (DOW 73013305)
  [32/256] Cedar Island (Main Bay) (DOW 73013301)
  [33/256] Cedar Island (Mud Lk) (DOW 73013302)
  [34/256] Clear (DOW 73017200)
  [35/256] Corner Pond (DOW 73073200)
  [36/256] Crooked (DOW 73000600)
  [37/256] Crooked Pond (DOW 73074400)
  [38/256] Crow (DOW 73027900)
  [39/256] Dallas (DOW 73000100)
  [40/256] Davenport (DOW 73003200)
  [41/256] Days (DOW 73004300)
  [42/256] Deep (DOW 73014100)
  [43/256] Doll Pond (DOW 73061400)
  [44/256] Dozer Pond (DOW 73076900)
  [45/256] Dullinger (DOW 73010300)
  [46/256] Dynamite Pond (DOW 73076400)
  [47/256] Eagle (DOW 73011200)
  [48/256] Eden (DOW 73015000)
  [49/256] Eggert (DOW 73016200)
  [50/256] Eleven Quarry (DOW 73070300)
  [51/256] Ellering (DOW 73024400)
  [52/256] Englemein (DOW 73013700)
  [53/256] Farm Pond (DOW 73073300)
  [54/256] Feather Pond (DOW 73038601)
  [55/256] Feldges (DOW 73000200)
  [56/256] Fiecke Marsh (DOW 73004700)
  [57/256] Fifteen Quarry (DOW 73071600)
  [58/256] Fifth (DOW 73018000)
  [59/256] Fink (DOW 73007800)
  [60/256] Fish (DOW 73019100)
  [61/256] Fish (DOW 73028100)
  [62/256] Fourteen Quarry (DOW 73071500)
  [63/256] Freeport (DOW 73021800)
  [64/256] Frevels (DOW 73021000)
  [65/256] Fuller (DOW 73001200)
  [66/256] Ganzer (DOW 73014200)
  [67/256] George (DOW 73025800)
  [68/256] George (DOW 73061100)
  [69/256] Getchell (DOW 73021700)
  [70/256] Getchell Pond (DOW 73073700)
  [71/256] Goodner Pond (DOW 73074000)
  [72/256] Goodners (DOW 73007600)
  [73/256] Grand (DOW 73005500)
  [74/256] Grass (DOW 73029400)
  [75/256] Gravel (DOW 73020400)
  [76/256] Great Northern (DOW 73008300)
  [77/256] Green Pond (DOW 73075100)
  [78/256] Halvorson (DOW 73028200)
  [79/256] Hartnett (DOW 73025300)
  [80/256] Haus Marsh (DOW 73006000)
  [81/256] Henry (DOW 73016000)
  [82/256] Henry (DOW 73023700)
  [83/256] Heritage Center Ponds (DOW 73075200)
  [84/256] Hinz (DOW 73000500)
  [85/256] Hoboken Pond (DOW 73075000)
  [86/256] Horseshoe (DOW 73015700)
  [87/256] Horseshoe Quarry (DOW 73071400)
  [88/256] Hulbert (DOW 73000800)
  [89/256] Interstate Pond (DOW 73074700)
  [90/256] Isabelle (DOW 73023900)
  [91/256] Isabelle (DOW 73026500)
  [92/256] Island (DOW 73010400)
  [93/256] Island (DOW 73004200)
  [94/256] Japp (DOW 73016500)
  [95/256] Jeremy Pond (DOW 73075800)
  [96/256] Jezierski Pond (DOW 73076000)
  [97/256] Kabe Pond (DOW 73070200)
  [98/256] Kalla (DOW 73010000)
  [99/256] Kenneth Pond (DOW 73075900)
  [100/256] Kepper (DOW 73012400)
  [101/256] Kimball Pond (DOW 73074200)
  [102/256] Kings (DOW 73023300)
  [103/256] Knaus (DOW 73008600)
  [104/256] Knuckle Pond (DOW 73038603)
  [105/256] Kody Pond (DOW 73075300)
  [106/256] Koop (DOW 73016600)
  [107/256] Koronis (main lake) (DOW 73020002)
  [108/256] Koronis Pond 2 (DOW 73073100)
  [109/256] Kraemer (DOW 73006400)
  [110/256] Kranz (DOW 73016900)
  [111/256] Krays (DOW 73008700)
  [112/256] Kreigle (DOW 73009700)
  [113/256] Lauer (DOW 73016300)
  [114/256] Laura (DOW 73002000)
  [115/256] Lawn (DOW 73020200)
  [116/256] Linneman (DOW 73012700)
  [117/256] Little Hartnette Pond (DOW 73074500)
  [118/256] Little Pelican (DOW 73012000)
  [119/256] Little Pine (DOW 73011900)
  [120/256] Little Rice (DOW 73016700)
  [121/256] Little Spunk Pond (DOW 73073400)
  [122/256] Little Watab (DOW 73010900)
  [123/256] Long (DOW 73000400)
  [124/256] Long (DOW 73023100)
  [125/256] Long (DOW 73013900)
  [126/256] Long (DOW 73010700)
  [127/256] Long (DOW 73010500)
  [128/256] Long Pond (DOW 73044202)
  [129/256] Loucille Pond (DOW 73075600)
  [130/256] Lovell (DOW 73021900)
  [131/256] Lower Spunk (DOW 73012300)
  [132/256] Lower Watab (DOW 73007100)
  [133/256] Lueken (DOW 73013100)
  [134/256] Luxemburg Pond (DOW 73074100)
  [135/256] Lynden (DOW 73001300)
  [136/256] Lynden (DOW 73000900)
  [137/256] Maria (DOW 73000300)
  [138/256] Maria (DOW 73021500)
  [139/256] Marie (DOW 73024300)
  [140/256] Marie (DOW 73001400)
  [141/256] Marty (DOW 73004900)
  [142/256] MaryMac Pond (DOW 73076300)
  [143/256] McCormic (DOW 73027300)
  [144/256] McKenny (DOW 73022100)
  [145/256] Melrose (DOW 73025100)
  [146/256] Melrose Deep Quarry (DOW 73070100)
  [147/256] Melrose (Northwest Basin) (DOW 73025102)
  [148/256] Melrose Red Quarry (DOW 73070400)
  [149/256] Melrose (Southeast Basin) (DOW 73025101)
  [150/256] Merdan Pond (DOW 73061200)
  [151/256] Meyers (DOW 73014300)
  [152/256] Middle Spunk (DOW 73012800)
  [153/256] Millwood (DOW 73023400)
  [154/256] Minnie (DOW 73009900)
  [155/256] Minnie (DOW 73012900)
  [156/256] Minnie Pond (DOW 73076700)
  [157/256] Moreno Pond (DOW 73076100)
  [158/256] Mud (DOW 73022000)
  [159/256] Mud (DOW 73020001)
  [160/256] Mud (DOW 73005900)
  [161/256] Mud (DOW 73022500)
  [162/256] Mud (DOW 73011000)
  [163/256] Mud (DOW 73016100)
  [164/256] Mud (DOW 73006800)
  [165/256] Mud (DOW 73017100)
  [166/256] Mud (DOW 73008100)
  [167/256] Mud (DOW 73014000)
  [168/256] Mud (DOW 73011100)
  [169/256] Mund (DOW 73002200)
  [170/256] Murray (DOW 73004400)
  [171/256] Narrow Pond (DOW 73076500)
  [172/256] Nine Quarry (DOW 73071100)
  [173/256] Nineteen Quarry (DOW 73072000)
  [174/256] North (DOW 73017700)
  [175/256] North Brown's (DOW 73014700)
  [176/256] North Wolf (DOW 73022800)
  [177/256] Oberg Quarry (DOW 73070600)
  [178/256] Ochotto (DOW 73012200)
  [179/256] Otter (DOW 73001500)
  [180/256] Paddy Pond (DOW 73038602)
  [181/256] Pasture Pond (DOW 73072700)
  [182/256] Pearl (DOW 73003700)
  [183/256] Pelican (DOW 73011800)
  [184/256] Pflueger (DOW 73009300)
  [185/256] Pine (DOW 73013600)
  [186/256] Pirz (DOW 73014400)
  [187/256] Pitts (DOW 73009800)
  [188/256] Pleasant (DOW 73005100)
  [189/256] Quinn (DOW 73000700)
  [190/256] Rausch (DOW 73005700)
  [191/256] Raymond (DOW 73028500)
  [192/256] Red Oak (DOW 73021600)
  [193/256] Rice (DOW 73019600)
  [194/256] Rice NPSA (DOW 73072400)
  [195/256] Rice Pond 2 (DOW 73072800)
  [196/256] Roadside Pond (DOW 73073500)
  [197/256] Rockpile Pond (DOW 73076800)
  [198/256] Rockville (DOW 73005200)
  [199/256] Rockville Pond (DOW 73072600)
  [200/256] Rolling (DOW 73023200)
  [201/256] Roschien (DOW 73015500)
  [202/256] Rossier (DOW 73007200)
  [203/256] Round Pond (DOW 73073600)
  [204/256] Sagatagan (DOW 73009200)
  [205/256] Samantha Pond (DOW 73075400)
  [206/256] Sand (DOW 73017500)
  [207/256] Sand (DOW 73013400)
  [208/256] Sand (DOW 73019900)
  [209/256] Sand (DOW 73013500)
  [210/256] Sauk Pond (DOW 73073900)
  [211/256] Schmid (DOW 73010100)
  [212/256] Schneider (DOW 73008200)
  [213/256] School (DOW 73017300)
  [214/256] School (DOW 73008000)
  [215/256] School Section (DOW 73003500)
  [216/256] Schroeder (DOW 73015800)
  [217/256] Schuman (DOW 73009600)
  [218/256] Schwinghammer (DOW 73017800)
  [219/256] Seventeen Quarry (DOW 73071800)
  [220/256] Shackman (DOW 73007900)
  [221/256] Shoe Pond (DOW 73076600)
  [222/256] Sixteen Quarry (DOW 73071700)
  [223/256] South Brown's (DOW 73014800)
  [224/256] South Twin (DOW 73027600)
  [225/256] St. Anna (DOW 73018300)
  [226/256] Stommes (DOW 73006500)
  [227/256] St. Rosa Pond (DOW 73073800)
  [228/256] Stub (DOW 73025200)
  [229/256] Stulens Pond (DOW 73073000)
  [230/256] Stump (DOW 73009100)
  [231/256] Swamp (DOW 73022900)
  [232/256] Swamp (DOW 73004800)
  [233/256] Swamp (DOW 73006900)
  [234/256] Sylvia (DOW 73024900)
  [235/256] Tamarack (DOW 73027800)
  [236/256] Tamarack (DOW 73044300)
  [237/256] Tawny Pond (DOW 73075500)
  [238/256] Ten Quarry (DOW 73071200)
  [239/256] Thein (DOW 73013200)
  [240/256] Thielman Quarry (DOW 73070900)
  [241/256] Tiny Pond (DOW 73074800)
  [242/256] Trabetusky Quarry (DOW 73071000)
  [243/256] Tschumperlin (DOW 73009000)
  [244/256] Twelve Quarry (DOW 73071300)
  [245/256] Twin Pond (DOW 73074900)
  [246/256] Two Rivers (DOW 73013800)
  [247/256] Uhlenkolts (DOW 73020800)
  [248/256] Vails (DOW 73015100)
  [249/256] Voss (DOW 73018500)
  [250/256] Warner (DOW 73001100)
  [251/256] Watab (DOW 73007000)
  [252/256] Wheezy Pond (DOW 73075700)
  [253/256] Willow (DOW 73003400)
  [254/256] Wolf (DOW 73032800)
  [255/256] Zimmer Pond (DOW 73061300)
  [256/256] Zumwalde (DOW 73008900)
  Done with Stearns County.

All counties complete.
  lake_survey_data/all_counties_catch_summaries_9.csv
  lake_survey_data/all_counties_length_distributions_9.csv
  lake_survey_data/all_counties_lakes_9.csv
DONE
